{"meta": {"format": 3, "version": "7.13.1", "timestamp": "2026-01-12T11:38:43.658513", "branch_coverage": true, "show_contexts": false}, "files": {"src/pynotebooklm/__init__.py": {"executed_lines": [8, 9, 10, 11, 12, 27, 39, 48, 58, 59, 68, 69, 70, 71, 79, 81], "summary": {"covered_lines": 16, "num_statements": 16, "percent_covered": 100.0, "percent_covered_display": "100", "missing_lines": 0, "excluded_lines": 0, "percent_statements_covered": 100.0, "percent_statements_covered_display": "100", "num_branches": 0, "num_partial_branches": 0, "covered_branches": 0, "missing_branches": 0, "percent_branches_covered": 100.0, "percent_branches_covered_display": "100"}, "missing_lines": [], "excluded_lines": [], "executed_branches": [], "missing_branches": [], "functions": {"": {"executed_lines": [8, 9, 10, 11, 12, 27, 39, 48, 58, 59, 68, 69, 70, 71, 79, 81], "summary": {"covered_lines": 16, "num_statements": 16, "percent_covered": 100.0, "percent_covered_display": "100", "missing_lines": 0, "excluded_lines": 0, "percent_statements_covered": 100.0, "percent_statements_covered_display": "100", "num_branches": 0, "num_partial_branches": 0, "covered_branches": 0, "missing_branches": 0, "percent_branches_covered": 100.0, "percent_branches_covered_display": "100"}, "missing_lines": [], "excluded_lines": [], "start_line": 1, "executed_branches": [], "missing_branches": []}}, "classes": {"": {"executed_lines": [8, 9, 10, 11, 12, 27, 39, 48, 58, 59, 68, 69, 70, 71, 79, 81], "summary": {"covered_lines": 16, "num_statements": 16, "percent_covered": 100.0, "percent_covered_display": "100", "missing_lines": 0, "excluded_lines": 0, "percent_statements_covered": 100.0, "percent_statements_covered_display": "100", "num_branches": 0, "num_partial_branches": 0, "covered_branches": 0, "missing_branches": 0, "percent_branches_covered": 100.0, "percent_branches_covered_display": "100"}, "missing_lines": [], "excluded_lines": [], "start_line": 1, "executed_branches": [], "missing_branches": []}}}, "src/pynotebooklm/__main__.py": {"executed_lines": [1, 3, 4], "summary": {"covered_lines": 3, "num_statements": 3, "percent_covered": 100.0, "percent_covered_display": "100", "missing_lines": 0, "excluded_lines": 0, "percent_statements_covered": 100.0, "percent_statements_covered_display": "100", "num_branches": 2, "num_partial_branches": 0, "covered_branches": 2, "missing_branches": 0, "percent_branches_covered": 100.0, "percent_branches_covered_display": "100"}, "missing_lines": [], "excluded_lines": [], "executed_branches": [[3, -1], [3, 4]], "missing_branches": [], "functions": {"": {"executed_lines": [1, 3, 4], "summary": {"covered_lines": 3, "num_statements": 3, "percent_covered": 100.0, "percent_covered_display": "100", "missing_lines": 0, "excluded_lines": 0, "percent_statements_covered": 100.0, "percent_statements_covered_display": "100", "num_branches": 2, "num_partial_branches": 0, "covered_branches": 2, "missing_branches": 0, "percent_branches_covered": 100.0, "percent_branches_covered_display": "100"}, "missing_lines": [], "excluded_lines": [], "start_line": 1, "executed_branches": [[3, -1], [3, 4]], "missing_branches": []}}, "classes": {"": {"executed_lines": [1, 3, 4], "summary": {"covered_lines": 3, "num_statements": 3, "percent_covered": 100.0, "percent_covered_display": "100", "missing_lines": 0, "excluded_lines": 0, "percent_statements_covered": 100.0, "percent_statements_covered_display": "100", "num_branches": 2, "num_partial_branches": 0, "covered_branches": 2, "missing_branches": 0, "percent_branches_covered": 100.0, "percent_branches_covered_display": "100"}, "missing_lines": [], "excluded_lines": [], "start_line": 1, "executed_branches": [[3, -1], [3, 4]], "missing_branches": []}}}, "src/pynotebooklm/api.py": {"executed_lines": [8, 9, 10, 11, 13, 18, 19, 21, 29, 30, 31, 32, 33, 36, 37, 38, 39, 42, 43, 44, 47, 48, 49, 50, 51, 54, 55, 56, 59, 72, 79, 85, 95, 96, 102, 103, 104, 106, 108, 121, 124, 129, 131, 145, 147, 148, 152, 153, 155, 156, 159, 174, 176, 177, 181, 182, 183, 184, 187, 201, 203, 204, 208, 209, 210, 211, 218, 222, 225, 226, 228, 229, 233, 234, 235, 236, 237, 238, 241, 245, 248, 249, 250, 254, 255, 257, 258, 262, 263, 264, 265, 266, 268, 285, 286, 290, 291, 295, 296, 297, 298, 299, 301, 305, 309, 322, 324, 325, 329, 330, 331, 332, 333, 335, 338, 355, 356, 358, 359, 362, 363, 365, 381, 383, 384, 388, 389, 390, 391, 392, 393, 398, 408, 410, 415, 416, 417, 423, 433, 439, 440, 441, 442, 444, 450, 471, 474, 477, 486, 487, 488, 490, 491, 492, 495, 496, 497, 498, 499, 500, 503, 510, 511, 513, 518, 528, 530, 538, 540, 541, 542, 544, 545, 550, 551, 553, 555, 556, 557, 559, 561, 562, 563, 565, 572, 576, 577, 578, 580, 582, 585, 587, 589, 590, 592, 594, 595, 597, 598, 599, 600, 602, 603, 604, 605, 614, 615, 616, 618, 628, 636, 639, 641, 642, 644, 645, 646, 647, 648, 653, 655, 657, 658, 659, 662, 665, 675, 676, 678, 679, 682, 683, 686, 687, 690, 691, 693, 694, 695, 696, 699, 700, 703, 704, 705, 706, 707, 710, 712, 722, 732, 733, 736, 737, 738, 740, 742, 745, 746, 748, 750, 752, 753, 754, 755, 756, 757, 758, 760, 763, 764, 767, 768, 769, 770, 771, 772, 773, 775], "summary": {"covered_lines": 279, "num_statements": 288, "percent_covered": 93.78238341968913, "percent_covered_display": "94", "missing_lines": 9, "excluded_lines": 0, "percent_statements_covered": 96.875, "percent_statements_covered_display": "97", "num_branches": 98, "num_partial_branches": 15, "covered_branches": 83, "missing_branches": 15, "percent_branches_covered": 84.6938775510204, "percent_branches_covered_display": "85"}, "missing_lines": [157, 185, 212, 239, 396, 660, 661, 708, 709], "excluded_lines": [], "executed_branches": [[102, 103], [102, 106], [155, 156], [183, 184], [210, 211], [235, 236], [235, 237], [237, 238], [249, 250], [249, 254], [264, 265], [264, 266], [297, 298], [297, 299], [331, 332], [331, 333], [338, 355], [338, 362], [356, 358], [358, 359], [390, 391], [391, 392], [391, 393], [415, 416], [415, 417], [439, 440], [439, 444], [441, 439], [441, 442], [498, 499], [541, 542], [590, 592], [594, 595], [594, 628], [595, 597], [603, 604], [603, 605], [605, 614], [605, 615], [615, 616], [615, 618], [641, 642], [641, 644], [646, 647], [646, 648], [648, 653], [648, 655], [655, 657], [655, 662], [657, 658], [657, 659], [675, 676], [675, 678], [678, 679], [678, 682], [690, 691], [690, 699], [693, 694], [695, 696], [703, 704], [704, 705], [704, 710], [732, 733], [732, 736], [737, 738], [737, 740], [748, 750], [748, 767], [752, 753], [753, 754], [753, 755], [755, 756], [755, 757], [757, 758], [757, 760], [763, 764], [763, 767], [768, 769], [768, 775], [770, 771], [770, 772], [772, 773], [772, 775]], "missing_branches": [[155, 157], [183, 185], [210, 212], [237, 239], [356, 362], [358, 362], [390, 396], [498, 500], [541, 544], [590, 628], [595, 594], [693, 695], [695, 699], [703, 712], [752, 763]], "functions": {"NotebookLMAPI.__init__": {"executed_lines": [79], "summary": {"covered_lines": 1, "num_statements": 1, "percent_covered": 100.0, "percent_covered_display": "100", "missing_lines": 0, "excluded_lines": 0, "percent_statements_covered": 100.0, "percent_statements_covered_display": "100", "num_branches": 0, "num_partial_branches": 0, "covered_branches": 0, "missing_branches": 0, "percent_branches_covered": 100.0, "percent_branches_covered_display": "100"}, "missing_lines": [], "excluded_lines": [], "start_line": 72, "executed_branches": [], "missing_branches": []}, "NotebookLMAPI.list_notebooks": {"executed_lines": [95, 96, 102, 103, 104, 106], "summary": {"covered_lines": 6, "num_statements": 6, "percent_covered": 100.0, "percent_covered_display": "100", "missing_lines": 0, "excluded_lines": 0, "percent_statements_covered": 100.0, "percent_statements_covered_display": "100", "num_branches": 2, "num_partial_branches": 0, "covered_branches": 2, "missing_branches": 0, "percent_branches_covered": 100.0, "percent_branches_covered_display": "100"}, "missing_lines": [], "excluded_lines": [], "start_line": 85, "executed_branches": [[102, 103], [102, 106]], "missing_branches": []}, "NotebookLMAPI.create_notebook": {"executed_lines": [121, 124, 129], "summary": {"covered_lines": 3, "num_statements": 3, "percent_covered": 100.0, "percent_covered_display": "100", "missing_lines": 0, "excluded_lines": 0, "percent_statements_covered": 100.0, "percent_statements_covered_display": "100", "num_branches": 0, "num_partial_branches": 0, "covered_branches": 0, "missing_branches": 0, "percent_branches_covered": 100.0, "percent_branches_covered_display": "100"}, "missing_lines": [], "excluded_lines": [], "start_line": 108, "executed_branches": [], "missing_branches": []}, "NotebookLMAPI.get_notebook": {"executed_lines": [145, 147, 148, 152, 153, 155, 156], "summary": {"covered_lines": 7, "num_statements": 8, "percent_covered": 80.0, "percent_covered_display": "80", "missing_lines": 1, "excluded_lines": 0, "percent_statements_covered": 87.5, "percent_statements_covered_display": "88", "num_branches": 2, "num_partial_branches": 1, "covered_branches": 1, "missing_branches": 1, "percent_branches_covered": 50.0, "percent_branches_covered_display": "50"}, "missing_lines": [157], "excluded_lines": [], "start_line": 131, "executed_branches": [[155, 156]], "missing_branches": [[155, 157]]}, "NotebookLMAPI.rename_notebook": {"executed_lines": [174, 176, 177, 181, 182, 183, 184], "summary": {"covered_lines": 7, "num_statements": 8, "percent_covered": 80.0, "percent_covered_display": "80", "missing_lines": 1, "excluded_lines": 0, "percent_statements_covered": 87.5, "percent_statements_covered_display": "88", "num_branches": 2, "num_partial_branches": 1, "covered_branches": 1, "missing_branches": 1, "percent_branches_covered": 50.0, "percent_branches_covered_display": "50"}, "missing_lines": [185], "excluded_lines": [], "start_line": 159, "executed_branches": [[183, 184]], "missing_branches": [[183, 185]]}, "NotebookLMAPI.delete_notebook": {"executed_lines": [201, 203, 204, 208, 209, 210, 211], "summary": {"covered_lines": 7, "num_statements": 8, "percent_covered": 80.0, "percent_covered_display": "80", "missing_lines": 1, "excluded_lines": 0, "percent_statements_covered": 87.5, "percent_statements_covered_display": "88", "num_branches": 2, "num_partial_branches": 1, "covered_branches": 1, "missing_branches": 1, "percent_branches_covered": 50.0, "percent_branches_covered_display": "50"}, "missing_lines": [212], "excluded_lines": [], "start_line": 187, "executed_branches": [[210, 211]], "missing_branches": [[210, 212]]}, "NotebookLMAPI.add_url_source": {"executed_lines": [222, 225, 226, 228, 229, 233, 234, 235, 236, 237, 238], "summary": {"covered_lines": 11, "num_statements": 12, "percent_covered": 87.5, "percent_covered_display": "88", "missing_lines": 1, "excluded_lines": 0, "percent_statements_covered": 91.66666666666667, "percent_statements_covered_display": "92", "num_branches": 4, "num_partial_branches": 1, "covered_branches": 3, "missing_branches": 1, "percent_branches_covered": 75.0, "percent_branches_covered_display": "75"}, "missing_lines": [239], "excluded_lines": [], "start_line": 218, "executed_branches": [[235, 236], [235, 237], [237, 238]], "missing_branches": [[237, 239]]}, "NotebookLMAPI.add_youtube_source": {"executed_lines": [245, 248, 249, 250, 254, 255, 257, 258, 262, 263, 264, 265, 266], "summary": {"covered_lines": 13, "num_statements": 13, "percent_covered": 100.0, "percent_covered_display": "100", "missing_lines": 0, "excluded_lines": 0, "percent_statements_covered": 100.0, "percent_statements_covered_display": "100", "num_branches": 4, "num_partial_branches": 0, "covered_branches": 4, "missing_branches": 0, "percent_branches_covered": 100.0, "percent_branches_covered_display": "100"}, "missing_lines": [], "excluded_lines": [], "start_line": 241, "executed_branches": [[249, 250], [249, 254], [264, 265], [264, 266]], "missing_branches": []}, "NotebookLMAPI.add_text_source": {"executed_lines": [285, 286, 290, 291, 295, 296, 297, 298, 299], "summary": {"covered_lines": 9, "num_statements": 9, "percent_covered": 100.0, "percent_covered_display": "100", "missing_lines": 0, "excluded_lines": 0, "percent_statements_covered": 100.0, "percent_statements_covered_display": "100", "num_branches": 2, "num_partial_branches": 0, "covered_branches": 2, "missing_branches": 0, "percent_branches_covered": 100.0, "percent_branches_covered_display": "100"}, "missing_lines": [], "excluded_lines": [], "start_line": 268, "executed_branches": [[297, 298], [297, 299]], "missing_branches": []}, "NotebookLMAPI.add_drive_source": {"executed_lines": [305, 309, 322, 324, 325, 329, 330, 331, 332, 333], "summary": {"covered_lines": 10, "num_statements": 10, "percent_covered": 100.0, "percent_covered_display": "100", "missing_lines": 0, "excluded_lines": 0, "percent_statements_covered": 100.0, "percent_statements_covered_display": "100", "num_branches": 2, "num_partial_branches": 0, "covered_branches": 2, "missing_branches": 0, "percent_branches_covered": 100.0, "percent_branches_covered_display": "100"}, "missing_lines": [], "excluded_lines": [], "start_line": 301, "executed_branches": [[331, 332], [331, 333]], "missing_branches": []}, "NotebookLMAPI._unwrap_add_source_response": {"executed_lines": [338, 355, 356, 358, 359, 362, 363], "summary": {"covered_lines": 7, "num_statements": 7, "percent_covered": 84.61538461538461, "percent_covered_display": "85", "missing_lines": 0, "excluded_lines": 0, "percent_statements_covered": 100.0, "percent_statements_covered_display": "100", "num_branches": 6, "num_partial_branches": 2, "covered_branches": 4, "missing_branches": 2, "percent_branches_covered": 66.66666666666667, "percent_branches_covered_display": "67"}, "missing_lines": [], "excluded_lines": [], "start_line": 335, "executed_branches": [[338, 355], [338, 362], [356, 358], [358, 359]], "missing_branches": [[356, 362], [358, 362]]}, "NotebookLMAPI.delete_source": {"executed_lines": [381, 383, 384, 388, 389, 390, 391, 392, 393], "summary": {"covered_lines": 9, "num_statements": 10, "percent_covered": 85.71428571428571, "percent_covered_display": "86", "missing_lines": 1, "excluded_lines": 0, "percent_statements_covered": 90.0, "percent_statements_covered_display": "90", "num_branches": 4, "num_partial_branches": 1, "covered_branches": 3, "missing_branches": 1, "percent_branches_covered": 75.0, "percent_branches_covered_display": "75"}, "missing_lines": [396], "excluded_lines": [], "start_line": 365, "executed_branches": [[390, 391], [391, 392], [391, 393]], "missing_branches": [[390, 396]]}, "NotebookLMAPI.list_drive_docs": {"executed_lines": [408, 410, 415, 416, 417], "summary": {"covered_lines": 5, "num_statements": 5, "percent_covered": 100.0, "percent_covered_display": "100", "missing_lines": 0, "excluded_lines": 0, "percent_statements_covered": 100.0, "percent_statements_covered_display": "100", "num_branches": 2, "num_partial_branches": 0, "covered_branches": 2, "missing_branches": 0, "percent_branches_covered": 100.0, "percent_branches_covered_display": "100"}, "missing_lines": [], "excluded_lines": [], "start_line": 398, "executed_branches": [[415, 416], [415, 417]], "missing_branches": []}, "NotebookLMAPI._extract_youtube_id": {"executed_lines": [433, 439, 440, 441, 442, 444], "summary": {"covered_lines": 6, "num_statements": 6, "percent_covered": 100.0, "percent_covered_display": "100", "missing_lines": 0, "excluded_lines": 0, "percent_statements_covered": 100.0, "percent_statements_covered_display": "100", "num_branches": 4, "num_partial_branches": 0, "covered_branches": 4, "missing_branches": 0, "percent_branches_covered": 100.0, "percent_branches_covered_display": "100"}, "missing_lines": [], "excluded_lines": [], "start_line": 423, "executed_branches": [[439, 440], [439, 444], [441, 439], [441, 442]], "missing_branches": []}, "NotebookLMAPI.query_notebook": {"executed_lines": [471, 474, 477, 486, 487, 488, 490, 491, 492, 495, 496, 497, 498, 499, 500, 503, 510, 511, 513, 518, 528], "summary": {"covered_lines": 21, "num_statements": 21, "percent_covered": 95.65217391304348, "percent_covered_display": "96", "missing_lines": 0, "excluded_lines": 0, "percent_statements_covered": 100.0, "percent_statements_covered_display": "100", "num_branches": 2, "num_partial_branches": 1, "covered_branches": 1, "missing_branches": 1, "percent_branches_covered": 50.0, "percent_branches_covered_display": "50"}, "missing_lines": [], "excluded_lines": [], "start_line": 450, "executed_branches": [[498, 499]], "missing_branches": [[498, 500]]}, "NotebookLMAPI.configure_chat": {"executed_lines": [538, 540, 541, 542, 544, 545, 550, 551], "summary": {"covered_lines": 8, "num_statements": 8, "percent_covered": 90.0, "percent_covered_display": "90", "missing_lines": 0, "excluded_lines": 0, "percent_statements_covered": 100.0, "percent_statements_covered_display": "100", "num_branches": 2, "num_partial_branches": 1, "covered_branches": 1, "missing_branches": 1, "percent_branches_covered": 50.0, "percent_branches_covered_display": "50"}, "missing_lines": [], "excluded_lines": [], "start_line": 530, "executed_branches": [[541, 542]], "missing_branches": [[541, 544]]}, "NotebookLMAPI.get_notebook_summary": {"executed_lines": [555, 556, 557], "summary": {"covered_lines": 3, "num_statements": 3, "percent_covered": 100.0, "percent_covered_display": "100", "missing_lines": 0, "excluded_lines": 0, "percent_statements_covered": 100.0, "percent_statements_covered_display": "100", "num_branches": 0, "num_partial_branches": 0, "covered_branches": 0, "missing_branches": 0, "percent_branches_covered": 100.0, "percent_branches_covered_display": "100"}, "missing_lines": [], "excluded_lines": [], "start_line": 553, "executed_branches": [], "missing_branches": []}, "NotebookLMAPI.get_source_guide": {"executed_lines": [561, 562, 563], "summary": {"covered_lines": 3, "num_statements": 3, "percent_covered": 100.0, "percent_covered_display": "100", "missing_lines": 0, "excluded_lines": 0, "percent_statements_covered": 100.0, "percent_statements_covered_display": "100", "num_branches": 0, "num_partial_branches": 0, "covered_branches": 0, "missing_branches": 0, "percent_branches_covered": 100.0, "percent_branches_covered_display": "100"}, "missing_lines": [], "excluded_lines": [], "start_line": 559, "executed_branches": [], "missing_branches": []}, "NotebookLMAPI.create_studio_artifact": {"executed_lines": [572, 576, 577, 578], "summary": {"covered_lines": 4, "num_statements": 4, "percent_covered": 100.0, "percent_covered_display": "100", "missing_lines": 0, "excluded_lines": 0, "percent_statements_covered": 100.0, "percent_statements_covered_display": "100", "num_branches": 0, "num_partial_branches": 0, "covered_branches": 0, "missing_branches": 0, "percent_branches_covered": 100.0, "percent_branches_covered_display": "100"}, "missing_lines": [], "excluded_lines": [], "start_line": 565, "executed_branches": [], "missing_branches": []}, "NotebookLMAPI.list_studio_artifacts": {"executed_lines": [582, 585, 587, 589, 590, 592, 594, 595, 597, 598, 599, 600, 602, 603, 604, 605, 614, 615, 616, 618, 628], "summary": {"covered_lines": 21, "num_statements": 21, "percent_covered": 93.93939393939394, "percent_covered_display": "94", "missing_lines": 0, "excluded_lines": 0, "percent_statements_covered": 100.0, "percent_statements_covered_display": "100", "num_branches": 12, "num_partial_branches": 2, "covered_branches": 10, "missing_branches": 2, "percent_branches_covered": 83.33333333333333, "percent_branches_covered_display": "83"}, "missing_lines": [], "excluded_lines": [], "start_line": 580, "executed_branches": [[590, 592], [594, 595], [594, 628], [595, 597], [603, 604], [603, 605], [605, 614], [605, 615], [615, 616], [615, 618]], "missing_branches": [[590, 628], [595, 594]]}, "_parse_timestamp": {"executed_lines": [641, 642, 644, 645, 646, 647, 648, 653, 655, 657, 658, 659, 662], "summary": {"covered_lines": 13, "num_statements": 15, "percent_covered": 92.0, "percent_covered_display": "92", "missing_lines": 2, "excluded_lines": 0, "percent_statements_covered": 86.66666666666667, "percent_statements_covered_display": "87", "num_branches": 10, "num_partial_branches": 0, "covered_branches": 10, "missing_branches": 0, "percent_branches_covered": 100.0, "percent_branches_covered_display": "100"}, "missing_lines": [660, 661], "excluded_lines": [], "start_line": 639, "executed_branches": [[641, 642], [641, 644], [646, 647], [646, 648], [648, 653], [648, 655], [655, 657], [655, 662], [657, 658], [657, 659]], "missing_branches": []}, "parse_notebook_response": {"executed_lines": [675, 676, 678, 679, 682, 683, 686, 687, 690, 691, 693, 694, 695, 696, 699, 700, 703, 704, 705, 706, 707, 710, 712], "summary": {"covered_lines": 23, "num_statements": 25, "percent_covered": 87.17948717948718, "percent_covered_display": "87", "missing_lines": 2, "excluded_lines": 0, "percent_statements_covered": 92.0, "percent_statements_covered_display": "92", "num_branches": 14, "num_partial_branches": 3, "covered_branches": 11, "missing_branches": 3, "percent_branches_covered": 78.57142857142857, "percent_branches_covered_display": "79"}, "missing_lines": [708, 709], "excluded_lines": [], "start_line": 665, "executed_branches": [[675, 676], [675, 678], [678, 679], [678, 682], [690, 691], [690, 699], [693, 694], [695, 696], [703, 704], [704, 705], [704, 710]], "missing_branches": [[693, 695], [695, 699], [703, 712]]}, "parse_source_response": {"executed_lines": [732, 733, 736, 737, 738, 740, 742, 745, 746, 748, 750, 752, 753, 754, 755, 756, 757, 758, 760, 763, 764, 767, 768, 769, 770, 771, 772, 773, 775], "summary": {"covered_lines": 29, "num_statements": 29, "percent_covered": 98.03921568627452, "percent_covered_display": "98", "missing_lines": 0, "excluded_lines": 0, "percent_statements_covered": 100.0, "percent_statements_covered_display": "100", "num_branches": 22, "num_partial_branches": 1, "covered_branches": 21, "missing_branches": 1, "percent_branches_covered": 95.45454545454545, "percent_branches_covered_display": "95"}, "missing_lines": [], "excluded_lines": [], "start_line": 722, "executed_branches": [[732, 733], [732, 736], [737, 738], [737, 740], [748, 750], [748, 767], [752, 753], [753, 754], [753, 755], [755, 756], [755, 757], [757, 758], [757, 760], [763, 764], [763, 767], [768, 769], [768, 775], [770, 771], [770, 772], [772, 773], [772, 775]], "missing_branches": [[752, 763]]}, "": {"executed_lines": [8, 9, 10, 11, 13, 18, 19, 21, 29, 30, 31, 32, 33, 36, 37, 38, 39, 42, 43, 44, 47, 48, 49, 50, 51, 54, 55, 56, 59, 72, 85, 108, 131, 159, 187, 218, 241, 268, 301, 335, 365, 398, 423, 450, 530, 553, 559, 565, 580, 636, 639, 665, 722], "summary": {"covered_lines": 53, "num_statements": 53, "percent_covered": 100.0, "percent_covered_display": "100", "missing_lines": 0, "excluded_lines": 0, "percent_statements_covered": 100.0, "percent_statements_covered_display": "100", "num_branches": 0, "num_partial_branches": 0, "covered_branches": 0, "missing_branches": 0, "percent_branches_covered": 100.0, "percent_branches_covered_display": "100"}, "missing_lines": [], "excluded_lines": [], "start_line": 1, "executed_branches": [], "missing_branches": []}}, "classes": {"NotebookLMAPI": {"executed_lines": [79, 95, 96, 102, 103, 104, 106, 121, 124, 129, 145, 147, 148, 152, 153, 155, 156, 174, 176, 177, 181, 182, 183, 184, 201, 203, 204, 208, 209, 210, 211, 222, 225, 226, 228, 229, 233, 234, 235, 236, 237, 238, 245, 248, 249, 250, 254, 255, 257, 258, 262, 263, 264, 265, 266, 285, 286, 290, 291, 295, 296, 297, 298, 299, 305, 309, 322, 324, 325, 329, 330, 331, 332, 333, 338, 355, 356, 358, 359, 362, 363, 381, 383, 384, 388, 389, 390, 391, 392, 393, 408, 410, 415, 416, 417, 433, 439, 440, 441, 442, 444, 471, 474, 477, 486, 487, 488, 490, 491, 492, 495, 496, 497, 498, 499, 500, 503, 510, 511, 513, 518, 528, 538, 540, 541, 542, 544, 545, 550, 551, 555, 556, 557, 561, 562, 563, 572, 576, 577, 578, 582, 585, 587, 589, 590, 592, 594, 595, 597, 598, 599, 600, 602, 603, 604, 605, 614, 615, 616, 618, 628], "summary": {"covered_lines": 161, "num_statements": 166, "percent_covered": 92.66055045871559, "percent_covered_display": "93", "missing_lines": 5, "excluded_lines": 0, "percent_statements_covered": 96.98795180722891, "percent_statements_covered_display": "97", "num_branches": 52, "num_partial_branches": 11, "covered_branches": 41, "missing_branches": 11, "percent_branches_covered": 78.84615384615384, "percent_branches_covered_display": "79"}, "missing_lines": [157, 185, 212, 239, 396], "excluded_lines": [], "start_line": 59, "executed_branches": [[102, 103], [102, 106], [155, 156], [183, 184], [210, 211], [235, 236], [235, 237], [237, 238], [249, 250], [249, 254], [264, 265], [264, 266], [297, 298], [297, 299], [331, 332], [331, 333], [338, 355], [338, 362], [356, 358], [358, 359], [390, 391], [391, 392], [391, 393], [415, 416], [415, 417], [439, 440], [439, 444], [441, 439], [441, 442], [498, 499], [541, 542], [590, 592], [594, 595], [594, 628], [595, 597], [603, 604], [603, 605], [605, 614], [605, 615], [615, 616], [615, 618]], "missing_branches": [[155, 157], [183, 185], [210, 212], [237, 239], [356, 362], [358, 362], [390, 396], [498, 500], [541, 544], [590, 628], [595, 594]]}, "": {"executed_lines": [8, 9, 10, 11, 13, 18, 19, 21, 29, 30, 31, 32, 33, 36, 37, 38, 39, 42, 43, 44, 47, 48, 49, 50, 51, 54, 55, 56, 59, 72, 85, 108, 131, 159, 187, 218, 241, 268, 301, 335, 365, 398, 423, 450, 530, 553, 559, 565, 580, 636, 639, 641, 642, 644, 645, 646, 647, 648, 653, 655, 657, 658, 659, 662, 665, 675, 676, 678, 679, 682, 683, 686, 687, 690, 691, 693, 694, 695, 696, 699, 700, 703, 704, 705, 706, 707, 710, 712, 722, 732, 733, 736, 737, 738, 740, 742, 745, 746, 748, 750, 752, 753, 754, 755, 756, 757, 758, 760, 763, 764, 767, 768, 769, 770, 771, 772, 773, 775], "summary": {"covered_lines": 118, "num_statements": 122, "percent_covered": 95.23809523809524, "percent_covered_display": "95", "missing_lines": 4, "excluded_lines": 0, "percent_statements_covered": 96.72131147540983, "percent_statements_covered_display": "97", "num_branches": 46, "num_partial_branches": 4, "covered_branches": 42, "missing_branches": 4, "percent_branches_covered": 91.30434782608695, "percent_branches_covered_display": "91"}, "missing_lines": [660, 661, 708, 709], "excluded_lines": [], "start_line": 1, "executed_branches": [[641, 642], [641, 644], [646, 647], [646, 648], [648, 653], [648, 655], [655, 657], [655, 662], [657, 658], [657, 659], [675, 676], [675, 678], [678, 679], [678, 682], [690, 691], [690, 699], [693, 694], [695, 696], [703, 704], [704, 705], [704, 710], [732, 733], [732, 736], [737, 738], [737, 740], [748, 750], [748, 767], [752, 753], [753, 754], [753, 755], [755, 756], [755, 757], [757, 758], [757, 760], [763, 764], [763, 767], [768, 769], [768, 775], [770, 771], [770, 772], [772, 773], [772, 775]], "missing_branches": [[693, 695], [695, 699], [703, 712], [752, 763]]}}}, "src/pynotebooklm/auth.py": {"executed_lines": [8, 9, 10, 11, 12, 14, 15, 17, 18, 20, 23, 24, 27, 28, 31, 34, 37, 54, 70, 71, 72, 73, 74, 77, 80, 82, 83, 87, 89, 91, 93, 94, 95, 96, 98, 99, 100, 101, 106, 107, 108, 110, 112, 113, 115, 116, 117, 118, 119, 120, 122, 129, 130, 131, 132, 133, 134, 136, 143, 144, 145, 147, 149, 151, 152, 153, 154, 156, 157, 161, 163, 173, 174, 176, 177, 191, 198, 199, 200, 202, 216, 218, 219, 221, 230, 231, 240, 243, 246, 249, 250, 252, 255, 257, 258, 259, 260, 261, 263, 277, 283, 284, 286, 287, 289, 290, 295, 296, 301, 302, 303, 305, 306, 307, 309, 310, 312, 313, 318, 322, 331, 332, 334, 335, 349, 352, 353, 356, 363, 364, 370, 380, 382, 394, 395, 396, 397, 398, 399, 401, 411, 413, 414, 416, 418, 419, 420, 425, 426, 428, 430, 431, 434, 435, 437, 438, 439, 440, 443, 444, 445, 448, 450, 451, 452, 454, 460, 461, 462, 463, 464, 472, 474, 476, 477, 478, 479, 480, 483, 497, 498, 500, 503, 504, 505, 507, 508, 518, 520, 521, 534, 537, 538, 544, 545, 548, 550, 552, 553, 554, 555, 556, 557, 558, 560, 561, 562, 565, 567, 568, 569, 572, 573, 574, 576, 577, 578, 580, 582, 583, 584, 585, 586, 587, 589, 590, 591], "summary": {"covered_lines": 227, "num_statements": 232, "percent_covered": 95.72368421052632, "percent_covered_display": "96", "missing_lines": 5, "excluded_lines": 0, "percent_statements_covered": 97.84482758620689, "percent_statements_covered_display": "98", "num_branches": 72, "num_partial_branches": 8, "covered_branches": 64, "missing_branches": 8, "percent_branches_covered": 88.88888888888889, "percent_branches_covered_display": "89"}, "missing_lines": [88, 146, 155, 316, 506], "excluded_lines": [], "executed_branches": [[87, 89], [93, 94], [93, 98], [112, 113], [112, 115], [129, 130], [129, 131], [132, 133], [132, 134], [143, 144], [143, 145], [145, 147], [151, 152], [151, 153], [154, 156], [156, 157], [173, 174], [173, 176], [198, 199], [198, 200], [258, 259], [258, 260], [286, 287], [286, 318], [289, 290], [289, 295], [296, 301], [296, 309], [305, 306], [312, 313], [332, 334], [332, 349], [334, 332], [334, 335], [394, 395], [394, 396], [411, 413], [411, 416], [435, 437], [435, 443], [461, 462], [461, 464], [500, 503], [500, 518], [504, 505], [504, 537], [505, 507], [518, 520], [518, 534], [520, 521], [520, 537], [553, 554], [553, 560], [556, 557], [572, -1], [572, 573], [576, 577], [576, 580], [582, 583], [582, 584], [584, 585], [584, 586], [586, 587], [586, 589]], "missing_branches": [[87, 88], [145, 146], [154, 155], [156, -149], [305, 309], [312, 316], [505, 506], [556, 558]], "functions": {"AuthManager.__init__": {"executed_lines": [70, 71, 72, 73, 74, 77, 80], "summary": {"covered_lines": 7, "num_statements": 7, "percent_covered": 100.0, "percent_covered_display": "100", "missing_lines": 0, "excluded_lines": 0, "percent_statements_covered": 100.0, "percent_statements_covered_display": "100", "num_branches": 0, "num_partial_branches": 0, "covered_branches": 0, "missing_branches": 0, "percent_branches_covered": 100.0, "percent_branches_covered_display": "100"}, "missing_lines": [], "excluded_lines": [], "start_line": 54, "executed_branches": [], "missing_branches": []}, "AuthManager._normalize_refresh_threshold": {"executed_lines": [87, 89], "summary": {"covered_lines": 2, "num_statements": 3, "percent_covered": 60.0, "percent_covered_display": "60", "missing_lines": 1, "excluded_lines": 0, "percent_statements_covered": 66.66666666666667, "percent_statements_covered_display": "67", "num_branches": 2, "num_partial_branches": 1, "covered_branches": 1, "missing_branches": 1, "percent_branches_covered": 50.0, "percent_branches_covered_display": "50"}, "missing_lines": [88], "excluded_lines": [], "start_line": 83, "executed_branches": [[87, 89]], "missing_branches": [[87, 88]]}, "AuthManager._load_cookies": {"executed_lines": [93, 94, 95, 96, 98, 99, 100, 101, 106, 107, 108], "summary": {"covered_lines": 11, "num_statements": 11, "percent_covered": 100.0, "percent_covered_display": "100", "missing_lines": 0, "excluded_lines": 0, "percent_statements_covered": 100.0, "percent_statements_covered_display": "100", "num_branches": 2, "num_partial_branches": 0, "covered_branches": 2, "missing_branches": 0, "percent_branches_covered": 100.0, "percent_branches_covered_display": "100"}, "missing_lines": [], "excluded_lines": [], "start_line": 91, "executed_branches": [[93, 94], [93, 98]], "missing_branches": []}, "AuthManager._save_cookies": {"executed_lines": [112, 113, 115, 116, 117, 118, 119, 120], "summary": {"covered_lines": 8, "num_statements": 8, "percent_covered": 100.0, "percent_covered_display": "100", "missing_lines": 0, "excluded_lines": 0, "percent_statements_covered": 100.0, "percent_statements_covered_display": "100", "num_branches": 2, "num_partial_branches": 0, "covered_branches": 2, "missing_branches": 0, "percent_branches_covered": 100.0, "percent_branches_covered_display": "100"}, "missing_lines": [], "excluded_lines": [], "start_line": 110, "executed_branches": [[112, 113], [112, 115]], "missing_branches": []}, "AuthManager.is_authenticated": {"executed_lines": [129, 130, 131, 132, 133, 134], "summary": {"covered_lines": 6, "num_statements": 6, "percent_covered": 100.0, "percent_covered_display": "100", "missing_lines": 0, "excluded_lines": 0, "percent_statements_covered": 100.0, "percent_statements_covered_display": "100", "num_branches": 4, "num_partial_branches": 0, "covered_branches": 4, "missing_branches": 0, "percent_branches_covered": 100.0, "percent_branches_covered_display": "100"}, "missing_lines": [], "excluded_lines": [], "start_line": 122, "executed_branches": [[129, 130], [129, 131], [132, 133], [132, 134]], "missing_branches": []}, "AuthManager.is_expired": {"executed_lines": [143, 144, 145, 147], "summary": {"covered_lines": 4, "num_statements": 5, "percent_covered": 77.77777777777777, "percent_covered_display": "78", "missing_lines": 1, "excluded_lines": 0, "percent_statements_covered": 80.0, "percent_statements_covered_display": "80", "num_branches": 4, "num_partial_branches": 1, "covered_branches": 3, "missing_branches": 1, "percent_branches_covered": 75.0, "percent_branches_covered_display": "75"}, "missing_lines": [146], "excluded_lines": [], "start_line": 136, "executed_branches": [[143, 144], [143, 145], [145, 147]], "missing_branches": [[145, 146]]}, "AuthManager._log_expiration_warning": {"executed_lines": [151, 152, 153, 154, 156, 157, 161], "summary": {"covered_lines": 7, "num_statements": 8, "percent_covered": 78.57142857142857, "percent_covered_display": "79", "missing_lines": 1, "excluded_lines": 0, "percent_statements_covered": 87.5, "percent_statements_covered_display": "88", "num_branches": 6, "num_partial_branches": 2, "covered_branches": 4, "missing_branches": 2, "percent_branches_covered": 66.66666666666667, "percent_branches_covered_display": "67"}, "missing_lines": [155], "excluded_lines": [], "start_line": 149, "executed_branches": [[151, 152], [151, 153], [154, 156], [156, 157]], "missing_branches": [[154, 155], [156, -149]]}, "AuthManager.get_cookies": {"executed_lines": [173, 174, 176, 177], "summary": {"covered_lines": 4, "num_statements": 4, "percent_covered": 100.0, "percent_covered_display": "100", "missing_lines": 0, "excluded_lines": 0, "percent_statements_covered": 100.0, "percent_statements_covered_display": "100", "num_branches": 2, "num_partial_branches": 0, "covered_branches": 2, "missing_branches": 0, "percent_branches_covered": 100.0, "percent_branches_covered_display": "100"}, "missing_lines": [], "excluded_lines": [], "start_line": 163, "executed_branches": [[173, 174], [173, 176]], "missing_branches": []}, "AuthManager.get_csrf_token": {"executed_lines": [198, 199, 200], "summary": {"covered_lines": 3, "num_statements": 3, "percent_covered": 100.0, "percent_covered_display": "100", "missing_lines": 0, "excluded_lines": 0, "percent_statements_covered": 100.0, "percent_statements_covered_display": "100", "num_branches": 2, "num_partial_branches": 0, "covered_branches": 2, "missing_branches": 0, "percent_branches_covered": 100.0, "percent_branches_covered_display": "100"}, "missing_lines": [], "excluded_lines": [], "start_line": 191, "executed_branches": [[198, 199], [198, 200]], "missing_branches": []}, "AuthManager.login": {"executed_lines": [216, 218, 219, 221, 230, 231, 240, 243, 246, 249, 250, 252, 255, 257, 258, 259, 260, 261], "summary": {"covered_lines": 18, "num_statements": 18, "percent_covered": 100.0, "percent_covered_display": "100", "missing_lines": 0, "excluded_lines": 0, "percent_statements_covered": 100.0, "percent_statements_covered_display": "100", "num_branches": 2, "num_partial_branches": 0, "covered_branches": 2, "missing_branches": 0, "percent_branches_covered": 100.0, "percent_branches_covered_display": "100"}, "missing_lines": [], "excluded_lines": [], "start_line": 202, "executed_branches": [[258, 259], [258, 260]], "missing_branches": []}, "AuthManager._wait_for_authentication": {"executed_lines": [277, 283, 284, 286, 287, 289, 290, 295, 296, 301, 302, 303, 305, 306, 307, 309, 310, 312, 313, 318], "summary": {"covered_lines": 20, "num_statements": 21, "percent_covered": 90.3225806451613, "percent_covered_display": "90", "missing_lines": 1, "excluded_lines": 0, "percent_statements_covered": 95.23809523809524, "percent_statements_covered_display": "95", "num_branches": 10, "num_partial_branches": 2, "covered_branches": 8, "missing_branches": 2, "percent_branches_covered": 80.0, "percent_branches_covered_display": "80"}, "missing_lines": [316], "excluded_lines": [], "start_line": 263, "executed_branches": [[286, 287], [286, 318], [289, 290], [289, 295], [296, 301], [296, 309], [305, 306], [312, 313]], "missing_branches": [[305, 309], [312, 316]]}, "AuthManager._store_cookies": {"executed_lines": [331, 332, 334, 335, 349, 352, 353, 356, 363, 364], "summary": {"covered_lines": 10, "num_statements": 10, "percent_covered": 100.0, "percent_covered_display": "100", "missing_lines": 0, "excluded_lines": 0, "percent_statements_covered": 100.0, "percent_statements_covered_display": "100", "num_branches": 4, "num_partial_branches": 0, "covered_branches": 4, "missing_branches": 0, "percent_branches_covered": 100.0, "percent_branches_covered_display": "100"}, "missing_lines": [], "excluded_lines": [], "start_line": 322, "executed_branches": [[332, 334], [332, 349], [334, 332], [334, 335]], "missing_branches": []}, "AuthManager._extract_csrf_token": {"executed_lines": [380, 382, 394, 395, 396, 397, 398, 399], "summary": {"covered_lines": 8, "num_statements": 8, "percent_covered": 100.0, "percent_covered_display": "100", "missing_lines": 0, "excluded_lines": 0, "percent_statements_covered": 100.0, "percent_statements_covered_display": "100", "num_branches": 2, "num_partial_branches": 0, "covered_branches": 2, "missing_branches": 0, "percent_branches_covered": 100.0, "percent_branches_covered_display": "100"}, "missing_lines": [], "excluded_lines": [], "start_line": 370, "executed_branches": [[394, 395], [394, 396]], "missing_branches": []}, "AuthManager.refresh": {"executed_lines": [411, 413, 414, 416, 418, 419, 420, 425, 426, 428, 430, 431, 434, 435, 437, 438, 439, 440, 443, 444, 445, 448, 450, 451, 452], "summary": {"covered_lines": 25, "num_statements": 25, "percent_covered": 100.0, "percent_covered_display": "100", "missing_lines": 0, "excluded_lines": 0, "percent_statements_covered": 100.0, "percent_statements_covered_display": "100", "num_branches": 4, "num_partial_branches": 0, "covered_branches": 4, "missing_branches": 0, "percent_branches_covered": 100.0, "percent_branches_covered_display": "100"}, "missing_lines": [], "excluded_lines": [], "start_line": 401, "executed_branches": [[411, 413], [411, 416], [435, 437], [435, 443]], "missing_branches": []}, "AuthManager.logout": {"executed_lines": [460, 461, 462, 463, 464], "summary": {"covered_lines": 5, "num_statements": 5, "percent_covered": 100.0, "percent_covered_display": "100", "missing_lines": 0, "excluded_lines": 0, "percent_statements_covered": 100.0, "percent_statements_covered_display": "100", "num_branches": 2, "num_partial_branches": 0, "covered_branches": 2, "missing_branches": 0, "percent_branches_covered": 100.0, "percent_branches_covered_display": "100"}, "missing_lines": [], "excluded_lines": [], "start_line": 454, "executed_branches": [[461, 462], [461, 464]], "missing_branches": []}, "_main_login": {"executed_lines": [474, 476, 477, 478, 479, 480], "summary": {"covered_lines": 6, "num_statements": 6, "percent_covered": 100.0, "percent_covered_display": "100", "missing_lines": 0, "excluded_lines": 0, "percent_statements_covered": 100.0, "percent_statements_covered_display": "100", "num_branches": 0, "num_partial_branches": 0, "covered_branches": 0, "missing_branches": 0, "percent_branches_covered": 100.0, "percent_branches_covered_display": "100"}, "missing_lines": [], "excluded_lines": [], "start_line": 472, "executed_branches": [], "missing_branches": []}, "save_auth_tokens": {"executed_lines": [497, 498, 500, 503, 504, 505, 507, 508, 518, 520, 521, 534, 537, 538, 544, 545], "summary": {"covered_lines": 16, "num_statements": 17, "percent_covered": 92.5925925925926, "percent_covered_display": "93", "missing_lines": 1, "excluded_lines": 0, "percent_statements_covered": 94.11764705882354, "percent_statements_covered_display": "94", "num_branches": 10, "num_partial_branches": 1, "covered_branches": 9, "missing_branches": 1, "percent_branches_covered": 90.0, "percent_branches_covered_display": "90"}, "missing_lines": [506], "excluded_lines": [], "start_line": 483, "executed_branches": [[500, 503], [500, 518], [504, 505], [504, 537], [505, 507], [518, 520], [518, 534], [520, 521], [520, 537]], "missing_branches": [[505, 506]]}, "_main_check": {"executed_lines": [550, 552, 553, 554, 555, 556, 557, 558, 560, 561, 562], "summary": {"covered_lines": 11, "num_statements": 11, "percent_covered": 93.33333333333333, "percent_covered_display": "93", "missing_lines": 0, "excluded_lines": 0, "percent_statements_covered": 100.0, "percent_statements_covered_display": "100", "num_branches": 4, "num_partial_branches": 1, "covered_branches": 3, "missing_branches": 1, "percent_branches_covered": 75.0, "percent_branches_covered_display": "75"}, "missing_lines": [], "excluded_lines": [], "start_line": 548, "executed_branches": [[553, 554], [553, 560], [556, 557]], "missing_branches": [[556, 558]]}, "_main_logout": {"executed_lines": [567, 568, 569], "summary": {"covered_lines": 3, "num_statements": 3, "percent_covered": 100.0, "percent_covered_display": "100", "missing_lines": 0, "excluded_lines": 0, "percent_statements_covered": 100.0, "percent_statements_covered_display": "100", "num_branches": 0, "num_partial_branches": 0, "covered_branches": 0, "missing_branches": 0, "percent_branches_covered": 100.0, "percent_branches_covered_display": "100"}, "missing_lines": [], "excluded_lines": [], "start_line": 565, "executed_branches": [], "missing_branches": []}, "": {"executed_lines": [8, 9, 10, 11, 12, 14, 15, 17, 18, 20, 23, 24, 27, 28, 31, 34, 37, 54, 82, 83, 91, 110, 122, 136, 149, 163, 191, 202, 263, 322, 370, 401, 454, 472, 483, 548, 565, 572, 573, 574, 576, 577, 578, 580, 582, 583, 584, 585, 586, 587, 589, 590, 591], "summary": {"covered_lines": 53, "num_statements": 53, "percent_covered": 100.0, "percent_covered_display": "100", "missing_lines": 0, "excluded_lines": 0, "percent_statements_covered": 100.0, "percent_statements_covered_display": "100", "num_branches": 10, "num_partial_branches": 0, "covered_branches": 10, "missing_branches": 0, "percent_branches_covered": 100.0, "percent_branches_covered_display": "100"}, "missing_lines": [], "excluded_lines": [], "start_line": 1, "executed_branches": [[572, -1], [572, 573], [576, 577], [576, 580], [582, 583], [582, 584], [584, 585], [584, 586], [586, 587], [586, 589]], "missing_branches": []}}, "classes": {"AuthManager": {"executed_lines": [70, 71, 72, 73, 74, 77, 80, 87, 89, 93, 94, 95, 96, 98, 99, 100, 101, 106, 107, 108, 112, 113, 115, 116, 117, 118, 119, 120, 129, 130, 131, 132, 133, 134, 143, 144, 145, 147, 151, 152, 153, 154, 156, 157, 161, 173, 174, 176, 177, 198, 199, 200, 216, 218, 219, 221, 230, 231, 240, 243, 246, 249, 250, 252, 255, 257, 258, 259, 260, 261, 277, 283, 284, 286, 287, 289, 290, 295, 296, 301, 302, 303, 305, 306, 307, 309, 310, 312, 313, 318, 331, 332, 334, 335, 349, 352, 353, 356, 363, 364, 380, 382, 394, 395, 396, 397, 398, 399, 411, 413, 414, 416, 418, 419, 420, 425, 426, 428, 430, 431, 434, 435, 437, 438, 439, 440, 443, 444, 445, 448, 450, 451, 452, 460, 461, 462, 463, 464], "summary": {"covered_lines": 138, "num_statements": 142, "percent_covered": 94.73684210526316, "percent_covered_display": "95", "missing_lines": 4, "excluded_lines": 0, "percent_statements_covered": 97.1830985915493, "percent_statements_covered_display": "97", "num_branches": 48, "num_partial_branches": 6, "covered_branches": 42, "missing_branches": 6, "percent_branches_covered": 87.5, "percent_branches_covered_display": "88"}, "missing_lines": [88, 146, 155, 316], "excluded_lines": [], "start_line": 37, "executed_branches": [[87, 89], [93, 94], [93, 98], [112, 113], [112, 115], [129, 130], [129, 131], [132, 133], [132, 134], [143, 144], [143, 145], [145, 147], [151, 152], [151, 153], [154, 156], [156, 157], [173, 174], [173, 176], [198, 199], [198, 200], [258, 259], [258, 260], [286, 287], [286, 318], [289, 290], [289, 295], [296, 301], [296, 309], [305, 306], [312, 313], [332, 334], [332, 349], [334, 332], [334, 335], [394, 395], [394, 396], [411, 413], [411, 416], [435, 437], [435, 443], [461, 462], [461, 464]], "missing_branches": [[87, 88], [145, 146], [154, 155], [156, -149], [305, 309], [312, 316]]}, "": {"executed_lines": [8, 9, 10, 11, 12, 14, 15, 17, 18, 20, 23, 24, 27, 28, 31, 34, 37, 54, 82, 83, 91, 110, 122, 136, 149, 163, 191, 202, 263, 322, 370, 401, 454, 472, 474, 476, 477, 478, 479, 480, 483, 497, 498, 500, 503, 504, 505, 507, 508, 518, 520, 521, 534, 537, 538, 544, 545, 548, 550, 552, 553, 554, 555, 556, 557, 558, 560, 561, 562, 565, 567, 568, 569, 572, 573, 574, 576, 577, 578, 580, 582, 583, 584, 585, 586, 587, 589, 590, 591], "summary": {"covered_lines": 89, "num_statements": 90, "percent_covered": 97.36842105263158, "percent_covered_display": "97", "missing_lines": 1, "excluded_lines": 0, "percent_statements_covered": 98.88888888888889, "percent_statements_covered_display": "99", "num_branches": 24, "num_partial_branches": 2, "covered_branches": 22, "missing_branches": 2, "percent_branches_covered": 91.66666666666667, "percent_branches_covered_display": "92"}, "missing_lines": [506], "excluded_lines": [], "start_line": 1, "executed_branches": [[500, 503], [500, 518], [504, 505], [504, 537], [505, 507], [518, 520], [518, 534], [520, 521], [520, 537], [553, 554], [553, 560], [556, 557], [572, -1], [572, 573], [576, 577], [576, 580], [582, 583], [582, 584], [584, 585], [584, 586], [586, 587], [586, 589]], "missing_branches": [[505, 506], [556, 558]]}}}, "src/pynotebooklm/chat.py": {"executed_lines": [8, 9, 10, 12, 17, 18, 20, 23, 34, 35, 36, 38, 39, 40, 42, 49, 50, 52, 54, 55, 56, 59, 60, 61, 62, 65, 67, 86, 89, 90, 91, 93, 100, 101, 103, 105, 121, 126, 132, 133, 135, 136, 138, 140, 147, 153, 156, 157, 159, 161, 162, 165, 166, 169, 170, 171, 178, 183, 189, 191, 192, 194, 195, 196, 197, 199, 204, 206, 211, 213, 218, 231, 232, 233, 236, 237, 240, 246, 257, 258, 263, 264, 265, 266, 267, 269, 271, 272, 274, 279, 283, 291, 294, 297, 298, 299, 300, 301, 313, 315, 319, 320, 322, 323, 324, 325, 326, 327, 328, 329, 330, 331, 333, 335, 337, 338, 339, 340, 341, 342, 344, 345, 347, 348, 349, 350, 353, 354, 357, 358, 363, 364, 367, 368, 370, 372, 373, 379, 380, 381, 383, 386, 387, 389], "summary": {"covered_lines": 144, "num_statements": 152, "percent_covered": 87.05357142857143, "percent_covered_display": "87", "missing_lines": 8, "excluded_lines": 0, "percent_statements_covered": 94.73684210526316, "percent_statements_covered_display": "95", "num_branches": 72, "num_partial_branches": 21, "covered_branches": 51, "missing_branches": 21, "percent_branches_covered": 70.83333333333333, "percent_branches_covered_display": "71"}, "missing_lines": [57, 270, 310, 311, 351, 355, 359, 360], "excluded_lines": [], "executed_branches": [[56, 59], [89, 90], [135, 136], [135, 138], [159, 161], [159, 178], [161, 162], [165, 166], [169, 170], [169, 178], [170, 171], [194, 195], [194, 213], [195, 196], [196, 197], [199, 204], [206, 211], [231, 232], [264, 265], [266, 267], [269, 271], [271, 272], [300, 301], [300, 313], [319, 320], [319, 322], [325, 326], [325, 333], [327, 328], [328, 329], [328, 330], [330, 331], [338, 339], [338, 344], [344, 345], [344, 347], [347, 348], [347, 389], [348, 349], [348, 350], [350, 353], [354, 357], [363, 347], [363, 364], [367, 368], [367, 386], [370, 372], [373, 379], [380, 381], [380, 383], [386, 387]], "missing_branches": [[56, 57], [89, 93], [161, 165], [165, 178], [170, 169], [195, 213], [196, 213], [199, 206], [206, 213], [231, 236], [264, 274], [266, 274], [269, 270], [271, 274], [327, 325], [330, 325], [350, 351], [354, 355], [370, 347], [373, 383], [386, 347]], "functions": {"ChatSession.__init__": {"executed_lines": [49, 50], "summary": {"covered_lines": 2, "num_statements": 2, "percent_covered": 100.0, "percent_covered_display": "100", "missing_lines": 0, "excluded_lines": 0, "percent_statements_covered": 100.0, "percent_statements_covered_display": "100", "num_branches": 0, "num_partial_branches": 0, "covered_branches": 0, "missing_branches": 0, "percent_branches_covered": 100.0, "percent_branches_covered_display": "100"}, "missing_lines": [], "excluded_lines": [], "start_line": 42, "executed_branches": [], "missing_branches": []}, "ChatSession._get_all_source_ids": {"executed_lines": [54, 55, 56, 59, 60, 61, 62, 65], "summary": {"covered_lines": 8, "num_statements": 9, "percent_covered": 81.81818181818181, "percent_covered_display": "82", "missing_lines": 1, "excluded_lines": 0, "percent_statements_covered": 88.88888888888889, "percent_statements_covered_display": "89", "num_branches": 2, "num_partial_branches": 1, "covered_branches": 1, "missing_branches": 1, "percent_branches_covered": 50.0, "percent_branches_covered_display": "50"}, "missing_lines": [57], "excluded_lines": [], "start_line": 52, "executed_branches": [[56, 59]], "missing_branches": [[56, 57]]}, "ChatSession.query": {"executed_lines": [86, 89, 90, 91, 93, 100, 101, 103], "summary": {"covered_lines": 8, "num_statements": 8, "percent_covered": 90.0, "percent_covered_display": "90", "missing_lines": 0, "excluded_lines": 0, "percent_statements_covered": 100.0, "percent_statements_covered_display": "100", "num_branches": 2, "num_partial_branches": 1, "covered_branches": 1, "missing_branches": 1, "percent_branches_covered": 50.0, "percent_branches_covered_display": "50"}, "missing_lines": [], "excluded_lines": [], "start_line": 67, "executed_branches": [[89, 90]], "missing_branches": [[89, 93]]}, "ChatSession.configure": {"executed_lines": [121, 126, 132, 133, 135, 136, 138, 140], "summary": {"covered_lines": 8, "num_statements": 8, "percent_covered": 100.0, "percent_covered_display": "100", "missing_lines": 0, "excluded_lines": 0, "percent_statements_covered": 100.0, "percent_statements_covered_display": "100", "num_branches": 2, "num_partial_branches": 0, "covered_branches": 2, "missing_branches": 0, "percent_branches_covered": 100.0, "percent_branches_covered_display": "100"}, "missing_lines": [], "excluded_lines": [], "start_line": 105, "executed_branches": [[135, 136], [135, 138]], "missing_branches": []}, "ChatSession.get_notebook_summary": {"executed_lines": [153, 156, 157, 159, 161, 162, 165, 166, 169, 170, 171, 178], "summary": {"covered_lines": 12, "num_statements": 12, "percent_covered": 86.36363636363636, "percent_covered_display": "86", "missing_lines": 0, "excluded_lines": 0, "percent_statements_covered": 100.0, "percent_statements_covered_display": "100", "num_branches": 10, "num_partial_branches": 3, "covered_branches": 7, "missing_branches": 3, "percent_branches_covered": 70.0, "percent_branches_covered_display": "70"}, "missing_lines": [], "excluded_lines": [], "start_line": 147, "executed_branches": [[159, 161], [159, 178], [161, 162], [165, 166], [169, 170], [169, 178], [170, 171]], "missing_branches": [[161, 165], [165, 178], [170, 169]]}, "ChatSession.get_source_summary": {"executed_lines": [189, 191, 192, 194, 195, 196, 197, 199, 204, 206, 211, 213], "summary": {"covered_lines": 12, "num_statements": 12, "percent_covered": 81.81818181818181, "percent_covered_display": "82", "missing_lines": 0, "excluded_lines": 0, "percent_statements_covered": 100.0, "percent_statements_covered_display": "100", "num_branches": 10, "num_partial_branches": 4, "covered_branches": 6, "missing_branches": 4, "percent_branches_covered": 60.0, "percent_branches_covered_display": "60"}, "missing_lines": [], "excluded_lines": [], "start_line": 183, "executed_branches": [[194, 195], [194, 213], [195, 196], [196, 197], [199, 204], [206, 211]], "missing_branches": [[195, 213], [196, 213], [199, 206], [206, 213]]}, "ChatSession.create_report": {"executed_lines": [231, 232, 233, 236, 237, 240, 246, 257, 258, 263, 264, 265, 266, 267, 269, 271, 272, 274], "summary": {"covered_lines": 18, "num_statements": 19, "percent_covered": 79.3103448275862, "percent_covered_display": "79", "missing_lines": 1, "excluded_lines": 0, "percent_statements_covered": 94.73684210526316, "percent_statements_covered_display": "95", "num_branches": 10, "num_partial_branches": 5, "covered_branches": 5, "missing_branches": 5, "percent_branches_covered": 50.0, "percent_branches_covered_display": "50"}, "missing_lines": [270], "excluded_lines": [], "start_line": 218, "executed_branches": [[231, 232], [264, 265], [266, 267], [269, 271], [271, 272]], "missing_branches": [[231, 236], [264, 274], [266, 274], [269, 270], [271, 274]]}, "ChatSession.create_briefing": {"executed_lines": [283], "summary": {"covered_lines": 1, "num_statements": 1, "percent_covered": 100.0, "percent_covered_display": "100", "missing_lines": 0, "excluded_lines": 0, "percent_statements_covered": 100.0, "percent_statements_covered_display": "100", "num_branches": 0, "num_partial_branches": 0, "covered_branches": 0, "missing_branches": 0, "percent_branches_covered": 100.0, "percent_branches_covered_display": "100"}, "missing_lines": [], "excluded_lines": [], "start_line": 279, "executed_branches": [], "missing_branches": []}, "ChatSession.list_artifacts": {"executed_lines": [294, 297, 298, 299, 300, 301, 313], "summary": {"covered_lines": 7, "num_statements": 9, "percent_covered": 81.81818181818181, "percent_covered_display": "82", "missing_lines": 2, "excluded_lines": 0, "percent_statements_covered": 77.77777777777777, "percent_statements_covered_display": "78", "num_branches": 2, "num_partial_branches": 0, "covered_branches": 2, "missing_branches": 0, "percent_branches_covered": 100.0, "percent_branches_covered_display": "100"}, "missing_lines": [310, 311], "excluded_lines": [], "start_line": 291, "executed_branches": [[300, 301], [300, 313]], "missing_branches": []}, "ChatSession._parse_query_response": {"executed_lines": [319, 320, 322, 323, 324, 325, 326, 327, 328, 329, 330, 331, 333], "summary": {"covered_lines": 13, "num_statements": 13, "percent_covered": 91.30434782608695, "percent_covered_display": "91", "missing_lines": 0, "excluded_lines": 0, "percent_statements_covered": 100.0, "percent_statements_covered_display": "100", "num_branches": 10, "num_partial_branches": 2, "covered_branches": 8, "missing_branches": 2, "percent_branches_covered": 80.0, "percent_branches_covered_display": "80"}, "missing_lines": [], "excluded_lines": [], "start_line": 315, "executed_branches": [[319, 320], [319, 322], [325, 326], [325, 333], [327, 328], [328, 329], [328, 330], [330, 331]], "missing_branches": [[327, 325], [330, 325]]}, "ChatSession._extract_answer_from_chunk": {"executed_lines": [337, 338, 339, 340, 341, 342, 344, 345, 347, 348, 349, 350, 353, 354, 357, 358, 363, 364, 367, 368, 370, 372, 373, 379, 380, 381, 383, 386, 387, 389], "summary": {"covered_lines": 30, "num_statements": 34, "percent_covered": 84.48275862068965, "percent_covered_display": "84", "missing_lines": 4, "excluded_lines": 0, "percent_statements_covered": 88.23529411764706, "percent_statements_covered_display": "88", "num_branches": 24, "num_partial_branches": 5, "covered_branches": 19, "missing_branches": 5, "percent_branches_covered": 79.16666666666667, "percent_branches_covered_display": "79"}, "missing_lines": [351, 355, 359, 360], "excluded_lines": [], "start_line": 335, "executed_branches": [[338, 339], [338, 344], [344, 345], [344, 347], [347, 348], [347, 389], [348, 349], [348, 350], [350, 353], [354, 357], [363, 347], [363, 364], [367, 368], [367, 386], [370, 372], [373, 379], [380, 381], [380, 383], [386, 387]], "missing_branches": [[350, 351], [354, 355], [370, 347], [373, 383], [386, 347]]}, "": {"executed_lines": [8, 9, 10, 12, 17, 18, 20, 23, 34, 35, 36, 38, 39, 40, 42, 52, 67, 105, 147, 183, 218, 279, 291, 315, 335], "summary": {"covered_lines": 25, "num_statements": 25, "percent_covered": 100.0, "percent_covered_display": "100", "missing_lines": 0, "excluded_lines": 0, "percent_statements_covered": 100.0, "percent_statements_covered_display": "100", "num_branches": 0, "num_partial_branches": 0, "covered_branches": 0, "missing_branches": 0, "percent_branches_covered": 100.0, "percent_branches_covered_display": "100"}, "missing_lines": [], "excluded_lines": [], "start_line": 1, "executed_branches": [], "missing_branches": []}}, "classes": {"ChatSession": {"executed_lines": [49, 50, 54, 55, 56, 59, 60, 61, 62, 65, 86, 89, 90, 91, 93, 100, 101, 103, 121, 126, 132, 133, 135, 136, 138, 140, 153, 156, 157, 159, 161, 162, 165, 166, 169, 170, 171, 178, 189, 191, 192, 194, 195, 196, 197, 199, 204, 206, 211, 213, 231, 232, 233, 236, 237, 240, 246, 257, 258, 263, 264, 265, 266, 267, 269, 271, 272, 274, 283, 294, 297, 298, 299, 300, 301, 313, 319, 320, 322, 323, 324, 325, 326, 327, 328, 329, 330, 331, 333, 337, 338, 339, 340, 341, 342, 344, 345, 347, 348, 349, 350, 353, 354, 357, 358, 363, 364, 367, 368, 370, 372, 373, 379, 380, 381, 383, 386, 387, 389], "summary": {"covered_lines": 119, "num_statements": 127, "percent_covered": 85.42713567839196, "percent_covered_display": "85", "missing_lines": 8, "excluded_lines": 0, "percent_statements_covered": 93.7007874015748, "percent_statements_covered_display": "94", "num_branches": 72, "num_partial_branches": 21, "covered_branches": 51, "missing_branches": 21, "percent_branches_covered": 70.83333333333333, "percent_branches_covered_display": "71"}, "missing_lines": [57, 270, 310, 311, 351, 355, 359, 360], "excluded_lines": [], "start_line": 23, "executed_branches": [[56, 59], [89, 90], [135, 136], [135, 138], [159, 161], [159, 178], [161, 162], [165, 166], [169, 170], [169, 178], [170, 171], [194, 195], [194, 213], [195, 196], [196, 197], [199, 204], [206, 211], [231, 232], [264, 265], [266, 267], [269, 271], [271, 272], [300, 301], [300, 313], [319, 320], [319, 322], [325, 326], [325, 333], [327, 328], [328, 329], [328, 330], [330, 331], [338, 339], [338, 344], [344, 345], [344, 347], [347, 348], [347, 389], [348, 349], [348, 350], [350, 353], [354, 357], [363, 347], [363, 364], [367, 368], [367, 386], [370, 372], [373, 379], [380, 381], [380, 383], [386, 387]], "missing_branches": [[56, 57], [89, 93], [161, 165], [165, 178], [170, 169], [195, 213], [196, 213], [199, 206], [206, 213], [231, 236], [264, 274], [266, 274], [269, 270], [271, 274], [327, 325], [330, 325], [350, 351], [354, 355], [370, 347], [373, 383], [386, 347]]}, "": {"executed_lines": [8, 9, 10, 12, 17, 18, 20, 23, 34, 35, 36, 38, 39, 40, 42, 52, 67, 105, 147, 183, 218, 279, 291, 315, 335], "summary": {"covered_lines": 25, "num_statements": 25, "percent_covered": 100.0, "percent_covered_display": "100", "missing_lines": 0, "excluded_lines": 0, "percent_statements_covered": 100.0, "percent_statements_covered_display": "100", "num_branches": 0, "num_partial_branches": 0, "covered_branches": 0, "missing_branches": 0, "percent_branches_covered": 100.0, "percent_branches_covered_display": "100"}, "missing_lines": [], "excluded_lines": [], "start_line": 1, "executed_branches": [], "missing_branches": []}}}, "src/pynotebooklm/cli.py": {"executed_lines": [1, 2, 4, 5, 6, 8, 9, 10, 21, 27, 28, 29, 30, 31, 33, 34, 35, 36, 37, 38, 39, 40, 43, 45, 46, 47, 48, 49, 50, 51, 52, 54, 62, 63, 66, 67, 68, 69, 70, 71, 72, 73, 74, 76, 79, 80, 82, 83, 84, 85, 86, 87, 89, 90, 91, 94, 95, 97, 98, 99, 107, 108, 116, 117, 118, 119, 120, 122, 123, 124, 125, 127, 128, 129, 131, 134, 136, 141, 155, 156, 157, 158, 159, 161, 163, 166, 167, 170, 171, 172, 173, 174, 175, 176, 180, 183, 184, 190, 191, 192, 193, 195, 203, 204, 205, 207, 215, 216, 222, 223, 224, 225, 226, 227, 228, 232, 235, 236, 239, 240, 241, 242, 243, 244, 246, 247, 248, 250, 251, 252, 253, 254, 256, 257, 259, 261, 264, 265, 272, 273, 274, 275, 277, 285, 286, 287, 289, 297, 298, 315, 317, 318, 319, 320, 321, 323, 325, 326, 327, 328, 335, 336, 337, 338, 339, 340, 341, 342, 343, 347, 350, 351, 369, 370, 371, 372, 373, 375, 376, 377, 380, 382, 383, 386, 388, 389, 390, 391, 392, 395, 397, 400, 403, 404, 407, 408, 409, 410, 411, 413, 414, 421, 423, 427, 428, 429, 430, 435, 438, 439, 440, 441, 444, 445, 448, 452, 455, 456, 482, 484, 485, 486, 487, 488, 490, 491, 494, 497, 499, 500, 504, 506, 507, 511, 513, 518, 519, 520, 521, 522, 525, 526, 530, 531, 532, 533, 536, 538, 543, 544, 551, 552, 553, 556, 557, 558, 559, 565, 566, 571, 574, 579, 580, 585, 586, 587, 589, 590, 596, 598, 602, 610, 611, 622, 623, 624, 625, 626, 628, 629, 631, 632, 635, 636, 637, 638, 639, 642, 643, 644, 645, 647, 650, 651, 652, 654, 657, 658, 663, 664, 665, 666, 667, 669, 670, 671, 673, 674, 675, 677, 682, 683, 684, 685, 686, 688, 689, 692, 700, 702, 705, 706, 724, 725, 726, 727, 728, 730, 731, 733, 735, 736, 737, 738, 740, 745, 746, 747, 748, 751, 753, 758, 759, 760, 761, 762, 768, 769, 770, 771, 777, 785, 786, 792, 793, 794, 798, 799, 800, 801, 803, 804, 806, 809, 810, 822, 823, 824, 828, 829, 830, 833, 837, 840, 841, 846, 847, 848, 852, 853, 854, 856, 857, 859, 860, 861, 862, 864, 867, 868, 873, 874, 875, 879, 880, 881, 882, 884, 885, 886, 887, 896, 904, 905, 908, 909, 914, 915, 916, 920, 921, 922, 925, 927, 928, 929, 931, 932, 933, 934, 935, 937, 939, 940, 942, 944, 946, 948, 950, 953, 956, 959, 961, 968, 970, 973, 974, 979, 980, 981, 985, 986, 987, 990, 992, 993, 994, 996, 997, 998, 999, 1000, 1001, 1003, 1004, 1007, 1010, 1013, 1014, 1015, 1025, 1033, 1035, 1038, 1039, 1045, 1046, 1047, 1051, 1052, 1055, 1056, 1057, 1059, 1060, 1061, 1062, 1064, 1065, 1070, 1078, 1079, 1097, 1098, 1099, 1100, 1101, 1104, 1110, 1116, 1117, 1120, 1121, 1127, 1129, 1130, 1132, 1133, 1136, 1138, 1139, 1140, 1143, 1152, 1153, 1154, 1155, 1156, 1157, 1158, 1162, 1165, 1166, 1184, 1185, 1186, 1190, 1194, 1206, 1209, 1215, 1216, 1217, 1219, 1225, 1226, 1227, 1230, 1239, 1240, 1241, 1242, 1243, 1244, 1245, 1249, 1252, 1253, 1271, 1272, 1273, 1277, 1282, 1288, 1293, 1299, 1300, 1301, 1303, 1309, 1310, 1311, 1314, 1323, 1324, 1325, 1326, 1327, 1328, 1329, 1333, 1336, 1337, 1355, 1356, 1357, 1361, 1365, 1370, 1375, 1379, 1380, 1381, 1383, 1389, 1390, 1391, 1394, 1403, 1404, 1405, 1406, 1407, 1408, 1409, 1413, 1421, 1422, 1434, 1435, 1436, 1437, 1438, 1441, 1446, 1447, 1450, 1452, 1454, 1455, 1456, 1457, 1458, 1460, 1461, 1462, 1463, 1465, 1466, 1469, 1475, 1476, 1477, 1478, 1479, 1480, 1484, 1487, 1488, 1503, 1504, 1505, 1506, 1507, 1509, 1511, 1512, 1513, 1514, 1515, 1517, 1518, 1519, 1520, 1522, 1523, 1524, 1531, 1532, 1533, 1534, 1535, 1536, 1537, 1541, 1544, 1545, 1561, 1562, 1563, 1564, 1565, 1567, 1569, 1570, 1571, 1572, 1573, 1575, 1576, 1577, 1578, 1580, 1581, 1584, 1591, 1592, 1593, 1594, 1595, 1596, 1597, 1601, 1609, 1610, 1612, 1615, 1616, 1618, 1621], "summary": {"covered_lines": 680, "num_statements": 776, "percent_covered": 83.60323886639677, "percent_covered_display": "84", "missing_lines": 96, "excluded_lines": 0, "percent_statements_covered": 87.62886597938144, "percent_statements_covered_display": "88", "num_branches": 212, "num_partial_branches": 50, "covered_branches": 146, "missing_branches": 66, "percent_branches_covered": 68.86792452830188, "percent_branches_covered_display": "69"}, "missing_lines": [137, 138, 139, 140, 142, 143, 144, 145, 146, 147, 152, 196, 199, 200, 201, 278, 281, 282, 283, 398, 401, 424, 442, 514, 515, 564, 575, 648, 649, 741, 742, 764, 773, 774, 775, 795, 796, 825, 826, 849, 850, 876, 877, 889, 892, 917, 918, 941, 943, 945, 947, 949, 951, 957, 982, 983, 1008, 1016, 1017, 1018, 1019, 1020, 1021, 1022, 1023, 1048, 1049, 1067, 1068, 1122, 1125, 1187, 1188, 1207, 1208, 1210, 1213, 1220, 1223, 1274, 1275, 1289, 1292, 1294, 1297, 1304, 1307, 1358, 1359, 1371, 1374, 1376, 1377, 1384, 1387, 1622], "excluded_lines": [], "executed_branches": [[83, 84], [83, 89], [86, 87], [118, 119], [118, 122], [127, 128], [127, 131], [136, 141], [141, 155], [158, 159], [158, 161], [195, 203], [246, 247], [246, 250], [256, 257], [256, 259], [277, 285], [319, 320], [319, 323], [371, 372], [371, 375], [382, 383], [382, 388], [397, 400], [400, 403], [403, 404], [403, 427], [413, 414], [413, 421], [423, 427], [427, 428], [427, 444], [438, 439], [439, 440], [439, 441], [441, -369], [444, -369], [444, 445], [486, 487], [486, 490], [499, 500], [499, 506], [506, 507], [506, 513], [513, 518], [519, 520], [519, 538], [525, 526], [525, 531], [552, 553], [552, 571], [574, 579], [579, 580], [589, 590], [589, 596], [624, 625], [624, 628], [643, 644], [665, 666], [665, 669], [673, 674], [673, 677], [688, 689], [688, 700], [726, 727], [726, 730], [736, 737], [736, 740], [740, 745], [747, 748], [747, 753], [759, 760], [759, 761], [761, 762], [794, 798], [824, 828], [848, 852], [859, 860], [861, -846], [861, 862], [875, 879], [885, 886], [916, 920], [927, 928], [927, 931], [937, 939], [937, 968], [940, 942], [942, 944], [944, 946], [946, 948], [948, 950], [950, 953], [956, 959], [981, 985], [992, 993], [992, 996], [1003, 1004], [1003, 1033], [1007, 1010], [1014, 1015], [1047, 1051], [1051, 1052], [1051, 1059], [1055, 1056], [1064, 1065], [1099, 1100], [1099, 1104], [1116, 1117], [1116, 1121], [1121, 1127], [1132, 1133], [1132, 1138], [1186, 1190], [1206, 1209], [1209, 1215], [1219, 1225], [1273, 1277], [1288, 1293], [1293, 1299], [1303, 1309], [1357, 1361], [1370, 1375], [1375, 1379], [1383, 1389], [1436, 1437], [1436, 1441], [1446, 1447], [1446, 1452], [1456, 1457], [1456, 1460], [1461, 1462], [1461, 1465], [1505, 1506], [1505, 1509], [1513, 1514], [1513, 1517], [1518, 1519], [1518, 1522], [1563, 1564], [1563, 1567], [1571, 1572], [1571, 1575], [1576, 1577], [1576, 1580], [1621, -1]], "missing_branches": [[86, -79], [136, 137], [139, 140], [139, 161], [141, 142], [146, 147], [146, 161], [195, 196], [199, 200], [199, 203], [277, 278], [281, 282], [281, 285], [397, 398], [400, 401], [423, 424], [438, -369], [441, 442], [513, 514], [574, 575], [579, 598], [643, -622], [740, 741], [761, 764], [794, 795], [824, 825], [848, 849], [859, -846], [875, 876], [885, 889], [916, 917], [940, 941], [942, 943], [944, 945], [946, 947], [948, 949], [950, 951], [956, 957], [981, 982], [1007, 1008], [1014, 1016], [1016, 1017], [1016, 1018], [1018, 1019], [1018, 1020], [1020, 1021], [1020, 1022], [1022, 1023], [1022, 1025], [1047, 1048], [1055, 1059], [1064, 1067], [1121, 1122], [1186, 1187], [1206, 1207], [1209, 1210], [1219, 1220], [1273, 1274], [1288, 1289], [1293, 1294], [1303, 1304], [1357, 1358], [1370, 1371], [1375, 1376], [1383, 1384], [1621, 1622]], "functions": {"login": {"executed_lines": [66, 76], "summary": {"covered_lines": 2, "num_statements": 2, "percent_covered": 100.0, "percent_covered_display": "100", "missing_lines": 0, "excluded_lines": 0, "percent_statements_covered": 100.0, "percent_statements_covered_display": "100", "num_branches": 0, "num_partial_branches": 0, "covered_branches": 0, "missing_branches": 0, "percent_branches_covered": 100.0, "percent_branches_covered_display": "100"}, "missing_lines": [], "excluded_lines": [], "start_line": 63, "executed_branches": [], "missing_branches": []}, "login._run_login": {"executed_lines": [67, 68, 69, 70, 71, 72, 73, 74], "summary": {"covered_lines": 8, "num_statements": 8, "percent_covered": 100.0, "percent_covered_display": "100", "missing_lines": 0, "excluded_lines": 0, "percent_statements_covered": 100.0, "percent_statements_covered_display": "100", "num_branches": 0, "num_partial_branches": 0, "covered_branches": 0, "missing_branches": 0, "percent_branches_covered": 100.0, "percent_branches_covered_display": "100"}, "missing_lines": [], "excluded_lines": [], "start_line": 66, "executed_branches": [], "missing_branches": []}, "check": {"executed_lines": [82, 83, 84, 85, 86, 87, 89, 90, 91], "summary": {"covered_lines": 9, "num_statements": 9, "percent_covered": 92.3076923076923, "percent_covered_display": "92", "missing_lines": 0, "excluded_lines": 0, "percent_statements_covered": 100.0, "percent_statements_covered_display": "100", "num_branches": 4, "num_partial_branches": 1, "covered_branches": 3, "missing_branches": 1, "percent_branches_covered": 75.0, "percent_branches_covered_display": "75"}, "missing_lines": [], "excluded_lines": [], "start_line": 80, "executed_branches": [[83, 84], [83, 89], [86, 87]], "missing_branches": [[86, -79]]}, "logout": {"executed_lines": [97, 98, 99], "summary": {"covered_lines": 3, "num_statements": 3, "percent_covered": 100.0, "percent_covered_display": "100", "missing_lines": 0, "excluded_lines": 0, "percent_statements_covered": 100.0, "percent_statements_covered_display": "100", "num_branches": 0, "num_partial_branches": 0, "covered_branches": 0, "missing_branches": 0, "percent_branches_covered": 100.0, "percent_branches_covered_display": "100"}, "missing_lines": [], "excluded_lines": [], "start_line": 95, "executed_branches": [], "missing_branches": []}, "list_notebooks": {"executed_lines": [116, 163], "summary": {"covered_lines": 2, "num_statements": 2, "percent_covered": 100.0, "percent_covered_display": "100", "missing_lines": 0, "excluded_lines": 0, "percent_statements_covered": 100.0, "percent_statements_covered_display": "100", "num_branches": 0, "num_partial_branches": 0, "covered_branches": 0, "missing_branches": 0, "percent_branches_covered": 100.0, "percent_branches_covered_display": "100"}, "missing_lines": [], "excluded_lines": [], "start_line": 108, "executed_branches": [], "missing_branches": []}, "list_notebooks._run": {"executed_lines": [117, 118, 119, 120, 122, 123, 124, 125, 127, 128, 129, 131, 134, 136, 141, 155, 156, 157, 158, 159, 161], "summary": {"covered_lines": 21, "num_statements": 32, "percent_covered": 63.04347826086956, "percent_covered_display": "63", "missing_lines": 11, "excluded_lines": 0, "percent_statements_covered": 65.625, "percent_statements_covered_display": "66", "num_branches": 14, "num_partial_branches": 2, "covered_branches": 8, "missing_branches": 6, "percent_branches_covered": 57.142857142857146, "percent_branches_covered_display": "57"}, "missing_lines": [137, 138, 139, 140, 142, 143, 144, 145, 146, 147, 152], "excluded_lines": [], "start_line": 116, "executed_branches": [[118, 119], [118, 122], [127, 128], [127, 131], [136, 141], [141, 155], [158, 159], [158, 161]], "missing_branches": [[136, 137], [139, 140], [139, 161], [141, 142], [146, 147], [146, 161]]}, "create_notebook": {"executed_lines": [170, 180], "summary": {"covered_lines": 2, "num_statements": 2, "percent_covered": 100.0, "percent_covered_display": "100", "missing_lines": 0, "excluded_lines": 0, "percent_statements_covered": 100.0, "percent_statements_covered_display": "100", "num_branches": 0, "num_partial_branches": 0, "covered_branches": 0, "missing_branches": 0, "percent_branches_covered": 100.0, "percent_branches_covered_display": "100"}, "missing_lines": [], "excluded_lines": [], "start_line": 167, "executed_branches": [], "missing_branches": []}, "create_notebook._run": {"executed_lines": [171, 172, 173, 174, 175, 176], "summary": {"covered_lines": 6, "num_statements": 6, "percent_covered": 100.0, "percent_covered_display": "100", "missing_lines": 0, "excluded_lines": 0, "percent_statements_covered": 100.0, "percent_statements_covered_display": "100", "num_branches": 0, "num_partial_branches": 0, "covered_branches": 0, "missing_branches": 0, "percent_branches_covered": 100.0, "percent_branches_covered_display": "100"}, "missing_lines": [], "excluded_lines": [], "start_line": 170, "executed_branches": [], "missing_branches": []}, "delete_notebook": {"executed_lines": [190, 207], "summary": {"covered_lines": 2, "num_statements": 2, "percent_covered": 100.0, "percent_covered_display": "100", "missing_lines": 0, "excluded_lines": 0, "percent_statements_covered": 100.0, "percent_statements_covered_display": "100", "num_branches": 0, "num_partial_branches": 0, "covered_branches": 0, "missing_branches": 0, "percent_branches_covered": 100.0, "percent_branches_covered_display": "100"}, "missing_lines": [], "excluded_lines": [], "start_line": 184, "executed_branches": [], "missing_branches": []}, "delete_notebook._run": {"executed_lines": [191, 192, 193, 195, 203, 204, 205], "summary": {"covered_lines": 7, "num_statements": 11, "percent_covered": 53.333333333333336, "percent_covered_display": "53", "missing_lines": 4, "excluded_lines": 0, "percent_statements_covered": 63.63636363636363, "percent_statements_covered_display": "64", "num_branches": 4, "num_partial_branches": 1, "covered_branches": 1, "missing_branches": 3, "percent_branches_covered": 25.0, "percent_branches_covered_display": "25"}, "missing_lines": [196, 199, 200, 201], "excluded_lines": [], "start_line": 190, "executed_branches": [[195, 203]], "missing_branches": [[195, 196], [199, 200], [199, 203]]}, "add_source": {"executed_lines": [222, 232], "summary": {"covered_lines": 2, "num_statements": 2, "percent_covered": 100.0, "percent_covered_display": "100", "missing_lines": 0, "excluded_lines": 0, "percent_statements_covered": 100.0, "percent_statements_covered_display": "100", "num_branches": 0, "num_partial_branches": 0, "covered_branches": 0, "missing_branches": 0, "percent_branches_covered": 100.0, "percent_branches_covered_display": "100"}, "missing_lines": [], "excluded_lines": [], "start_line": 216, "executed_branches": [], "missing_branches": []}, "add_source._run": {"executed_lines": [223, 224, 225, 226, 227, 228], "summary": {"covered_lines": 6, "num_statements": 6, "percent_covered": 100.0, "percent_covered_display": "100", "missing_lines": 0, "excluded_lines": 0, "percent_statements_covered": 100.0, "percent_statements_covered_display": "100", "num_branches": 0, "num_partial_branches": 0, "covered_branches": 0, "missing_branches": 0, "percent_branches_covered": 100.0, "percent_branches_covered_display": "100"}, "missing_lines": [], "excluded_lines": [], "start_line": 222, "executed_branches": [], "missing_branches": []}, "list_sources": {"executed_lines": [239, 261], "summary": {"covered_lines": 2, "num_statements": 2, "percent_covered": 100.0, "percent_covered_display": "100", "missing_lines": 0, "excluded_lines": 0, "percent_statements_covered": 100.0, "percent_statements_covered_display": "100", "num_branches": 0, "num_partial_branches": 0, "covered_branches": 0, "missing_branches": 0, "percent_branches_covered": 100.0, "percent_branches_covered_display": "100"}, "missing_lines": [], "excluded_lines": [], "start_line": 236, "executed_branches": [], "missing_branches": []}, "list_sources._run": {"executed_lines": [240, 241, 242, 243, 244, 246, 247, 248, 250, 251, 252, 253, 254, 256, 257, 259], "summary": {"covered_lines": 16, "num_statements": 16, "percent_covered": 100.0, "percent_covered_display": "100", "missing_lines": 0, "excluded_lines": 0, "percent_statements_covered": 100.0, "percent_statements_covered_display": "100", "num_branches": 4, "num_partial_branches": 0, "covered_branches": 4, "missing_branches": 0, "percent_branches_covered": 100.0, "percent_branches_covered_display": "100"}, "missing_lines": [], "excluded_lines": [], "start_line": 239, "executed_branches": [[246, 247], [246, 250], [256, 257], [256, 259]], "missing_branches": []}, "delete_source": {"executed_lines": [272, 289], "summary": {"covered_lines": 2, "num_statements": 2, "percent_covered": 100.0, "percent_covered_display": "100", "missing_lines": 0, "excluded_lines": 0, "percent_statements_covered": 100.0, "percent_statements_covered_display": "100", "num_branches": 0, "num_partial_branches": 0, "covered_branches": 0, "missing_branches": 0, "percent_branches_covered": 100.0, "percent_branches_covered_display": "100"}, "missing_lines": [], "excluded_lines": [], "start_line": 265, "executed_branches": [], "missing_branches": []}, "delete_source._run": {"executed_lines": [273, 274, 275, 277, 285, 286, 287], "summary": {"covered_lines": 7, "num_statements": 11, "percent_covered": 53.333333333333336, "percent_covered_display": "53", "missing_lines": 4, "excluded_lines": 0, "percent_statements_covered": 63.63636363636363, "percent_statements_covered_display": "64", "num_branches": 4, "num_partial_branches": 1, "covered_branches": 1, "missing_branches": 3, "percent_branches_covered": 25.0, "percent_branches_covered_display": "25"}, "missing_lines": [278, 281, 282, 283], "excluded_lines": [], "start_line": 272, "executed_branches": [[277, 285]], "missing_branches": [[277, 278], [281, 282], [281, 285]]}, "start_research": {"executed_lines": [315, 317, 347], "summary": {"covered_lines": 3, "num_statements": 3, "percent_covered": 100.0, "percent_covered_display": "100", "missing_lines": 0, "excluded_lines": 0, "percent_statements_covered": 100.0, "percent_statements_covered_display": "100", "num_branches": 0, "num_partial_branches": 0, "covered_branches": 0, "missing_branches": 0, "percent_branches_covered": 100.0, "percent_branches_covered_display": "100"}, "missing_lines": [], "excluded_lines": [], "start_line": 298, "executed_branches": [], "missing_branches": []}, "start_research._run": {"executed_lines": [318, 319, 320, 321, 323, 325, 326, 327, 328, 335, 336, 337, 338, 339, 340, 341, 342, 343], "summary": {"covered_lines": 18, "num_statements": 18, "percent_covered": 100.0, "percent_covered_display": "100", "missing_lines": 0, "excluded_lines": 0, "percent_statements_covered": 100.0, "percent_statements_covered_display": "100", "num_branches": 2, "num_partial_branches": 0, "covered_branches": 2, "missing_branches": 0, "percent_branches_covered": 100.0, "percent_branches_covered_display": "100"}, "missing_lines": [], "excluded_lines": [], "start_line": 317, "executed_branches": [[319, 320], [319, 323]], "missing_branches": []}, "poll_research": {"executed_lines": [369, 452], "summary": {"covered_lines": 2, "num_statements": 2, "percent_covered": 100.0, "percent_covered_display": "100", "missing_lines": 0, "excluded_lines": 0, "percent_statements_covered": 100.0, "percent_statements_covered_display": "100", "num_branches": 0, "num_partial_branches": 0, "covered_branches": 0, "missing_branches": 0, "percent_branches_covered": 100.0, "percent_branches_covered_display": "100"}, "missing_lines": [], "excluded_lines": [], "start_line": 351, "executed_branches": [], "missing_branches": []}, "poll_research._run": {"executed_lines": [370, 371, 372, 373, 375, 376, 377, 380, 382, 383, 386, 388, 389, 390, 391, 392, 395, 397, 400, 403, 404, 407, 408, 409, 410, 411, 413, 414, 421, 423, 427, 428, 429, 430, 435, 438, 439, 440, 441, 444, 445, 448], "summary": {"covered_lines": 42, "num_statements": 46, "percent_covered": 87.14285714285714, "percent_covered_display": "87", "missing_lines": 4, "excluded_lines": 0, "percent_statements_covered": 91.30434782608695, "percent_statements_covered_display": "91", "num_branches": 24, "num_partial_branches": 5, "covered_branches": 19, "missing_branches": 5, "percent_branches_covered": 79.16666666666667, "percent_branches_covered_display": "79"}, "missing_lines": [398, 401, 424, 442], "excluded_lines": [], "start_line": 369, "executed_branches": [[371, 372], [371, 375], [382, 383], [382, 388], [397, 400], [400, 403], [403, 404], [403, 427], [413, 414], [413, 421], [423, 427], [427, 428], [427, 444], [438, 439], [439, 440], [439, 441], [441, -369], [444, -369], [444, 445]], "missing_branches": [[397, 398], [400, 401], [423, 424], [438, -369], [441, 442]]}, "import_research": {"executed_lines": [482, 484, 602], "summary": {"covered_lines": 3, "num_statements": 3, "percent_covered": 100.0, "percent_covered_display": "100", "missing_lines": 0, "excluded_lines": 0, "percent_statements_covered": 100.0, "percent_statements_covered_display": "100", "num_branches": 0, "num_partial_branches": 0, "cove
[...]
missing_lines": 1, "excluded_lines": 0, "percent_statements_covered": 90.9090909090909, "percent_statements_covered_display": "91", "num_branches": 4, "num_partial_branches": 1, "covered_branches": 3, "missing_branches": 1, "percent_branches_covered": 75.0, "percent_branches_covered_display": "75"}, "missing_lines": [215], "excluded_lines": [], "start_line": 189, "executed_branches": [[214, 217], [217, 218], [217, 220]], "missing_branches": [[214, 215]]}, "SourceManager.batch_add_urls": {"executed_lines": [243, 244, 245, 246, 248, 251], "summary": {"covered_lines": 6, "num_statements": 6, "percent_covered": 100.0, "percent_covered_display": "100", "missing_lines": 0, "excluded_lines": 0, "percent_statements_covered": 100.0, "percent_statements_covered_display": "100", "num_branches": 4, "num_partial_branches": 0, "covered_branches": 4, "missing_branches": 0, "percent_branches_covered": 100.0, "percent_branches_covered_display": "100"}, "missing_lines": [], "excluded_lines": [], "start_line": 232, "executed_branches": [[243, 244], [243, 245], [245, 246], [245, 248]], "missing_branches": []}, "SourceManager.list_sources": {"executed_lines": [272, 273, 275, 277, 279, 280, 281, 286, 287], "summary": {"covered_lines": 9, "num_statements": 12, "percent_covered": 78.57142857142857, "percent_covered_display": "79", "missing_lines": 3, "excluded_lines": 0, "percent_statements_covered": 75.0, "percent_statements_covered_display": "75", "num_branches": 2, "num_partial_branches": 0, "covered_branches": 2, "missing_branches": 0, "percent_branches_covered": 100.0, "percent_branches_covered_display": "100"}, "missing_lines": [282, 283, 284], "excluded_lines": [], "start_line": 253, "executed_branches": [[272, 273], [272, 275]], "missing_branches": []}, "SourceManager.delete": {"executed_lines": [309, 310, 312, 313, 315, 317, 319, 320], "summary": {"covered_lines": 8, "num_statements": 8, "percent_covered": 100.0, "percent_covered_display": "100", "missing_lines": 0, "excluded_lines": 0, "percent_statements_covered": 100.0, "percent_statements_covered_display": "100", "num_branches": 4, "num_partial_branches": 0, "covered_branches": 4, "missing_branches": 0, "percent_branches_covered": 100.0, "percent_branches_covered_display": "100"}, "missing_lines": [], "excluded_lines": [], "start_line": 289, "executed_branches": [[309, 310], [309, 312], [312, 313], [312, 315]], "missing_branches": []}, "SourceManager.list_drive": {"executed_lines": [339, 341, 343, 344, 345, 346, 353, 354], "summary": {"covered_lines": 8, "num_statements": 8, "percent_covered": 91.66666666666667, "percent_covered_display": "92", "missing_lines": 0, "excluded_lines": 0, "percent_statements_covered": 100.0, "percent_statements_covered_display": "100", "num_branches": 4, "num_partial_branches": 1, "covered_branches": 3, "missing_branches": 1, "percent_branches_covered": 75.0, "percent_branches_covered_display": "75"}, "missing_lines": [], "excluded_lines": [], "start_line": 322, "executed_branches": [[344, 345], [344, 353], [345, 346]], "missing_branches": [[345, 344]]}, "SourceManager._is_valid_url": {"executed_lines": [362, 363], "summary": {"covered_lines": 2, "num_statements": 2, "percent_covered": 100.0, "percent_covered_display": "100", "missing_lines": 0, "excluded_lines": 0, "percent_statements_covered": 100.0, "percent_statements_covered_display": "100", "num_branches": 0, "num_partial_branches": 0, "covered_branches": 0, "missing_branches": 0, "percent_branches_covered": 100.0, "percent_branches_covered_display": "100"}, "missing_lines": [], "excluded_lines": [], "start_line": 360, "executed_branches": [], "missing_branches": []}, "SourceManager._is_youtube_url": {"executed_lines": [367, 373], "summary": {"covered_lines": 2, "num_statements": 2, "percent_covered": 100.0, "percent_covered_display": "100", "missing_lines": 0, "excluded_lines": 0, "percent_statements_covered": 100.0, "percent_statements_covered_display": "100", "num_branches": 0, "num_partial_branches": 0, "covered_branches": 0, "missing_branches": 0, "percent_branches_covered": 100.0, "percent_branches_covered_display": "100"}, "missing_lines": [], "excluded_lines": [], "start_line": 365, "executed_branches": [], "missing_branches": []}, "": {"executed_lines": [8, 9, 10, 11, 13, 14, 19, 22, 36, 46, 97, 141, 189, 232, 253, 289, 322, 360, 365], "summary": {"covered_lines": 19, "num_statements": 19, "percent_covered": 100.0, "percent_covered_display": "100", "missing_lines": 0, "excluded_lines": 2, "percent_statements_covered": 100.0, "percent_statements_covered_display": "100", "num_branches": 0, "num_partial_branches": 0, "covered_branches": 0, "missing_branches": 0, "percent_branches_covered": 100.0, "percent_branches_covered_display": "100"}, "missing_lines": [], "excluded_lines": [16, 17], "start_line": 1, "executed_branches": [], "missing_branches": []}}, "classes": {"SourceManager": {"executed_lines": [43, 44, 73, 74, 76, 77, 80, 81, 84, 85, 86, 88, 90, 92, 94, 95, 122, 125, 128, 129, 131, 133, 135, 136, 138, 139, 171, 174, 175, 177, 179, 181, 183, 184, 186, 187, 214, 217, 218, 220, 222, 224, 226, 227, 229, 230, 243, 244, 245, 246, 248, 251, 272, 273, 275, 277, 279, 280, 281, 286, 287, 309, 310, 312, 313, 315, 317, 319, 320, 339, 341, 343, 344, 345, 346, 353, 354, 362, 363, 367, 373], "summary": {"covered_lines": 81, "num_statements": 88, "percent_covered": 90.3225806451613, "percent_covered_display": "90", "missing_lines": 7, "excluded_lines": 0, "percent_statements_covered": 92.04545454545455, "percent_statements_covered_display": "92", "num_branches": 36, "num_partial_branches": 5, "covered_branches": 31, "missing_branches": 5, "percent_branches_covered": 86.11111111111111, "percent_branches_covered_display": "86"}, "missing_lines": [123, 126, 172, 215, 282, 283, 284], "excluded_lines": [], "start_line": 22, "executed_branches": [[73, 74], [73, 76], [76, 77], [76, 80], [80, 81], [80, 84], [84, 85], [84, 88], [122, 125], [125, 128], [128, 129], [128, 131], [171, 174], [174, 175], [174, 177], [214, 217], [217, 218], [217, 220], [243, 244], [243, 245], [245, 246], [245, 248], [272, 273], [272, 275], [309, 310], [309, 312], [312, 313], [312, 315], [344, 345], [344, 353], [345, 346]], "missing_branches": [[122, 123], [125, 126], [171, 172], [214, 215], [345, 344]]}, "": {"executed_lines": [8, 9, 10, 11, 13, 14, 19, 22, 36, 46, 97, 141, 189, 232, 253, 289, 322, 360, 365], "summary": {"covered_lines": 19, "num_statements": 19, "percent_covered": 100.0, "percent_covered_display": "100", "missing_lines": 0, "excluded_lines": 2, "percent_statements_covered": 100.0, "percent_statements_covered_display": "100", "num_branches": 0, "num_partial_branches": 0, "covered_branches": 0, "missing_branches": 0, "percent_branches_covered": 100.0, "percent_branches_covered_display": "100"}, "missing_lines": [], "excluded_lines": [16, 17], "start_line": 1, "executed_branches": [], "missing_branches": []}}}, "src/pynotebooklm/study.py": {"executed_lines": [8, 9, 10, 12, 14, 15, 17, 20, 23, 24, 27, 28, 31, 32, 33, 34, 42, 45, 46, 47, 55, 58, 59, 60, 61, 63, 66, 69, 70, 71, 72, 73, 75, 78, 81, 82, 83, 84, 85, 87, 95, 97, 102, 105, 107, 108, 116, 151, 158, 160, 180, 181, 183, 186, 190, 204, 217, 219, 220, 221, 222, 224, 226, 248, 249, 252, 257, 272, 285, 287, 288, 289, 290, 292, 294, 316, 317, 319, 320, 323, 327, 330, 352, 354, 355, 356, 357, 359, 361, 368, 369, 371, 372, 373, 375, 376, 378, 379, 380, 381, 383, 385, 392, 400, 401, 403, 404, 405, 407, 408, 410, 411, 412, 413, 415, 417, 425, 433, 434, 436, 437, 438, 440, 441, 443, 444, 445, 446, 448, 450], "summary": {"covered_lines": 130, "num_statements": 130, "percent_covered": 100.0, "percent_covered_display": "100", "missing_lines": 0, "excluded_lines": 0, "percent_statements_covered": 100.0, "percent_statements_covered_display": "100", "num_branches": 32, "num_partial_branches": 0, "covered_branches": 32, "missing_branches": 0, "percent_branches_covered": 100.0, "percent_branches_covered_display": "100"}, "missing_lines": [], "excluded_lines": [], "executed_branches": [[180, 181], [180, 183], [248, 249], [248, 252], [316, 317], [316, 319], [319, 320], [319, 323], [368, 369], [368, 371], [372, 373], [372, 375], [378, 379], [378, 380], [380, 381], [380, 383], [400, 401], [400, 403], [404, 405], [404, 407], [410, 411], [410, 412], [412, 413], [412, 415], [433, 434], [433, 436], [437, 438], [437, 440], [443, 444], [443, 445], [445, 446], [445, 448]], "missing_branches": [], "functions": {"_difficulty_to_code": {"executed_lines": [97, 102], "summary": {"covered_lines": 2, "num_statements": 2, "percent_covered": 100.0, "percent_covered_display": "100", "missing_lines": 0, "excluded_lines": 0, "percent_statements_covered": 100.0, "percent_statements_covered_display": "100", "num_branches": 0, "num_partial_branches": 0, "covered_branches": 0, "missing_branches": 0, "percent_branches_covered": 100.0, "percent_branches_covered_display": "100"}, "missing_lines": [], "excluded_lines": [], "start_line": 95, "executed_branches": [], "missing_branches": []}, "_code_to_difficulty": {"executed_lines": [107, 108], "summary": {"covered_lines": 2, "num_statements": 2, "percent_covered": 100.0, "percent_covered_display": "100", "missing_lines": 0, "excluded_lines": 0, "percent_statements_covered": 100.0, "percent_statements_covered_display": "100", "num_branches": 0, "num_partial_branches": 0, "covered_branches": 0, "missing_branches": 0, "percent_branches_covered": 100.0, "percent_branches_covered_display": "100"}, "missing_lines": [], "excluded_lines": [], "start_line": 105, "executed_branches": [], "missing_branches": []}, "StudyManager.__init__": {"executed_lines": [158], "summary": {"covered_lines": 1, "num_statements": 1, "percent_covered": 100.0, "percent_covered_display": "100", "missing_lines": 0, "excluded_lines": 0, "percent_statements_covered": 100.0, "percent_statements_covered_display": "100", "num_branches": 0, "num_partial_branches": 0, "covered_branches": 0, "missing_branches": 0, "percent_branches_covered": 100.0, "percent_branches_covered_display": "100"}, "missing_lines": [], "excluded_lines": [], "start_line": 151, "executed_branches": [], "missing_branches": []}, "StudyManager.create_flashcards": {"executed_lines": [180, 181, 183, 186, 190, 204, 217, 219, 220, 221, 222, 224], "summary": {"covered_lines": 12, "num_statements": 12, "percent_covered": 100.0, "percent_covered_display": "100", "missing_lines": 0, "excluded_lines": 0, "percent_statements_covered": 100.0, "percent_statements_covered_display": "100", "num_branches": 2, "num_partial_branches": 0, "covered_branches": 2, "missing_branches": 0, "percent_branches_covered": 100.0, "percent_branches_covered_display": "100"}, "missing_lines": [], "excluded_lines": [], "start_line": 160, "executed_branches": [[180, 181], [180, 183]], "missing_branches": []}, "StudyManager.create_quiz": {"executed_lines": [248, 249, 252, 257, 272, 285, 287, 288, 289, 290, 292], "summary": {"covered_lines": 11, "num_statements": 11, "percent_covered": 100.0, "percent_covered_display": "100", "missing_lines": 0, "excluded_lines": 0, "percent_statements_covered": 100.0, "percent_statements_covered_display": "100", "num_branches": 2, "num_partial_branches": 0, "covered_branches": 2, "missing_branches": 0, "percent_branches_covered": 100.0, "percent_branches_covered_display": "100"}, "missing_lines": [], "excluded_lines": [], "start_line": 226, "executed_branches": [[248, 249], [248, 252]], "missing_branches": []}, "StudyManager.create_data_table": {"executed_lines": [316, 317, 319, 320, 323, 327, 330, 352, 354, 355, 356, 357, 359], "summary": {"covered_lines": 13, "num_statements": 13, "percent_covered": 100.0, "percent_covered_display": "100", "missing_lines": 0, "excluded_lines": 0, "percent_statements_covered": 100.0, "percent_statements_covered_display": "100", "num_branches": 4, "num_partial_branches": 0, "covered_branches": 4, "missing_branches": 0, "percent_branches_covered": 100.0, "percent_branches_covered_display": "100"}, "missing_lines": [], "excluded_lines": [], "start_line": 294, "executed_branches": [[316, 317], [316, 319], [319, 320], [319, 323]], "missing_branches": []}, "StudyManager._parse_flashcard_result": {"executed_lines": [368, 369, 371, 372, 373, 375, 376, 378, 379, 380, 381, 383, 385], "summary": {"covered_lines": 13, "num_statements": 13, "percent_covered": 100.0, "percent_covered_display": "100", "missing_lines": 0, "excluded_lines": 0, "percent_statements_covered": 100.0, "percent_statements_covered_display": "100", "num_branches": 8, "num_partial_branches": 0, "covered_branches": 8, "missing_branches": 0, "percent_branches_covered": 100.0, "percent_branches_covered_display": "100"}, "missing_lines": [], "excluded_lines": [], "start_line": 361, "executed_branches": [[368, 369], [368, 371], [372, 373], [372, 375], [378, 379], [378, 380], [380, 381], [380, 383]], "missing_branches": []}, "StudyManager._parse_quiz_result": {"executed_lines": [400, 401, 403, 404, 405, 407, 408, 410, 411, 412, 413, 415, 417], "summary": {"covered_lines": 13, "num_statements": 13, "percent_covered": 100.0, "percent_covered_display": "100", "missing_lines": 0, "excluded_lines": 0, "percent_statements_covered": 100.0, "percent_statements_covered_display": "100", "num_branches": 8, "num_partial_branches": 0, "covered_branches": 8, "missing_branches": 0, "percent_branches_covered": 100.0, "percent_branches_covered_display": "100"}, "missing_lines": [], "excluded_lines": [], "start_line": 392, "executed_branches": [[400, 401], [400, 403], [404, 405], [404, 407], [410, 411], [410, 412], [412, 413], [412, 415]], "missing_branches": []}, "StudyManager._parse_data_table_result": {"executed_lines": [433, 434, 436, 437, 438, 440, 441, 443, 444, 445, 446, 448, 450], "summary": {"covered_lines": 13, "num_statements": 13, "percent_covered": 100.0, "percent_covered_display": "100", "missing_lines": 0, "excluded_lines": 0, "percent_statements_covered": 100.0, "percent_statements_covered_display": "100", "num_branches": 8, "num_partial_branches": 0, "covered_branches": 8, "missing_branches": 0, "percent_branches_covered": 100.0, "percent_branches_covered_display": "100"}, "missing_lines": [], "excluded_lines": [], "start_line": 425, "executed_branches": [[433, 434], [433, 436], [437, 438], [437, 440], [443, 444], [443, 445], [445, 446], [445, 448]], "missing_branches": []}, "": {"executed_lines": [8, 9, 10, 12, 14, 15, 17, 20, 23, 24, 27, 28, 31, 32, 33, 34, 42, 45, 46, 47, 55, 58, 59, 60, 61, 63, 66, 69, 70, 71, 72, 73, 75, 78, 81, 82, 83, 84, 85, 87, 95, 105, 116, 151, 160, 226, 294, 361, 392, 425], "summary": {"covered_lines": 50, "num_statements": 50, "percent_covered": 100.0, "percent_covered_display": "100", "missing_lines": 0, "excluded_lines": 0, "percent_statements_covered": 100.0, "percent_statements_covered_display": "100", "num_branches": 0, "num_partial_branches": 0, "covered_branches": 0, "missing_branches": 0, "percent_branches_covered": 100.0, "percent_branches_covered_display": "100"}, "missing_lines": [], "excluded_lines": [], "start_line": 1, "executed_branches": [], "missing_branches": []}}, "classes": {"FlashcardDifficulty": {"executed_lines": [], "summary": {"covered_lines": 0, "num_statements": 0, "percent_covered": 100.0, "percent_covered_display": "100", "missing_lines": 0, "excluded_lines": 0, "percent_statements_covered": 100.0, "percent_statements_covered_display": "100", "num_branches": 0, "num_partial_branches": 0, "covered_branches": 0, "missing_branches": 0, "percent_branches_covered": 100.0, "percent_branches_covered_display": "100"}, "missing_lines": [], "excluded_lines": [], "start_line": 42, "executed_branches": [], "missing_branches": []}, "FlashcardCreateResult": {"executed_lines": [], "summary": {"covered_lines": 0, "num_statements": 0, "percent_covered": 100.0, "percent_covered_display": "100", "missing_lines": 0, "excluded_lines": 0, "percent_statements_covered": 100.0, "percent_statements_covered_display": "100", "num_branches": 0, "num_partial_branches": 0, "covered_branches": 0, "missing_branches": 0, "percent_branches_covered": 100.0, "percent_branches_covered_display": "100"}, "missing_lines": [], "excluded_lines": [], "start_line": 55, "executed_branches": [], "missing_branches": []}, "QuizCreateResult": {"executed_lines": [], "summary": {"covered_lines": 0, "num_statements": 0, "percent_covered": 100.0, "percent_covered_display": "100", "missing_lines": 0, "excluded_lines": 0, "percent_statements_covered": 100.0, "percent_statements_covered_display": "100", "num_branches": 0, "num_partial_branches": 0, "covered_branches": 0, "missing_branches": 0, "percent_branches_covered": 100.0, "percent_branches_covered_display": "100"}, "missing_lines": [], "excluded_lines": [], "start_line": 66, "executed_branches": [], "missing_branches": []}, "DataTableCreateResult": {"executed_lines": [], "summary": {"covered_lines": 0, "num_statements": 0, "percent_covered": 100.0, "percent_covered_display": "100", "missing_lines": 0, "excluded_lines": 0, "percent_statements_covered": 100.0, "percent_statements_covered_display": "100", "num_branches": 0, "num_partial_branches": 0, "covered_branches": 0, "missing_branches": 0, "percent_branches_covered": 100.0, "percent_branches_covered_display": "100"}, "missing_lines": [], "excluded_lines": [], "start_line": 78, "executed_branches": [], "missing_branches": []}, "StudyManager": {"executed_lines": [158, 180, 181, 183, 186, 190, 204, 217, 219, 220, 221, 222, 224, 248, 249, 252, 257, 272, 285, 287, 288, 289, 290, 292, 316, 317, 319, 320, 323, 327, 330, 352, 354, 355, 356, 357, 359, 368, 369, 371, 372, 373, 375, 376, 378, 379, 380, 381, 383, 385, 400, 401, 403, 404, 405, 407, 408, 410, 411, 412, 413, 415, 417, 433, 434, 436, 437, 438, 440, 441, 443, 444, 445, 446, 448, 450], "summary": {"covered_lines": 76, "num_statements": 76, "percent_covered": 100.0, "percent_covered_display": "100", "missing_lines": 0, "excluded_lines": 0, "percent_statements_covered": 100.0, "percent_statements_covered_display": "100", "num_branches": 32, "num_partial_branches": 0, "covered_branches": 32, "missing_branches": 0, "percent_branches_covered": 100.0, "percent_branches_covered_display": "100"}, "missing_lines": [], "excluded_lines": [], "start_line": 116, "executed_branches": [[180, 181], [180, 183], [248, 249], [248, 252], [316, 317], [316, 319], [319, 320], [319, 323], [368, 369], [368, 371], [372, 373], [372, 375], [378, 379], [378, 380], [380, 381], [380, 383], [400, 401], [400, 403], [404, 405], [404, 407], [410, 411], [410, 412], [412, 413], [412, 415], [433, 434], [433, 436], [437, 438], [437, 440], [443, 444], [443, 445], [445, 446], [445, 448]], "missing_branches": []}, "": {"executed_lines": [8, 9, 10, 12, 14, 15, 17, 20, 23, 24, 27, 28, 31, 32, 33, 34, 42, 45, 46, 47, 55, 58, 59, 60, 61, 63, 66, 69, 70, 71, 72, 73, 75, 78, 81, 82, 83, 84, 85, 87, 95, 97, 102, 105, 107, 108, 116, 151, 160, 226, 294, 361, 392, 425], "summary": {"covered_lines": 54, "num_statements": 54, "percent_covered": 100.0, "percent_covered_display": "100", "missing_lines": 0, "excluded_lines": 0, "percent_statements_covered": 100.0, "percent_statements_covered_display": "100", "num_branches": 0, "num_partial_branches": 0, "covered_branches": 0, "missing_branches": 0, "percent_branches_covered": 100.0, "percent_branches_covered_display": "100"}, "missing_lines": [], "excluded_lines": [], "start_line": 1, "executed_branches": [], "missing_branches": []}}}}, "totals": {"covered_lines": 3049, "num_statements": 3275, "percent_covered": 90.03550295857988, "percent_covered_display": "90", "missing_lines": 226, "excluded_lines": 8, "percent_statements_covered": 93.09923664122137, "percent_statements_covered_display": "93", "num_branches": 950, "num_partial_branches": 165, "covered_branches": 755, "missing_branches": 195, "percent_branches_covered": 79.47368421052632, "percent_branches_covered_display": "79"}}