{"meta": {"format": 3, "version": "7.13.1", "timestamp": "2026-01-10T14:07:10.757754", "branch_coverage": true, "show_contexts": false}, "files": {"src/pynotebooklm/__init__.py": {"executed_lines": [8, 9, 10, 22, 31, 41, 42, 51, 52, 54, 56], "summary": {"covered_lines": 11, "num_statements": 11, "percent_covered": 100.0, "percent_covered_display": "100", "missing_lines": 0, "excluded_lines": 0, "percent_statements_covered": 100.0, "percent_statements_covered_display": "100", "num_branches": 0, "num_partial_branches": 0, "covered_branches": 0, "missing_branches": 0, "percent_branches_covered": 100.0, "percent_branches_covered_display": "100"}, "missing_lines": [], "excluded_lines": [], "executed_branches": [], "missing_branches": [], "functions": {"": {"executed_lines": [8, 9, 10, 22, 31, 41, 42, 51, 52, 54, 56], "summary": {"covered_lines": 11, "num_statements": 11, "percent_covered": 100.0, "percent_covered_display": "100", "missing_lines": 0, "excluded_lines": 0, "percent_statements_covered": 100.0, "percent_statements_covered_display": "100", "num_branches": 0, "num_partial_branches": 0, "covered_branches": 0, "missing_branches": 0, "percent_branches_covered": 100.0, "percent_branches_covered_display": "100"}, "missing_lines": [], "excluded_lines": [], "start_line": 1, "executed_branches": [], "missing_branches": []}}, "classes": {"": {"executed_lines": [8, 9, 10, 22, 31, 41, 42, 51, 52, 54, 56], "summary": {"covered_lines": 11, "num_statements": 11, "percent_covered": 100.0, "percent_covered_display": "100", "missing_lines": 0, "excluded_lines": 0, "percent_statements_covered": 100.0, "percent_statements_covered_display": "100", "num_branches": 0, "num_partial_branches": 0, "covered_branches": 0, "missing_branches": 0, "percent_branches_covered": 100.0, "percent_branches_covered_display": "100"}, "missing_lines": [], "excluded_lines": [], "start_line": 1, "executed_branches": [], "missing_branches": []}}}, "src/pynotebooklm/__main__.py": {"executed_lines": [1, 3, 4], "summary": {"covered_lines": 3, "num_statements": 3, "percent_covered": 100.0, "percent_covered_display": "100", "missing_lines": 0, "excluded_lines": 0, "percent_statements_covered": 100.0, "percent_statements_covered_display": "100", "num_branches": 2, "num_partial_branches": 0, "covered_branches": 2, "missing_branches": 0, "percent_branches_covered": 100.0, "percent_branches_covered_display": "100"}, "missing_lines": [], "excluded_lines": [], "executed_branches": [[3, -1], [3, 4]], "missing_branches": [], "functions": {"": {"executed_lines": [1, 3, 4], "summary": {"covered_lines": 3, "num_statements": 3, "percent_covered": 100.0, "percent_covered_display": "100", "missing_lines": 0, "excluded_lines": 0, "percent_statements_covered": 100.0, "percent_statements_covered_display": "100", "num_branches": 2, "num_partial_branches": 0, "covered_branches": 2, "missing_branches": 0, "percent_branches_covered": 100.0, "percent_branches_covered_display": "100"}, "missing_lines": [], "excluded_lines": [], "start_line": 1, "executed_branches": [[3, -1], [3, 4]], "missing_branches": []}}, "classes": {"": {"executed_lines": [1, 3, 4], "summary": {"covered_lines": 3, "num_statements": 3, "percent_covered": 100.0, "percent_covered_display": "100", "missing_lines": 0, "excluded_lines": 0, "percent_statements_covered": 100.0, "percent_statements_covered_display": "100", "num_branches": 2, "num_partial_branches": 0, "covered_branches": 2, "missing_branches": 0, "percent_branches_covered": 100.0, "percent_branches_covered_display": "100"}, "missing_lines": [], "excluded_lines": [], "start_line": 1, "executed_branches": [[3, -1], [3, 4]], "missing_branches": []}}}, "src/pynotebooklm/api.py": {"executed_lines": [8, 9, 10, 11, 13, 18, 19, 21, 29, 30, 31, 32, 33, 36, 37, 38, 39, 42, 43, 46, 59, 66, 72, 82, 83, 89, 90, 91, 93, 95, 108, 111, 116, 118, 132, 134, 135, 139, 140, 142, 143, 146, 161, 163, 164, 168, 169, 170, 171, 174, 188, 190, 191, 195, 196, 197, 198, 205, 209, 212, 213, 215, 216, 220, 221, 222, 223, 224, 225, 228, 232, 235, 236, 237, 241, 242, 244, 245, 249, 250, 251, 252, 253, 255, 272, 273, 277, 278, 282, 283, 284, 285, 286, 288, 292, 296, 309, 311, 312, 316, 317, 318, 319, 320, 322, 325, 349, 350, 352, 368, 370, 371, 375, 376, 377, 378, 379, 380, 385, 395, 397, 402, 403, 404, 410, 420, 426, 427, 428, 429, 431, 439, 441, 442, 444, 445, 446, 447, 455, 457, 458, 459, 465, 475, 478, 479, 482, 483, 486, 487, 490, 499, 500, 503, 504, 505, 506, 507, 510, 512, 522, 532, 533, 536, 537, 540, 542, 545, 546, 548, 550, 552, 553, 554, 555, 556, 557, 558, 560, 563, 564, 567, 568, 569, 570, 571, 572, 573, 575], "summary": {"covered_lines": 189, "num_statements": 212, "percent_covered": 84.35374149659864, "percent_covered_display": "84", "missing_lines": 23, "excluded_lines": 0, "percent_statements_covered": 89.15094339622641, "percent_statements_covered_display": "89", "num_branches": 82, "num_partial_branches": 13, "covered_branches": 59, "missing_branches": 23, "percent_branches_covered": 71.95121951219512, "percent_branches_covered_display": "72"}, "missing_lines": [144, 172, 199, 226, 342, 343, 345, 346, 383, 448, 453, 460, 461, 462, 476, 491, 493, 494, 495, 496, 508, 509, 538], "excluded_lines": [], "executed_branches": [[89, 90], [89, 93], [142, 143], [170, 171], [197, 198], [222, 223], [222, 224], [224, 225], [236, 237], [236, 241], [251, 252], [251, 253], [284, 285], [284, 286], [318, 319], [318, 320], [325, 349], [377, 378], [378, 379], [378, 380], [402, 403], [402, 404], [426, 427], [426, 431], [428, 426], [428, 429], [441, 442], [441, 444], [446, 447], [455, 457], [457, 458], [457, 459], [475, 478], [478, 479], [478, 482], [490, 499], [503, 504], [504, 505], [504, 510], [532, 533], [532, 536], [537, 540], [548, 550], [548, 567], [552, 553], [553, 554], [553, 555], [555, 556], [555, 557], [557, 558], [557, 560], [563, 564], [563, 567], [568, 569], [568, 575], [570, 571], [570, 572], [572, 573], [572, 575]], "missing_branches": [[142, 144], [170, 172], [197, 199], [224, 226], [325, 342], [343, 345], [343, 349], [345, 346], [345, 349], [377, 383], [446, 448], [448, 453], [448, 455], [455, 462], [475, 476], [490, 491], [493, 494], [493, 495], [495, 496], [495, 499], [503, 512], [537, 538], [552, 563]], "functions": {"NotebookLMAPI.__init__": {"executed_lines": [66], "summary": {"covered_lines": 1, "num_statements": 1, "percent_covered": 100.0, "percent_covered_display": "100", "missing_lines": 0, "excluded_lines": 0, "percent_statements_covered": 100.0, "percent_statements_covered_display": "100", "num_branches": 0, "num_partial_branches": 0, "covered_branches": 0, "missing_branches": 0, "percent_branches_covered": 100.0, "percent_branches_covered_display": "100"}, "missing_lines": [], "excluded_lines": [], "start_line": 59, "executed_branches": [], "missing_branches": []}, "NotebookLMAPI.list_notebooks": {"executed_lines": [82, 83, 89, 90, 91, 93], "summary": {"covered_lines": 6, "num_statements": 6, "percent_covered": 100.0, "percent_covered_display": "100", "missing_lines": 0, "excluded_lines": 0, "percent_statements_covered": 100.0, "percent_statements_covered_display": "100", "num_branches": 2, "num_partial_branches": 0, "covered_branches": 2, "missing_branches": 0, "percent_branches_covered": 100.0, "percent_branches_covered_display": "100"}, "missing_lines": [], "excluded_lines": [], "start_line": 72, "executed_branches": [[89, 90], [89, 93]], "missing_branches": []}, "NotebookLMAPI.create_notebook": {"executed_lines": [108, 111, 116], "summary": {"covered_lines": 3, "num_statements": 3, "percent_covered": 100.0, "percent_covered_display": "100", "missing_lines": 0, "excluded_lines": 0, "percent_statements_covered": 100.0, "percent_statements_covered_display": "100", "num_branches": 0, "num_partial_branches": 0, "covered_branches": 0, "missing_branches": 0, "percent_branches_covered": 100.0, "percent_branches_covered_display": "100"}, "missing_lines": [], "excluded_lines": [], "start_line": 95, "executed_branches": [], "missing_branches": []}, "NotebookLMAPI.get_notebook": {"executed_lines": [132, 134, 135, 139, 140, 142, 143], "summary": {"covered_lines": 7, "num_statements": 8, "percent_covered": 80.0, "percent_covered_display": "80", "missing_lines": 1, "excluded_lines": 0, "percent_statements_covered": 87.5, "percent_statements_covered_display": "88", "num_branches": 2, "num_partial_branches": 1, "covered_branches": 1, "missing_branches": 1, "percent_branches_covered": 50.0, "percent_branches_covered_display": "50"}, "missing_lines": [144], "excluded_lines": [], "start_line": 118, "executed_branches": [[142, 143]], "missing_branches": [[142, 144]]}, "NotebookLMAPI.rename_notebook": {"executed_lines": [161, 163, 164, 168, 169, 170, 171], "summary": {"covered_lines": 7, "num_statements": 8, "percent_covered": 80.0, "percent_covered_display": "80", "missing_lines": 1, "excluded_lines": 0, "percent_statements_covered": 87.5, "percent_statements_covered_display": "88", "num_branches": 2, "num_partial_branches": 1, "covered_branches": 1, "missing_branches": 1, "percent_branches_covered": 50.0, "percent_branches_covered_display": "50"}, "missing_lines": [172], "excluded_lines": [], "start_line": 146, "executed_branches": [[170, 171]], "missing_branches": [[170, 172]]}, "NotebookLMAPI.delete_notebook": {"executed_lines": [188, 190, 191, 195, 196, 197, 198], "summary": {"covered_lines": 7, "num_statements": 8, "percent_covered": 80.0, "percent_covered_display": "80", "missing_lines": 1, "excluded_lines": 0, "percent_statements_covered": 87.5, "percent_statements_covered_display": "88", "num_branches": 2, "num_partial_branches": 1, "covered_branches": 1, "missing_branches": 1, "percent_branches_covered": 50.0, "percent_branches_covered_display": "50"}, "missing_lines": [199], "excluded_lines": [], "start_line": 174, "executed_branches": [[197, 198]], "missing_branches": [[197, 199]]}, "NotebookLMAPI.add_url_source": {"executed_lines": [209, 212, 213, 215, 216, 220, 221, 222, 223, 224, 225], "summary": {"covered_lines": 11, "num_statements": 12, "percent_covered": 87.5, "percent_covered_display": "88", "missing_lines": 1, "excluded_lines": 0, "percent_statements_covered": 91.66666666666667, "percent_statements_covered_display": "92", "num_branches": 4, "num_partial_branches": 1, "covered_branches": 3, "missing_branches": 1, "percent_branches_covered": 75.0, "percent_branches_covered_display": "75"}, "missing_lines": [226], "excluded_lines": [], "start_line": 205, "executed_branches": [[222, 223], [222, 224], [224, 225]], "missing_branches": [[224, 226]]}, "NotebookLMAPI.add_youtube_source": {"executed_lines": [232, 235, 236, 237, 241, 242, 244, 245, 249, 250, 251, 252, 253], "summary": {"covered_lines": 13, "num_statements": 13, "percent_covered": 100.0, "percent_covered_display": "100", "missing_lines": 0, "excluded_lines": 0, "percent_statements_covered": 100.0, "percent_statements_covered_display": "100", "num_branches": 4, "num_partial_branches": 0, "covered_branches": 4, "missing_branches": 0, "percent_branches_covered": 100.0, "percent_branches_covered_display": "100"}, "missing_lines": [], "excluded_lines": [], "start_line": 228, "executed_branches": [[236, 237], [236, 241], [251, 252], [251, 253]], "missing_branches": []}, "NotebookLMAPI.add_text_source": {"executed_lines": [272, 273, 277, 278, 282, 283, 284, 285, 286], "summary": {"covered_lines": 9, "num_statements": 9, "percent_covered": 100.0, "percent_covered_display": "100", "missing_lines": 0, "excluded_lines": 0, "percent_statements_covered": 100.0, "percent_statements_covered_display": "100", "num_branches": 2, "num_partial_branches": 0, "covered_branches": 2, "missing_branches": 0, "percent_branches_covered": 100.0, "percent_branches_covered_display": "100"}, "missing_lines": [], "excluded_lines": [], "start_line": 255, "executed_branches": [[284, 285], [284, 286]], "missing_branches": []}, "NotebookLMAPI.add_drive_source": {"executed_lines": [292, 296, 309, 311, 312, 316, 317, 318, 319, 320], "summary": {"covered_lines": 10, "num_statements": 10, "percent_covered": 100.0, "percent_covered_display": "100", "missing_lines": 0, "excluded_lines": 0, "percent_statements_covered": 100.0, "percent_statements_covered_display": "100", "num_branches": 2, "num_partial_branches": 0, "covered_branches": 2, "missing_branches": 0, "percent_branches_covered": 100.0, "percent_branches_covered_display": "100"}, "missing_lines": [], "excluded_lines": [], "start_line": 288, "executed_branches": [[318, 319], [318, 320]], "missing_branches": []}, "NotebookLMAPI._unwrap_add_source_response": {"executed_lines": [325, 349, 350], "summary": {"covered_lines": 3, "num_statements": 7, "percent_covered": 30.76923076923077, "percent_covered_display": "31", "missing_lines": 4, "excluded_lines": 0, "percent_statements_covered": 42.857142857142854, "percent_statements_covered_display": "43", "num_branches": 6, "num_partial_branches": 1, "covered_branches": 1, "missing_branches": 5, "percent_branches_covered": 16.666666666666668, "percent_branches_covered_display": "17"}, "missing_lines": [342, 343, 345, 346], "excluded_lines": [], "start_line": 322, "executed_branches": [[325, 349]], "missing_branches": [[325, 342], [343, 345], [343, 349], [345, 346], [345, 349]]}, "NotebookLMAPI.delete_source": {"executed_lines": [368, 370, 371, 375, 376, 377, 378, 379, 380], "summary": {"covered_lines": 9, "num_statements": 10, "percent_covered": 85.71428571428571, "percent_covered_display": "86", "missing_lines": 1, "excluded_lines": 0, "percent_statements_covered": 90.0, "percent_statements_covered_display": "90", "num_branches": 4, "num_partial_branches": 1, "covered_branches": 3, "missing_branches": 1, "percent_branches_covered": 75.0, "percent_branches_covered_display": "75"}, "missing_lines": [383], "excluded_lines": [], "start_line": 352, "executed_branches": [[377, 378], [378, 379], [378, 380]], "missing_branches": [[377, 383]]}, "NotebookLMAPI.list_drive_docs": {"executed_lines": [395, 397, 402, 403, 404], "summary": {"covered_lines": 5, "num_statements": 5, "percent_covered": 100.0, "percent_covered_display": "100", "missing_lines": 0, "excluded_lines": 0, "percent_statements_covered": 100.0, "percent_statements_covered_display": "100", "num_branches": 2, "num_partial_branches": 0, "covered_branches": 2, "missing_branches": 0, "percent_branches_covered": 100.0, "percent_branches_covered_display": "100"}, "missing_lines": [], "excluded_lines": [], "start_line": 385, "executed_branches": [[402, 403], [402, 404]], "missing_branches": []}, "NotebookLMAPI._extract_youtube_id": {"executed_lines": [420, 426, 427, 428, 429, 431], "summary": {"covered_lines": 6, "num_statements": 6, "percent_covered": 100.0, "percent_covered_display": "100", "missing_lines": 0, "excluded_lines": 0, "percent_statements_covered": 100.0, "percent_statements_covered_display": "100", "num_branches": 4, "num_partial_branches": 0, "covered_branches": 4, "missing_branches": 0, "percent_branches_covered": 100.0, "percent_branches_covered_display": "100"}, "missing_lines": [], "excluded_lines": [], "start_line": 410, "executed_branches": [[426, 427], [426, 431], [428, 426], [428, 429]], "missing_branches": []}, "_parse_timestamp": {"executed_lines": [441, 442, 444, 445, 446, 447, 455, 457, 458, 459], "summary": {"covered_lines": 10, "num_statements": 15, "percent_covered": 64.0, "percent_covered_display": "64", "missing_lines": 5, "excluded_lines": 0, "percent_statements_covered": 66.66666666666667, "percent_statements_covered_display": "67", "num_branches": 10, "num_partial_branches": 2, "covered_branches": 6, "missing_branches": 4, "percent_branches_covered": 60.0, "percent_branches_covered_display": "60"}, "missing_lines": [448, 453, 460, 461, 462], "excluded_lines": [], "start_line": 439, "executed_branches": [[441, 442], [441, 444], [446, 447], [455, 457], [457, 458], [457, 459]], "missing_branches": [[446, 448], [448, 453], [448, 455], [455, 462]]}, "parse_notebook_response": {"executed_lines": [475, 478, 479, 482, 483, 486, 487, 490, 499, 500, 503, 504, 505, 506, 507, 510, 512], "summary": {"covered_lines": 17, "num_statements": 25, "percent_covered": 61.53846153846154, "percent_covered_display": "62", "missing_lines": 8, "excluded_lines": 0, "percent_statements_covered": 68.0, "percent_statements_covered_display": "68", "num_branches": 14, "num_partial_branches": 3, "covered_branches": 7, "missing_branches": 7, "percent_branches_covered": 50.0, "percent_branches_covered_display": "50"}, "missing_lines": [476, 491, 493, 494, 495, 496, 508, 509], "excluded_lines": [], "start_line": 465, "executed_branches": [[475, 478], [478, 479], [478, 482], [490, 499], [503, 504], [504, 505], [504, 510]], "missing_branches": [[475, 476], [490, 491], [493, 494], [493, 495], [495, 496], [495, 499], [503, 512]]}, "parse_source_response": {"executed_lines": [532, 533, 536, 537, 540, 542, 545, 546, 548, 550, 552, 553, 554, 555, 556, 557, 558, 560, 563, 564, 567, 568, 569, 570, 571, 572, 573, 575], "summary": {"covered_lines": 28, "num_statements": 29, "percent_covered": 94.11764705882354, "percent_covered_display": "94", "missing_lines": 1, "excluded_lines": 0, "percent_statements_covered": 96.55172413793103, "percent_statements_covered_display": "97", "num_branches": 22, "num_partial_branches": 2, "covered_branches": 20, "missing_branches": 2, "percent_branches_covered": 90.9090909090909, "percent_branches_covered_display": "91"}, "missing_lines": [538], "excluded_lines": [], "start_line": 522, "executed_branches": [[532, 533], [532, 536], [537, 540], [548, 550], [548, 567], [552, 553], [553, 554], [553, 555], [555, 556], [555, 557], [557, 558], [557, 560], [563, 564], [563, 567], [568, 569], [568, 575], [570, 571], [570, 572], [572, 573], [572, 575]], "missing_branches": [[537, 538], [552, 563]]}, "": {"executed_lines": [8, 9, 10, 11, 13, 18, 19, 21, 29, 30, 31, 32, 33, 36, 37, 38, 39, 42, 43, 46, 59, 72, 95, 118, 146, 174, 205, 228, 255, 288, 322, 352, 385, 410, 439, 465, 522], "summary": {"covered_lines": 37, "num_statements": 37, "percent_covered": 100.0, "percent_covered_display": "100", "missing_lines": 0, "excluded_lines": 0, "percent_statements_covered": 100.0, "percent_statements_covered_display": "100", "num_branches": 0, "num_partial_branches": 0, "covered_branches": 0, "missing_branches": 0, "percent_branches_covered": 100.0, "percent_branches_covered_display": "100"}, "missing_lines": [], "excluded_lines": [], "start_line": 1, "executed_branches": [], "missing_branches": []}}, "classes": {"NotebookLMAPI": {"executed_lines": [66, 82, 83, 89, 90, 91, 93, 108, 111, 116, 132, 134, 135, 139, 140, 142, 143, 161, 163, 164, 168, 169, 170, 171, 188, 190, 191, 195, 196, 197, 198, 209, 212, 213, 215, 216, 220, 221, 222, 223, 224, 225, 232, 235, 236, 237, 241, 242, 244, 245, 249, 250, 251, 252, 253, 272, 273, 277, 278, 282, 283, 284, 285, 286, 292, 296, 309, 311, 312, 316, 317, 318, 319, 320, 325, 349, 350, 368, 370, 371, 375, 376, 377, 378, 379, 380, 395, 397, 402, 403, 404, 420, 426, 427, 428, 429, 431], "summary": {"covered_lines": 97, "num_statements": 106, "percent_covered": 86.61971830985915, "percent_covered_display": "87", "missing_lines": 9, "excluded_lines": 0, "percent_statements_covered": 91.50943396226415, "percent_statements_covered_display": "92", "num_branches": 36, "num_partial_branches": 6, "covered_branches": 26, "missing_branches": 10, "percent_branches_covered": 72.22222222222223, "percent_branches_covered_display": "72"}, "missing_lines": [144, 172, 199, 226, 342, 343, 345, 346, 383], "excluded_lines": [], "start_line": 46, "executed_branches": [[89, 90], [89, 93], [142, 143], [170, 171], [197, 198], [222, 223], [222, 224], [224, 225], [236, 237], [236, 241], [251, 252], [251, 253], [284, 285], [284, 286], [318, 319], [318, 320], [325, 349], [377, 378], [378, 379], [378, 380], [402, 403], [402, 404], [426, 427], [426, 431], [428, 426], [428, 429]], "missing_branches": [[142, 144], [170, 172], [197, 199], [224, 226], [325, 342], [343, 345], [343, 349], [345, 346], [345, 349], [377, 383]]}, "": {"executed_lines": [8, 9, 10, 11, 13, 18, 19, 21, 29, 30, 31, 32, 33, 36, 37, 38, 39, 42, 43, 46, 59, 72, 95, 118, 146, 174, 205, 228, 255, 288, 322, 352, 385, 410, 439, 441, 442, 444, 445, 446, 447, 455, 457, 458, 459, 465, 475, 478, 479, 482, 483, 486, 487, 490, 499, 500, 503, 504, 505, 506, 507, 510, 512, 522, 532, 533, 536, 537, 540, 542, 545, 546, 548, 550, 552, 553, 554, 555, 556, 557, 558, 560, 563, 564, 567, 568, 569, 570, 571, 572, 573, 575], "summary": {"covered_lines": 92, "num_statements": 106, "percent_covered": 82.23684210526316, "percent_covered_display": "82", "missing_lines": 14, "excluded_lines": 0, "percent_statements_covered": 86.79245283018868, "percent_statements_covered_display": "87", "num_branches": 46, "num_partial_branches": 7, "covered_branches": 33, "missing_branches": 13, "percent_branches_covered": 71.73913043478261, "percent_branches_covered_display": "72"}, "missing_lines": [448, 453, 460, 461, 462, 476, 491, 493, 494, 495, 496, 508, 509, 538], "excluded_lines": [], "start_line": 1, "executed_branches": [[441, 442], [441, 444], [446, 447], [455, 457], [457, 458], [457, 459], [475, 478], [478, 479], [478, 482], [490, 499], [503, 504], [504, 505], [504, 510], [532, 533], [532, 536], [537, 540], [548, 550], [548, 567], [552, 553], [553, 554], [553, 555], [555, 556], [555, 557], [557, 558], [557, 560], [563, 564], [563, 567], [568, 569], [568, 575], [570, 571], [570, 572], [572, 573], [572, 575]], "missing_branches": [[446, 448], [448, 453], [448, 455], [455, 462], [475, 476], [490, 491], [493, 494], [493, 495], [495, 496], [495, 499], [503, 512], [537, 538], [552, 563]]}}}, "src/pynotebooklm/auth.py": {"executed_lines": [8, 9, 10, 11, 12, 14, 15, 17, 18, 20, 23, 24, 27, 28, 31, 34, 37, 54, 68, 69, 70, 73, 76, 78, 80, 81, 82, 83, 85, 86, 87, 88, 93, 94, 95, 97, 99, 100, 102, 103, 104, 105, 106, 107, 109, 116, 117, 118, 120, 130, 131, 133, 134, 148, 155, 156, 157, 159, 173, 175, 176, 178, 187, 188, 197, 200, 203, 206, 207, 209, 212, 214, 215, 216, 217, 218, 220, 234, 240, 241, 243, 244, 246, 247, 252, 253, 258, 259, 260, 262, 263, 264, 266, 267, 269, 270, 275, 279, 288, 289, 291, 292, 306, 309, 310, 313, 320, 321, 327, 337, 339, 351, 352, 353, 354, 355, 356, 358, 368, 370, 371, 373, 375, 376, 377, 382, 383, 385, 387, 388, 391, 392, 394, 395, 396, 397, 400, 401, 402, 405, 407, 408, 409, 411, 417, 418, 419, 420, 421, 429, 431, 433, 434, 435, 436, 437, 440, 442, 444, 445, 446, 447, 448, 449, 450, 452, 453, 454, 457, 459, 460, 461, 464, 465, 466, 468, 469, 470, 472, 474, 475, 476, 477, 478, 479, 481, 482, 483], "summary": {"covered_lines": 188, "num_statements": 189, "percent_covered": 98.31223628691983, "percent_covered_display": "98", "missing_lines": 1, "excluded_lines": 0, "percent_statements_covered": 99.47089947089947, "percent_statements_covered_display": "99", "num_branches": 48, "num_partial_branches": 3, "covered_branches": 45, "missing_branches": 3, "percent_branches_covered": 93.75, "percent_branches_covered_display": "94"}, "missing_lines": [273], "excluded_lines": [], "executed_branches": [[80, 81], [80, 85], [99, 100], [99, 102], [116, 117], [116, 118], [130, 131], [130, 133], [155, 156], [155, 157], [215, 216], [215, 217], [243, 244], [243, 275], [246, 247], [246, 252], [253, 258], [253, 266], [262, 263], [269, 270], [289, 291], [289, 306], [291, 289], [291, 292], [351, 352], [351, 353], [368, 370], [368, 373], [392, 394], [392, 400], [418, 419], [418, 421], [445, 446], [445, 452], [448, 449], [464, -1], [464, 465], [468, 469], [468, 472], [474, 475], [474, 476], [476, 477], [476, 478], [478, 479], [478, 481]], "missing_branches": [[262, 266], [269, 273], [448, 450]], "functions": {"AuthManager.__init__": {"executed_lines": [68, 69, 70, 73, 76], "summary": {"covered_lines": 5, "num_statements": 5, "percent_covered": 100.0, "percent_covered_display": "100", "missing_lines": 0, "excluded_lines": 0, "percent_statements_covered": 100.0, "percent_statements_covered_display": "100", "num_branches": 0, "num_partial_branches": 0, "covered_branches": 0, "missing_branches": 0, "percent_branches_covered": 100.0, "percent_branches_covered_display": "100"}, "missing_lines": [], "excluded_lines": [], "start_line": 54, "executed_branches": [], "missing_branches": []}, "AuthManager._load_cookies": {"executed_lines": [80, 81, 82, 83, 85, 86, 87, 88, 93, 94, 95], "summary": {"covered_lines": 11, "num_statements": 11, "percent_covered": 100.0, "percent_covered_display": "100", "missing_lines": 0, "excluded_lines": 0, "percent_statements_covered": 100.0, "percent_statements_covered_display": "100", "num_branches": 2, "num_partial_branches": 0, "covered_branches": 2, "missing_branches": 0, "percent_branches_covered": 100.0, "percent_branches_covered_display": "100"}, "missing_lines": [], "excluded_lines": [], "start_line": 78, "executed_branches": [[80, 81], [80, 85]], "missing_branches": []}, "AuthManager._save_cookies": {"executed_lines": [99, 100, 102, 103, 104, 105, 106, 107], "summary": {"covered_lines": 8, "num_statements": 8, "percent_covered": 100.0, "percent_covered_display": "100", "missing_lines": 0, "excluded_lines": 0, "percent_statements_covered": 100.0, "percent_statements_covered_display": "100", "num_branches": 2, "num_partial_branches": 0, "covered_branches": 2, "missing_branches": 0, "percent_branches_covered": 100.0, "percent_branches_covered_display": "100"}, "missing_lines": [], "excluded_lines": [], "start_line": 97, "executed_branches": [[99, 100], [99, 102]], "missing_branches": []}, "AuthManager.is_authenticated": {"executed_lines": [116, 117, 118], "summary": {"covered_lines": 3, "num_statements": 3, "percent_covered": 100.0, "percent_covered_display": "100", "missing_lines": 0, "excluded_lines": 0, "percent_statements_covered": 100.0, "percent_statements_covered_display": "100", "num_branches": 2, "num_partial_branches": 0, "covered_branches": 2, "missing_branches": 0, "percent_branches_covered": 100.0, "percent_branches_covered_display": "100"}, "missing_lines": [], "excluded_lines": [], "start_line": 109, "executed_branches": [[116, 117], [116, 118]], "missing_branches": []}, "AuthManager.get_cookies": {"executed_lines": [130, 131, 133, 134], "summary": {"covered_lines": 4, "num_statements": 4, "percent_covered": 100.0, "percent_covered_display": "100", "missing_lines": 0, "excluded_lines": 0, "percent_statements_covered": 100.0, "percent_statements_covered_display": "100", "num_branches": 2, "num_partial_branches": 0, "covered_branches": 2, "missing_branches": 0, "percent_branches_covered": 100.0, "percent_branches_covered_display": "100"}, "missing_lines": [], "excluded_lines": [], "start_line": 120, "executed_branches": [[130, 131], [130, 133]], "missing_branches": []}, "AuthManager.get_csrf_token": {"executed_lines": [155, 156, 157], "summary": {"covered_lines": 3, "num_statements": 3, "percent_covered": 100.0, "percent_covered_display": "100", "missing_lines": 0, "excluded_lines": 0, "percent_statements_covered": 100.0, "percent_statements_covered_display": "100", "num_branches": 2, "num_partial_branches": 0, "covered_branches": 2, "missing_branches": 0, "percent_branches_covered": 100.0, "percent_branches_covered_display": "100"}, "missing_lines": [], "excluded_lines": [], "start_line": 148, "executed_branches": [[155, 156], [155, 157]], "missing_branches": []}, "AuthManager.login": {"executed_lines": [173, 175, 176, 178, 187, 188, 197, 200, 203, 206, 207, 209, 212, 214, 215, 216, 217, 218], "summary": {"covered_lines": 18, "num_statements": 18, "percent_covered": 100.0, "percent_covered_display": "100", "missing_lines": 0, "excluded_lines": 0, "percent_statements_covered": 100.0, "percent_statements_covered_display": "100", "num_branches": 2, "num_partial_branches": 0, "covered_branches": 2, "missing_branches": 0, "percent_branches_covered": 100.0, "percent_branches_covered_display": "100"}, "missing_lines": [], "excluded_lines": [], "start_line": 159, "executed_branches": [[215, 216], [215, 217]], "missing_branches": []}, "AuthManager._wait_for_authentication": {"executed_lines": [234, 240, 241, 243, 244, 246, 247, 252, 253, 258, 259, 260, 262, 263, 264, 266, 267, 269, 270, 275], "summary": {"covered_lines": 20, "num_statements": 21, "percent_covered": 90.3225806451613, "percent_covered_display": "90", "missing_lines": 1, "excluded_lines": 0, "percent_statements_covered": 95.23809523809524, "percent_statements_covered_display": "95", "num_branches": 10, "num_partial_branches": 2, "covered_branches": 8, "missing_branches": 2, "percent_branches_covered": 80.0, "percent_branches_covered_display": "80"}, "missing_lines": [273], "excluded_lines": [], "start_line": 220, "executed_branches": [[243, 244], [243, 275], [246, 247], [246, 252], [253, 258], [253, 266], [262, 263], [269, 270]], "missing_branches": [[262, 266], [269, 273]]}, "AuthManager._store_cookies": {"executed_lines": [288, 289, 291, 292, 306, 309, 310, 313, 320, 321], "summary": {"covered_lines": 10, "num_statements": 10, "percent_covered": 100.0, "percent_covered_display": "100", "missing_lines": 0, "excluded_lines": 0, "percent_statements_covered": 100.0, "percent_statements_covered_display": "100", "num_branches": 4, "num_partial_branches": 0, "covered_branches": 4, "missing_branches": 0, "percent_branches_covered": 100.0, "percent_branches_covered_display": "100"}, "missing_lines": [], "excluded_lines": [], "start_line": 279, "executed_branches": [[289, 291], [289, 306], [291, 289], [291, 292]], "missing_branches": []}, "AuthManager._extract_csrf_token": {"executed_lines": [337, 339, 351, 352, 353, 354, 355, 356], "summary": {"covered_lines": 8, "num_statements": 8, "percent_covered": 100.0, "percent_covered_display": "100", "missing_lines": 0, "excluded_lines": 0, "percent_statements_covered": 100.0, "percent_statements_covered_display": "100", "num_branches": 2, "num_partial_branches": 0, "covered_branches": 2, "missing_branches": 0, "percent_branches_covered": 100.0, "percent_branches_covered_display": "100"}, "missing_lines": [], "excluded_lines": [], "start_line": 327, "executed_branches": [[351, 352], [351, 353]], "missing_branches": []}, "AuthManager.refresh": {"executed_lines": [368, 370, 371, 373, 375, 376, 377, 382, 383, 385, 387, 388, 391, 392, 394, 395, 396, 397, 400, 401, 402, 405, 407, 408, 409], "summary": {"covered_lines": 25, "num_statements": 25, "percent_covered": 100.0, "percent_covered_display": "100", "missing_lines": 0, "excluded_lines": 0, "percent_statements_covered": 100.0, "percent_statements_covered_display": "100", "num_branches": 4, "num_partial_branches": 0, "covered_branches": 4, "missing_branches": 0, "percent_branches_covered": 100.0, "percent_branches_covered_display": "100"}, "missing_lines": [], "excluded_lines": [], "start_line": 358, "executed_branches": [[368, 370], [368, 373], [392, 394], [392, 400]], "missing_branches": []}, "AuthManager.logout": {"executed_lines": [417, 418, 419, 420, 421], "summary": {"covered_lines": 5, "num_statements": 5, "percent_covered": 100.0, "percent_covered_display": "100", "missing_lines": 0, "excluded_lines": 0, "percent_statements_covered": 100.0, "percent_statements_covered_display": "100", "num_branches": 2, "num_partial_branches": 0, "covered_branches": 2, "missing_branches": 0, "percent_branches_covered": 100.0, "percent_branches_covered_display": "100"}, "missing_lines": [], "excluded_lines": [], "start_line": 411, "executed_branches": [[418, 419], [418, 421]], "missing_branches": []}, "_main_login": {"executed_lines": [431, 433, 434, 435, 436, 437], "summary": {"covered_lines": 6, "num_statements": 6, "percent_covered": 100.0, "percent_covered_display": "100", "missing_lines": 0, "excluded_lines": 0, "percent_statements_covered": 100.0, "percent_statements_covered_display": "100", "num_branches": 0, "num_partial_branches": 0, "covered_branches": 0, "missing_branches": 0, "percent_branches_covered": 100.0, "percent_branches_covered_display": "100"}, "missing_lines": [], "excluded_lines": [], "start_line": 429, "executed_branches": [], "missing_branches": []}, "_main_check": {"executed_lines": [442, 444, 445, 446, 447, 448, 449, 450, 452, 453, 454], "summary": {"covered_lines": 11, "num_statements": 11, "percent_covered": 93.33333333333333, "percent_covered_display": "93", "missing_lines": 0, "excluded_lines": 0, "percent_statements_covered": 100.0, "percent_statements_covered_display": "100", "num_branches": 4, "num_partial_branches": 1, "covered_branches": 3, "missing_branches": 1, "percent_branches_covered": 75.0, "percent_branches_covered_display": "75"}, "missing_lines": [], "excluded_lines": [], "start_line": 440, "executed_branches": [[445, 446], [445, 452], [448, 449]], "missing_branches": [[448, 450]]}, "_main_logout": {"executed_lines": [459, 460, 461], "summary": {"covered_lines": 3, "num_statements": 3, "percent_covered": 100.0, "percent_covered_display": "100", "missing_lines": 0, "excluded_lines": 0, "percent_statements_covered": 100.0, "percent_statements_covered_display": "100", "num_branches": 0, "num_partial_branches": 0, "covered_branches": 0, "missing_branches": 0, "percent_branches_covered": 100.0, "percent_branches_covered_display": "100"}, "missing_lines": [], "excluded_lines": [], "start_line": 457, "executed_branches": [], "missing_branches": []}, "": {"executed_lines": [8, 9, 10, 11, 12, 14, 15, 17, 18, 20, 23, 24, 27, 28, 31, 34, 37, 54, 78, 97, 109, 120, 148, 159, 220, 279, 327, 358, 411, 429, 440, 457, 464, 465, 466, 468, 469, 470, 472, 474, 475, 476, 477, 478, 479, 481, 482, 483], "summary": {"covered_lines": 48, "num_statements": 48, "percent_covered": 100.0, "percent_covered_display": "100", "missing_lines": 0, "excluded_lines": 0, "percent_statements_covered": 100.0, "percent_statements_covered_display": "100", "num_branches": 10, "num_partial_branches": 0, "covered_branches": 10, "missing_branches": 0, "percent_branches_covered": 100.0, "percent_branches_covered_display": "100"}, "missing_lines": [], "excluded_lines": [], "start_line": 1, "executed_branches": [[464, -1], [464, 465], [468, 469], [468, 472], [474, 475], [474, 476], [476, 477], [476, 478], [478, 479], [478, 481]], "missing_branches": []}}, "classes": {"AuthManager": {"executed_lines": [68, 69, 70, 73, 76, 80, 81, 82, 83, 85, 86, 87, 88, 93, 94, 95, 99, 100, 102, 103, 104, 105, 106, 107, 116, 117, 118, 130, 131, 133, 134, 155, 156, 157, 173, 175, 176, 178, 187, 188, 197, 200, 203, 206, 207, 209, 212, 214, 215, 216, 217, 218, 234, 240, 241, 243, 244, 246, 247, 252, 253, 258, 259, 260, 262, 263, 264, 266, 267, 269, 270, 275, 288, 289, 291, 292, 306, 309, 310, 313, 320, 321, 337, 339, 351, 352, 353, 354, 355, 356, 368, 370, 371, 373, 375, 376, 377, 382, 383, 385, 387, 388, 391, 392, 394, 395, 396, 397, 400, 401, 402, 405, 407, 408, 409, 417, 418, 419, 420, 421], "summary": {"covered_lines": 120, "num_statements": 121, "percent_covered": 98.06451612903226, "percent_covered_display": "98", "missing_lines": 1, "excluded_lines": 0, "percent_statements_covered": 99.17355371900827, "percent_statements_covered_display": "99", "num_branches": 34, "num_partial_branches": 2, "covered_branches": 32, "missing_branches": 2, "percent_branches_covered": 94.11764705882354, "percent_branches_covered_display": "94"}, "missing_lines": [273], "excluded_lines": [], "start_line": 37, "executed_branches": [[80, 81], [80, 85], [99, 100], [99, 102], [116, 117], [116, 118], [130, 131], [130, 133], [155, 156], [155, 157], [215, 216], [215, 217], [243, 244], [243, 275], [246, 247], [246, 252], [253, 258], [253, 266], [262, 263], [269, 270], [289, 291], [289, 306], [291, 289], [291, 292], [351, 352], [351, 353], [368, 370], [368, 373], [392, 394], [392, 400], [418, 419], [418, 421]], "missing_branches": [[262, 266], [269, 273]]}, "": {"executed_lines": [8, 9, 10, 11, 12, 14, 15, 17, 18, 20, 23, 24, 27, 28, 31, 34, 37, 54, 78, 97, 109, 120, 148, 159, 220, 279, 327, 358, 411, 429, 431, 433, 434, 435, 436, 437, 440, 442, 444, 445, 446, 447, 448, 449, 450, 452, 453, 454, 457, 459, 460, 461, 464, 465, 466, 468, 469, 470, 472, 474, 475, 476, 477, 478, 479, 481, 482, 483], "summary": {"covered_lines": 68, "num_statements": 68, "percent_covered": 98.78048780487805, "percent_covered_display": "99", "missing_lines": 0, "excluded_lines": 0, "percent_statements_covered": 100.0, "percent_statements_covered_display": "100", "num_branches": 14, "num_partial_branches": 1, "covered_branches": 13, "missing_branches": 1, "percent_branches_covered": 92.85714285714286, "percent_branches_covered_display": "93"}, "missing_lines": [], "excluded_lines": [], "start_line": 1, "executed_branches": [[445, 446], [445, 452], [448, 449], [464, -1], [464, 465], [468, 469], [468, 472], [474, 475], [474, 476], [476, 477], [476, 478], [478, 479], [478, 481]], "missing_branches": [[448, 450]]}}}, "src/pynotebooklm/cli.py": {"executed_lines": [1, 2, 4, 5, 6, 8, 9, 15, 16, 17, 18, 20, 21, 22, 23, 24, 25, 27, 28, 29, 30, 31, 33, 41, 42, 45, 46, 47, 48, 49, 50, 51, 52, 53, 55, 58, 59, 61, 62, 63, 64, 65, 66, 68, 69, 70, 73, 74, 76, 77, 78, 86, 87, 95, 96, 97, 98, 99, 101, 102, 103, 105, 106, 107, 109, 112, 114, 119, 133, 134, 135, 136, 137, 139, 141, 144, 145, 148, 149, 150, 151, 152, 153, 157, 160, 161, 167, 168, 169, 170, 172, 180, 181, 183, 191, 192, 198, 199, 200, 201, 202, 203, 207, 210, 211, 214, 215, 216, 217, 218, 220, 221, 222, 224, 225, 226, 227, 228, 230, 231, 233, 235, 238, 239, 246, 247, 248, 249, 251, 259, 260, 262, 270, 271, 288, 290, 291, 292, 293, 294, 296, 298, 299, 300, 307, 308, 309, 310, 311, 312, 313, 314, 315, 319, 322, 323, 332, 333, 334, 335, 336, 338, 339, 340, 342, 343, 346, 348, 349, 350, 351, 352, 355, 357, 360, 363, 364, 367, 368, 369, 370, 371, 373, 374, 381, 383, 386, 394, 395, 406, 407, 408, 409, 410, 412, 413, 415, 419, 420, 421, 422, 423, 424, 427, 428, 429, 430, 432, 435, 436, 437, 439, 442, 443, 448, 449, 450, 451, 452, 454, 455, 456, 458, 459, 460, 462, 467, 468, 469, 470, 471, 473, 474, 477, 485, 487, 490, 491, 509, 510, 511, 512, 513, 515, 516, 518, 520, 521, 522, 523, 525, 530, 531, 532, 533, 536, 538, 543, 544, 545, 546, 547, 553, 554, 555, 556, 562, 570, 571, 573, 576, 577, 579, 582], "summary": {"covered_lines": 274, "num_statements": 305, "percent_covered": 86.13333333333334, "percent_covered_display": "86", "missing_lines": 31, "excluded_lines": 0, "percent_statements_covered": 89.8360655737705, "percent_statements_covered_display": "90", "num_branches": 70, "num_partial_branches": 13, "covered_branches": 49, "missing_branches": 21, "percent_branches_covered": 70.0, "percent_branches_covered_display": "70"}, "missing_lines": [115, 116, 117, 118, 120, 121, 122, 123, 124, 125, 130, 173, 176, 177, 178, 252, 255, 256, 257, 358, 361, 384, 433, 434, 526, 527, 549, 558, 559, 560, 583], "excluded_lines": [], "executed_branches": [[62, 63], [62, 68], [65, 66], [97, 98], [97, 101], [105, 106], [105, 109], [114, 119], [119, 133], [136, 137], [136, 139], [172, 180], [220, 221], [220, 224], [230, 231], [230, 233], [251, 259], [292, 293], [292, 296], [334, 335], [334, 338], [342, 343], [342, 348], [357, 360], [360, 363], [363, 364], [373, 374], [373, 381], [383, -332], [408, 409], [408, 412], [428, 429], [450, 451], [450, 454], [458, 459], [458, 462], [473, 474], [473, 485], [511, 512], [511, 515], [521, 522], [521, 525], [525, 530], [532, 533], [532, 538], [544, 545], [544, 546], [546, 547], [582, -1]], "missing_branches": [[65, -58], [114, 115], [117, 118], [117, 139], [119, 120], [124, 125], [124, 139], [172, 173], [176, 177], [176, 180], [251, 252], [255, 256], [255, 259], [357, 358], [360, 361], [363, -332], [383, 384], [428, -406], [525, 526], [546, 549], [582, 583]], "functions": {"login": {"executed_lines": [45, 55], "summary": {"covered_lines": 2, "num_statements": 2, "percent_covered": 100.0, "percent_covered_display": "100", "missing_lines": 0, "excluded_lines": 0, "percent_statements_covered": 100.0, "percent_statements_covered_display": "100", "num_branches": 0, "num_partial_branches": 0, "covered_branches": 0, "missing_branches": 0, "percent_branches_covered": 100.0, "percent_branches_covered_display": "100"}, "missing_lines": [], "excluded_lines": [], "start_line": 42, "executed_branches": [], "missing_branches": []}, "login._run_login": {"executed_lines": [46, 47, 48, 49, 50, 51, 52, 53], "summary": {"covered_lines": 8, "num_statements": 8, "percent_covered": 100.0, "percent_covered_display": "100", "missing_lines": 0, "excluded_lines": 0, "percent_statements_covered": 100.0, "percent_statements_covered_display": "100", "num_branches": 0, "num_partial_branches": 0, "covered_branches": 0, "missing_branches": 0, "percent_branches_covered": 100.0, "percent_branches_covered_display": "100"}, "missing_lines": [], "excluded_lines": [], "start_line": 45, "executed_branches": [], "missing_branches": []}, "check": {"executed_lines": [61, 62, 63, 64, 65, 66, 68, 69, 70], "summary": {"covered_lines": 9, "num_statements": 9, "percent_covered": 92.3076923076923, "percent_covered_display": "92", "missing_lines": 0, "excluded_lines": 0, "percent_statements_covered": 100.0, "percent_statements_covered_display": "100", "num_branches": 4, "num_partial_branches": 1, "covered_branches": 3, "missing_branches": 1, "percent_branches_covered": 75.0, "percent_branches_covered_display": "75"}, "missing_lines": [], "excluded_lines": [], "start_line": 59, "executed_branches": [[62, 63], [62, 68], [65, 66]], "missing_branches": [[65, -58]]}, "logout": {"executed_lines": [76, 77, 78], "summary": {"covered_lines": 3, "num_statements": 3, "percent_covered": 100.0, "percent_covered_display": "100", "missing_lines": 0, "excluded_lines": 0, "percent_statements_covered": 100.0, "percent_statements_covered_display": "100", "num_branches": 0, "num_partial_branches": 0, "covered_branches": 0, "missing_branches": 0, "percent_branches_covered": 100.0, "percent_branches_covered_display": "100"}, "missing_lines": [], "excluded_lines": [], "start_line": 74, "executed_branches": [], "missing_branches": []}, "list_notebooks": {"executed_lines": [95, 141], "summary": {"covered_lines": 2, "num_statements": 2, "percent_covered": 100.0, "percent_covered_display": "100", "missing_lines": 0, "excluded_lines": 0, "percent_statements_covered": 100.0, "percent_statements_covered_display": "100", "num_branches": 0, "num_partial_branches": 0, "covered_branches": 0, "missing_branches": 0, "percent_branches_covered": 100.0, "percent_branches_covered_display": "100"}, "missing_lines": [], "excluded_lines": [], "start_line": 87, "executed_branches": [], "missing_branches": []}, "list_notebooks._run": {"executed_lines": [96, 97, 98, 99, 101, 102, 103, 105, 106, 107, 109, 112, 114, 119, 133, 134, 135, 136, 137, 139], "summary": {"covered_lines": 20, "num_statements": 31, "percent_covered": 62.22222222222222, "percent_covered_display": "62", "missing_lines": 11, "excluded_lines": 0, "percent_statements_covered": 64.51612903225806, "percent_statements_covered_display": "65", "num_branches": 14, "num_partial_branches": 2, "covered_branches": 8, "missing_branches": 6, "percent_branches_covered": 57.142857142857146, "percent_branches_covered_display": "57"}, "missing_lines": [115, 116, 117, 118, 120, 121, 122, 123, 124, 125, 130], "excluded_lines": [], "start_line": 95, "executed_branches": [[97, 98], [97, 101], [105, 106], [105, 109], [114, 119], [119, 133], [136, 137], [136, 139]], "missing_branches": [[114, 115], [117, 118], [117, 139], [119, 120], [124, 125], [124, 139]]}, "create_notebook": {"executed_lines": [148, 157], "summary": {"covered_lines": 2, "num_statements": 2, "percent_covered": 100.0, "percent_covered_display": "100", "missing_lines": 0, "excluded_lines": 0, "percent_statements_covered": 100.0, "percent_statements_covered_display": "100", "num_branches": 0, "num_partial_branches": 0, "covered_branches": 0, "missing_branches": 0, "percent_branches_covered": 100.0, "percent_branches_covered_display": "100"}, "missing_lines": [], "excluded_lines": [], "start_line": 145, "executed_branches": [], "missing_branches": []}, "create_notebook._run": {"executed_lines": [149, 150, 151, 152, 153], "summary": {"covered_lines": 5, "num_statements": 5, "percent_covered": 100.0, "percent_covered_display": "100", "missing_lines": 0, "excluded_lines": 0, "percent_statements_covered": 100.0, "percent_statements_covered_display": "100", "num_branches": 0, "num_partial_branches": 0, "covered_branches": 0, "missing_branches": 0, "percent_branches_covered": 100.0, "percent_branches_covered_display": "100"}, "missing_lines": [], "excluded_lines": [], "start_line": 148, "executed_branches": [], "missing_branches": []}, "delete_notebook": {"executed_lines": [167, 183], "summary": {"covered_lines": 2, "num_statements": 2, "percent_covered": 100.0, "percent_covered_display": "100", "missing_lines": 0, "excluded_lines": 0, "percent_statements_covered": 100.0, "percent_statements_covered_display": "100", "num_branches": 0, "num_partial_branches": 0, "covered_branches": 0, "missing_branches": 0, "percent_branches_covered": 100.0, "percent_branches_covered_display": "100"}, "missing_lines": [], "excluded_lines": [], "start_line": 161, "executed_branches": [], "missing_branches": []}, "delete_notebook._run": {"executed_lines": [168, 169, 170, 172, 180, 181], "summary": {"covered_lines": 6, "num_statements": 10, "percent_covered": 50.0, "percent_covered_display": "50", "missing_lines": 4, "excluded_lines": 0, "percent_statements_covered": 60.0, "percent_statements_covered_display": "60", "num_branches": 4, "num_partial_branches": 1, "covered_branches": 1, "missing_branches": 3, "percent_branches_covered": 25.0, "percent_branches_covered_display": "25"}, "missing_lines": [173, 176, 177, 178], "excluded_lines": [], "start_line": 167, "executed_branches": [[172, 180]], "missing_branches": [[172, 173], [176, 177], [176, 180]]}, "add_source": {"executed_lines": [198, 207], "summary": {"covered_lines": 2, "num_statements": 2, "percent_covered": 100.0, "percent_covered_display": "100", "missing_lines": 0, "excluded_lines": 0, "percent_statements_covered": 100.0, "percent_statements_covered_display": "100", "num_branches": 0, "num_partial_branches": 0, "covered_branches": 0, "missing_branches": 0, "percent_branches_covered": 100.0, "percent_branches_covered_display": "100"}, "missing_lines": [], "excluded_lines": [], "start_line": 192, "executed_branches": [], "missing_branches": []}, "add_source._run": {"executed_lines": [199, 200, 201, 202, 203], "summary": {"covered_lines": 5, "num_statements": 5, "percent_covered": 100.0, "percent_covered_display": "100", "missing_lines": 0, "excluded_lines": 0, "percent_statements_covered": 100.0, "percent_statements_covered_display": "100", "num_branches": 0, "num_partial_branches": 0, "covered_branches": 0, "missing_branches": 0, "percent_branches_covered": 100.0, "percent_branches_covered_display": "100"}, "missing_lines": [], "excluded_lines": [], "start_line": 198, "executed_branches": [], "missing_branches": []}, "list_sources": {"executed_lines": [214, 235], "summary": {"covered_lines": 2, "num_statements": 2, "percent_covered": 100.0, "percent_covered_display": "100", "missing_lines": 0, "excluded_lines": 0, "percent_statements_covered": 100.0, "percent_statements_covered_display": "100", "num_branches": 0, "num_partial_branches": 0, "covered_branches": 0, "missing_branches": 0, "percent_branches_covered": 100.0, "percent_branches_covered_display": "100"}, "missing_lines": [], "excluded_lines": [], "start_line": 211, "executed_branches": [], "missing_branches": []}, "list_sources._run": {"executed_lines": [215, 216, 217, 218, 220, 221, 222, 224, 225, 226, 227, 228, 230, 231, 233], "summary": {"covered_lines": 15, "num_statements": 15, "percent_covered": 100.0, "percent_covered_display": "100", "missing_lines": 0, "excluded_lines": 0, "percent_statements_covered": 100.0, "percent_statements_covered_display": "100", "num_branches": 4, "num_partial_branches": 0, "covered_branches": 4, "missing_branches": 0, "percent_branches_covered": 100.0, "percent_branches_covered_display": "100"}, "missing_lines": [], "excluded_lines": [], "start_line": 214, "executed_branches": [[220, 221], [220, 224], [230, 231], [230, 233]], "missing_branches": []}, "delete_source": {"executed_lines": [246, 262], "summary": {"covered_lines": 2, "num_statements": 2, "percent_covered": 100.0, "percent_covered_display": "100", "missing_lines": 0, "excluded_lines": 0, "percent_statements_covered": 100.0, "percent_statements_covered_display": "100", "num_branches": 0, "num_partial_branches": 0, "covered_branches": 0, "missing_branches": 0, "percent_branches_covered": 100.0, "percent_branches_covered_display": "100"}, "missing_lines": [], "excluded_lines": [], "start_line": 239, "executed_branches": [], "missing_branches": []}, "delete_source._run": {"executed_lines": [247, 248, 249, 251, 259, 260], "summary": {"covered_lines": 6, "num_statements": 10, "percent_covered": 50.0, "percent_covered_display": "50", "missing_lines": 4, "excluded_lines": 0, "percent_statements_covered": 60.0, "percent_statements_covered_display": "60", "num_branches": 4, "num_partial_branches": 1, "covered_branches": 1, "missing_branches": 3, "percent_branches_covered": 25.0, "percent_branches_covered_display": "25"}, "missing_lines": [252, 255, 256, 257], "excluded_lines": [], "start_line": 246, "executed_branches": [[251, 259]], "missing_branches": [[251, 252], [255, 256], [255, 259]]}, "start_research": {"executed_lines": [288, 290, 319], "summary": {"covered_lines": 3, "num_statements": 3, "percent_covered": 100.0, "percent_covered_display": "100", "missing_lines": 0, "excluded_lines": 0, "percent_statements_covered": 100.0, "percent_statements_covered_display": "100", "num_branches": 0, "num_partial_branches": 0, "covered_branches": 0, "missing_branches": 0, "percent_branches_covered": 100.0, "percent_branches_covered_display": "100"}, "missing_lines": [], "excluded_lines": [], "start_line": 271, "executed_branches": [], "missing_branches": []}, "start_research._run": {"executed_lines": [291, 292, 293, 294, 296, 298, 299, 300, 307, 308, 309, 310, 311, 312, 313, 314, 315], "summary": {"covered_lines": 17, "num_statements": 17, "percent_covered": 100.0, "percent_covered_display": "100", "missing_lines": 0, "excluded_lines": 0, "percent_statements_covered": 100.0, "percent_statements_covered_display": "100", "num_branches": 2, "num_partial_branches": 0, "covered_branches": 2, "missing_branches": 0, "percent_branches_covered": 100.0, "percent_branches_covered_display": "100"}, "missing_lines": [], "excluded_lines": [], "start_line": 290, "executed_branches": [[292, 293], [292, 296]], "missing_branches": []}, "poll_research": {"executed_lines": [332, 386], "summary": {"covered_lines": 2, "num_statements": 2, "percent_covered": 100.0, "percent_covered_display": "100", "missing_lines": 0, "excluded_lines": 0, "percent_statements_covered": 100.0, "percent_statements_covered_display": "100", "num_branches": 0, "num_partial_branches": 0, "covered_branches": 0, "missing_branches": 0, "percent_branches_covered": 100.0, "percent_branches_covered_display": "100"}, "missing_lines": [], "excluded_lines": [], "start_line": 323, "executed_branches": [], "missing_branches": []}, "poll_research._run": {"executed_lines": [333, 334, 335, 336, 338, 339, 340, 342, 343, 346, 348, 349, 350, 351, 352, 355, 357, 360, 363, 364, 367, 368, 369, 370, 371, 373, 374, 381, 383], "summary": {"covered_lines": 29, "num_statements": 32, "percent_covered": 84.78260869565217, "percent_covered_display": "85", "missing_lines": 3, "excluded_lines": 0, "percent_statements_covered": 90.625, "percent_statements_covered_display": "91", "num_branches": 14, "num_partial_branches": 4, "covered_branches": 10, "missing_branches": 4, "percent_branches_covered": 71.42857142857143, "percent_branches_covered_display": "71"}, "missing_lines": [358, 361, 384], "excluded_lines": [], "start_line": 332, "executed_branches": [[334, 335], [334, 338], [342, 343], [342, 348], [357, 360], [360, 363], [363, 364], [373, 374], [373, 381], [383, -332]], "missing_branches": [[357, 358], [360, 361], [363, -332], [383, 384]]}, "create_mindmap": {"executed_lines": [406, 439], "summary": {"covered_lines": 2, "num_statements": 2, "percent_covered": 100.0, "percent_covered_display": "100", "missing_lines": 0, "excluded_lines": 0, "percent_statements_covered": 100.0, "percent_statements_covered_display": "100", "num_branches": 0, "num_partial_branches": 0, "covered_branches": 0, "missing_branches": 0, "percent_branches_covered": 100.0, "percent_branches_covered_display": "100"}, "missing_lines": [], "excluded_lines": [], "start_line": 395, "executed_branches": [], "missing_branches": []}, "create_mindmap._run": {"executed_lines": [407, 408, 409, 410, 412, 413, 415, 419, 420, 421, 422, 423, 424, 427, 428, 429, 430, 432, 435, 436, 437], "summary": {"covered_lines": 21, "num_statements": 23, "percent_covered": 88.88888888888889, "percent_covered_display": "89", "missing_lines": 2, "excluded_lines": 0, "percent_statements_covered": 91.30434782608695, "percent_statements_covered_display": "91", "num_branches": 4, "num_partial_branches": 1, "covered_branches": 3, "missing_branches": 1, "percent_branches_covered": 75.0, "percent_branches_covered_display": "75"}, "missing_lines": [433, 434], "excluded_lines": [], "start_line": 406, "executed_branches": [[408, 409], [408, 412], [428, 429]], "missing_branches": [[428, -406]]}, "list_mindmaps": {"executed_lines": [448, 487], "summary": {"covered_lines": 2, "num_statements": 2, "percent_covered": 100.0, "percent_covered_display": "100", "missing_lines": 0, "excluded_lines": 0, "percent_statements_covered": 100.0, "percent_statements_covered_display": "100", "num_branches": 0, "num_partial_branches": 0, "covered_branches": 0, "missing_branches": 0, "percent_branches_covered": 100.0, "percent_branches_covered_display": "100"}, "missing_lines": [], "excluded_lines": [], "start_line": 443, "executed_branches": [], "missing_branches": []}, "list_mindmaps._run": {"executed_lines": [449, 450, 451, 452, 454, 455, 456, 458, 459, 460, 462, 467, 468, 469, 470, 471, 473, 474, 477, 485], "summary": {"covered_lines": 20, "num_statements": 20, "percent_covered": 100.0, "percent_covered_display": "100", "missing_lines": 0, "excluded_lines": 0, "percent_statements_covered": 100.0, "percent_statements_covered_display": "100", "num_branches": 6, "num_partial_branches": 0, "covered_branches": 6, "missing_branches": 0, "percent_branches_covered": 100.0, "percent_branches_covered_display": "100"}, "missing_lines": [], "excluded_lines": [], "start_line": 448, "executed_branches": [[450, 451], [450, 454], [458, 459], [458, 462], [473, 474], [473, 485]], "missing_branches": []}, "export_mindmap": {"executed_lines": [509, 562], "summary": {"covered_lines": 2, "num_statements": 2, "percent_covered": 100.0, "percent_covered_display": "100", "missing_lines": 0, "excluded_lines": 0, "percent_statements_covered": 100.0, "percent_statements_covered_display": "100", "num_branches": 0, "num_partial_branches": 0, "covered_branches": 0, "missing_branches": 0, "percent_branches_covered": 100.0, "percent_branches_covered_display": "100"}, "missing_lines": [], "excluded_lines": [], "start_line": 491, "executed_branches": [], "missing_branches": []}, "export_mindmap._run": {"executed_lines": [510, 511, 512, 513, 515, 516, 518, 520, 521, 522, 523, 525, 530, 531, 532, 533, 536, 538, 543, 544, 545, 546, 547, 553, 554, 555, 556], "summary": {"covered_lines": 27, "num_statements": 33, "percent_covered": 82.22222222222223, "percent_covered_display": "82", "missing_lines": 6, "excluded_lines": 0, "percent_statements_covered": 81.81818181818181, "percent_statements_covered_display": "82", "num_branches": 12, "num_partial_branches": 2, "covered_branches": 10, "missing_branches": 2, "percent_branches_covered": 83.33333333333333, "percent_branches_covered_display": "83"}, "missing_lines": [526, 527, 549, 558, 559, 560], "excluded_lines": [], "start_line": 509, "executed_branches": [[511, 512], [511, 515], [521, 522], [521, 525], [525, 530], [532, 533], [532, 538], [544, 545], [544, 546], [546, 547]], "missing_branches": [[525, 526], [546, 549]]}, "root_login": {"executed_lines": [573], "summary": {"covered_lines": 1, "num_statements": 1, "percent_covered": 100.0, "percent_covered_display": "100", "missing_lines": 0, "excluded_lines": 0, "percent_statements_covered": 100.0, "percent_statements_covered_display": "100", "num_branches": 0, "num_partial_branches": 0, "covered_branches": 0, "missing_branches": 0, "percent_branches_covered": 100.0, "percent_branches_covered_display": "100"}, "missing_lines": [], "excluded_lines": [], "start_line": 571, "executed_branches": [], "missing_branches": []}, "root_check": {"executed_lines": [579], "summary": {"covered_lines": 1, "num_statements": 1, "percent_covered": 100.0, "percent_covered_display": "100", "missing_lines": 0, "excluded_lines": 0, "percent_statements_covered": 100.0, "percent_statements_covered_display": "100", "num_branches": 0, "num_partial_branches": 0, "covered_branches": 0, "missing_branches": 0, "percent_branches_covered": 100.0, "percent_branches_covered_display": "100"}, "missing_lines": [], "excluded_lines": [], "start_line": 577, "executed_branches": [], "missing_branches": []}, "": {"executed_lines": [1, 2, 4, 5, 6, 8, 9, 15, 16, 17, 18, 20, 21, 22, 23, 24, 25, 27, 28, 29, 30, 31, 33, 41, 42, 58, 59, 73, 74, 86, 87, 144, 145, 160, 161, 191, 192, 210, 211, 238, 239, 270, 271, 322, 323, 394, 395, 442, 443, 490, 491, 570, 571, 576, 577, 582], "summary": {"covered_lines": 56, "num_statements": 57, "percent_covered": 96.61016949152543, "percent_covered_display": "97", "missing_lines": 1, "excluded_lines": 0, "percent_statements_covered": 98.24561403508773, "percent_statements_covered_display": "98", "num_branches": 2, "num_partial_branches": 1, "covered_branches": 1, "missing_branches": 1, "percent_branches_covered": 50.0, "percent_branches_covered_display": "50"}, "missing_lines": [583], "excluded_lines": [], "start_line": 1, "executed_branches": [[582, -1]], "missing_branches": [[582, 583]]}}, "classes": {"": {"executed_lines": [1, 2, 4, 5, 6, 8, 9, 15, 16, 17, 18, 20, 21, 22, 23, 24, 25, 27, 28, 29, 30, 31, 33, 41, 42, 45, 46, 47, 48, 49, 50, 51, 52, 53, 55, 58, 59, 61, 62, 63, 64, 65, 66, 68, 69, 70, 73, 74, 76, 77, 78, 86, 87, 95, 96, 97, 98, 99, 101, 102, 103, 105, 106, 107, 109, 112, 114, 119, 133, 134, 135, 136, 137, 139, 141, 144, 145, 148, 149, 150, 151, 152, 153, 157, 160, 161, 167, 168, 169, 170, 172, 180, 181, 183, 191, 192, 198, 199, 200, 201, 202, 203, 207, 210, 211, 214, 215, 216, 217, 218, 220, 221, 222, 224, 225, 226, 227, 228, 230, 231, 233, 235, 238, 239, 246, 247, 248, 249, 251, 259, 260, 262, 270, 271, 288, 290, 291, 292, 293, 294, 296, 298, 299, 300, 307, 308, 309, 310, 311, 312, 313, 314, 315, 319, 322, 323, 332, 333, 334, 335, 336, 338, 339, 340, 342, 343, 346, 348, 349, 350, 351, 352, 355, 357, 360, 363, 364, 367, 368, 369, 370, 371, 373, 374, 381, 383, 386, 394, 395, 406, 407, 408, 409, 410, 412, 413, 415, 419, 420, 421, 422, 423, 424, 427, 428, 429, 430, 432, 435, 436, 437, 439, 442, 443, 448, 449, 450, 451, 452, 454, 455, 456, 458, 459, 460, 462, 467, 468, 469, 470, 471, 473, 474, 477, 485, 487, 490, 491, 509, 510, 511, 512, 513, 515, 516, 518, 520, 521, 522, 523, 525, 530, 531, 532, 533, 536, 538, 543, 544, 545, 546, 547, 553, 554, 555, 556, 562, 570, 571, 573, 576, 577, 579, 582], "summary": {"covered_lines": 274, "num_statements": 305, "percent_covered": 86.13333333333334, "percent_covered_display": "86", "missing_lines": 31, "excluded_lines": 0, "percent_statements_covered": 89.8360655737705, "percent_statements_covered_display": "90", "num_branches": 70, "num_partial_branches": 13, "covered_branches": 49, "missing_branches": 21, "percent_branches_covered": 70.0, "percent_branches_covered_display": "70"}, "missing_lines": [115, 116, 117, 118, 120, 121, 122, 123, 124, 125, 130, 173, 176, 177, 178, 252, 255, 256, 257, 358, 361, 384, 433, 434, 526, 527, 549, 558, 559, 560, 583], "excluded_lines": [], "start_line": 1, "executed_branches": [[62, 63], [62, 68], [65, 66], [97, 98], [97, 101], [105, 106], [105, 109], [114, 119], [119, 133], [136, 137], [136, 139], [172, 180], [220, 221], [220, 224], [230, 231], [230, 233], [251, 259], [292, 293], [292, 296], [334, 335], [334, 338], [342, 343], [342, 348], [357, 360], [360, 363], [363, 364], [373, 374], [373, 381], [383, -332], [408, 409], [408, 412], [428, 429], [450, 451], [450, 454], [458, 459], [458, 462], [473, 474], [473, 485], [511, 512], [511, 515], [521, 522], [521, 525], [525, 530], [532, 533], [532, 538], [544, 545], [544, 546], [546, 547], [582, -1]], "missing_branches": [[65, -58], [114, 115], [117, 118], [117, 139], [119, 120], [124, 125], [124, 139], [172, 173], [176, 177], [176, 180], [251, 252], [255, 256], [255, 259], [357, 358], [360, 361], [363, -332], [383, 384], [428, -406], [525, 526], [546, 549], [582, 583]]}}}, "src/pynotebooklm/exceptions.py": {"executed_lines": [9, 12, 13, 14, 17, 27, 30, 33, 41, 42, 43, 46, 56, 59, 60, 63, 73, 76, 77, 80, 88, 89, 90, 96, 104, 107, 108, 109, 110, 113, 122, 128, 129, 130, 131, 132, 135, 145, 146, 149, 159, 160], "summary": {"covered_lines": 42, "num_statements": 42, "percent_covered": 100.0, "percent_covered_display": "100", "missing_lines": 0, "excluded_lines": 0, "percent_statements_covered": 100.0, "percent_statements_covered_display": "100", "num_branches": 4, "num_partial_branches": 0, "covered_branches": 4, "missing_branches": 0, "percent_branches_covered": 100.0, "percent_branches_covered_display": "100"}, "missing_lines": [], "excluded_lines": [], "executed_branches": [[108, 109], [108, 110], [130, 131], [130, 132]], "missing_branches": [], "functions": {"PyNotebookLMError.__init__": {"executed_lines": [13, 14], "summary": {"covered_lines": 2, "num_statements": 2, "percent_covered": 100.0, "percent_covered_display": "100", "missing_lines": 0, "excluded_lines": 0, "percent_statements_covered": 100.0, "percent_statements_covered_display": "100", "num_branches": 0, "num_partial_branches": 0, "covered_branches": 0, "missing_branches": 0, "percent_branches_covered": 100.0, "percent_branches_covered_display": "100"}, "missing_lines": [], "excluded_lines": [], "start_line": 12, "executed_branches": [], "missing_branches": []}, "AuthenticationError.__init__": {"executed_lines": [30], "summary": {"covered_lines": 1, "num_statements": 1, "percent_covered": 100.0, "percent_covered_display": "100", "missing_lines": 0, "excluded_lines": 0, "percent_statements_covered": 100.0, "percent_statements_covered_display": "100", "num_branches": 0, "num_partial_branches": 0, "covered_branches": 0, "missing_branches": 0, "percent_branches_covered": 100.0, "percent_branches_covered_display": "100"}, "missing_lines": [], "excluded_lines": [], "start_line": 27, "executed_branches": [], "missing_branches": []}, "NotebookNotFoundError.__init__": {"executed_lines": [42, 43], "summary": {"covered_lines": 2, "num_statements": 2, "percent_covered": 100.0, "percent_covered_display": "100", "missing_lines": 0, "excluded_lines": 0, "percent_statements_covered": 100.0, "percent_statements_covered_display": "100", "num_branches": 0, "num_partial_branches": 0, "covered_branches": 0, "missing_branches": 0, "percent_branches_covered": 100.0, "percent_branches_covered_display": "100"}, "missing_lines": [], "excluded_lines": [], "start_line": 41, "executed_branches": [], "missing_branches": []}, "SourceError.__init__": {"executed_lines": [59, 60], "summary": {"covered_lines": 2, "num_statements": 2, "percent_covered": 100.0, "percent_covered_display": "100", "missing_lines": 0, "excluded_lines": 0, "percent_statements_covered": 100.0, "percent_statements_covered_display": "100", "num_branches": 0, "num_partial_branches": 0, "covered_branches": 0, "missing_branches": 0, "percent_branches_covered": 100.0, "percent_branches_covered_display": "100"}, "missing_lines": [], "excluded_lines": [], "start_line": 56, "executed_branches": [], "missing_branches": []}, "GenerationError.__init__": {"executed_lines": [76, 77], "summary": {"covered_lines": 2, "num_statements": 2, "percent_covered": 100.0, "percent_covered_display": "100", "missing_lines": 0, "excluded_lines": 0, "percent_statements_covered": 100.0, "percent_statements_covered_display": "100", "num_branches": 0, "num_partial_branches": 0, "covered_branches": 0, "missing_branches": 0, "percent_branches_covered": 100.0, "percent_branches_covered_display": "100"}, "missing_lines": [], "excluded_lines": [], "start_line": 73, "executed_branches": [], "missing_branches": []}, "GenerationTimeoutError.__init__": {"executed_lines": [89, 90], "summary": {"covered_lines": 2, "num_statements": 2, "percent_covered": 100.0, "percent_covered_display": "100", "missing_lines": 0, "excluded_lines": 0, "percent_statements_covered": 100.0, "percent_statements_covered_display": "100", "num_branches": 0, "num_partial_branches": 0, "covered_branches": 0, "missing_branches": 0, "percent_branches_covered": 100.0, "percent_branches_covered_display": "100"}, "missing_lines": [], "excluded_lines": [], "start_line": 88, "executed_branches": [], "missing_branches": []}, "RateLimitError.__init__": {"executed_lines": [107, 108, 109, 110], "summary": {"covered_lines": 4, "num_statements": 4, "percent_covered": 100.0, "percent_covered_display": "100", "missing_lines": 0, "excluded_lines": 0, "percent_statements_covered": 100.0, "percent_statements_covered_display": "100", "num_branches": 2, "num_partial_branches": 0, "covered_branches": 2, "missing_branches": 0, "percent_branches_covered": 100.0, "percent_branches_covered_display": "100"}, "missing_lines": [], "excluded_lines": [], "start_line": 104, "executed_branches": [[108, 109], [108, 110]], "missing_branches": []}, "APIError.__init__": {"executed_lines": [128, 129, 130, 131, 132], "summary": {"covered_lines": 5, "num_statements": 5, "percent_covered": 100.0, "percent_covered_display": "100", "missing_lines": 0, "excluded_lines": 0, "percent_statements_covered": 100.0, "percent_statements_covered_display": "100", "num_branches": 2, "num_partial_branches": 0, "covered_branches": 2, "missing_branches": 0, "percent_branches_covered": 100.0, "percent_branches_covered_display": "100"}, "missing_lines": [], "excluded_lines": [], "start_line": 122, "executed_branches": [[130, 131], [130, 132]], "missing_branches": []}, "BrowserError.__init__": {"executed_lines": [146], "summary": {"covered_lines": 1, "num_statements": 1, "percent_covered": 100.0, "percent_covered_display": "100", "missing_lines": 0, "excluded_lines": 0, "percent_statements_covered": 100.0, "percent_statements_covered_display": "100", "num_branches": 0, "num_partial_branches": 0, "covered_branches": 0, "missing_branches": 0, "percent_branches_covered": 100.0, "percent_branches_covered_display": "100"}, "missing_lines": [], "excluded_lines": [], "start_line": 145, "executed_branches": [], "missing_branches": []}, "SessionError.__init__": {"executed_lines": [160], "summary": {"covered_lines": 1, "num_statements": 1, "percent_covered": 100.0, "percent_covered_display": "100", "missing_lines": 0, "excluded_lines": 0, "percent_statements_covered": 100.0, "percent_statements_covered_display": "100", "num_branches": 0, "num_partial_branches": 0, "covered_branches": 0, "missing_branches": 0, "percent_branches_covered": 100.0, "percent_branches_covered_display": "100"}, "missing_lines": [], "excluded_lines": [], "start_line": 159, "executed_branches": [], "missing_branches": []}, "": {"executed_lines": [9, 12, 17, 27, 33, 41, 46, 56, 63, 73, 80, 88, 96, 104, 113, 122, 135, 145, 149, 159], "summary": {"covered_lines": 20, "num_statements": 20, "percent_covered": 100.0, "percent_covered_display": "100", "missing_lines": 0, "excluded_lines": 0, "percent_statements_covered": 100.0, "percent_statements_covered_display": "100", "num_branches": 0, "num_partial_branches": 0, "covered_branches": 0, "missing_branches": 0, "percent_branches_covered": 100.0, "percent_branches_covered_display": "100"}, "missing_lines": [], "excluded_lines": [], "start_line": 1, "executed_branches": [], "missing_branches": []}}, "classes": {"PyNotebookLMError": {"executed_lines": [13, 14], "summary": {"covered_lines": 2, "num_statements": 2, "percent_covered": 100.0, "percent_covered_display": "100", "missing_lines": 0, "excluded_lines": 0, "percent_statements_covered": 100.0, "percent_statements_covered_display": "100", "num_branches": 0, "num_partial_branches": 0, "covered_branches": 0, "missing_branches": 0, "percent_branches_covered": 100.0, "percent_branches_covered_display": "100"}, "missing_lines": [], "excluded_lines": [], "start_line": 9, "executed_branches": [], "missing_branches": []}, "AuthenticationError": {"executed_lines": [30], "summary": {"covered_lines": 1, "num_statements": 1, "percent_covered": 100.0, "percent_covered_display": "100", "missing_lines": 0, "excluded_lines": 0, "percent_statements_covered": 100.0, "percent_statements_covered_display": "100", "num_branches": 0, "num_partial_branches": 0, "covered_branches": 0, "missing_branches": 0, "percent_branches_covered": 100.0, "percent_branches_covered_display": "100"}, "missing_lines": [], "excluded_lines": [], "start_line": 17, "executed_branches": [], "missing_branches": []}, "NotebookNotFoundError": {"executed_lines": [42, 43], "summary": {"covered_lines": 2, "num_statements": 2, "percent_covered": 100.0, "percent_covered_display": "100", "missing_lines": 0, "excluded_lines": 0, "percent_statements_covered": 100.0, "percent_statements_covered_display": "100", "num_branches": 0, "num_partial_branches": 0, "covered_branches": 0, "missing_branches": 0, "percent_branches_covered": 100.0, "percent_branches_covered_display": "100"}, "missing_lines": [], "excluded_lines": [], "start_line": 33, "executed_branches": [], "missing_branches": []}, "SourceError": {"executed_lines": [59, 60], "summary": {"covered_lines": 2, "num_statements": 2, "percent_covered": 100.0, "percent_covered_display": "100", "missing_lines": 0, "excluded_lines": 0, "percent_statements_covered": 100.0, "percent_statements_covered_display": "100", "num_branches": 0, "num_partial_branches": 0, "covered_branches": 0, "missing_branches": 0, "percent_branches_covered": 100.0, "percent_branches_covered_display": "100"}, "missing_lines": [], "excluded_lines": [], "start_line": 46, "executed_branches": [], "missing_branches": []}, "GenerationError": {"executed_lines": [76, 77], "summary": {"covered_lines": 2, "num_statements": 2, "percent_covered": 100.0, "percent_covered_display": "100", "missing_lines": 0, "excluded_lines": 0, "percent_statements_covered": 100.0, "percent_statements_covered_display": "100", "num_branches": 0, "num_partial_branches": 0, "covered_branches": 0, "missing_branches": 0, "percent_branches_covered": 100.0, "percent_branches_covered_display": "100"}, "missing_lines": [], "excluded_lines": [], "start_line": 63, "executed_branches": [], "missing_branches": []}, "GenerationTimeoutError": {"executed_lines": [89, 90], "summary": {"covered_lines": 2, "num_statements": 2, "percent_covered": 100.0, "percent_covered_display": "100", "missing_lines": 0, "excluded_lines": 0, "percent_statements_covered": 100.0, "percent_statements_covered_display": "100", "num_branches": 0, "num_partial_branches": 0, "covered_branches": 0, "missing_branches": 0, "percent_branches_covered": 100.0, "percent_branches_covered_display": "100"}, "missing_lines": [], "excluded_lines": [], "start_line": 80, "executed_branches": [], "missing_branches": []}, "RateLimitError": {"executed_lines": [107, 108, 109, 110], "summary": {"covered_lines": 4, "num_statements": 4, "percent_covered": 100.0, "percent_covered_display": "100", "missing_lines": 0, "excluded_lines": 0, "percent_statements_covered": 100.0, "percent_statements_covered_display": "100", "num_branches": 2, "num_partial_branches": 0, "covered_branches": 2, "missing_branches": 0, "percent_branches_covered": 100.0, "percent_branches_covered_display": "100"}, "missing_lines": [], "excluded_lines": [], "start_line": 96, "executed_branches": [[108, 109], [108, 110]], "missing_branches": []}, "APIError": {"executed_lines": [128, 129, 130, 131, 132], "summary": {"covered_lines": 5, "num_statements": 5, "percent_covered": 100.0, "percent_covered_display": "100", "missing_lines": 0, "excluded_lines": 0, "percent_statements_covered": 100.0, "percent_statements_covered_display": "100", "num_branches": 2, "num_partial_branches": 0, "covered_branches": 2, "missing_branches": 0, "percent_branches_covered": 100.0, "percent_branches_covered_display": "100"}, "missing_lines": [], "excluded_lines": [], "start_line": 113, "executed_branches": [[130, 131], [130, 132]], "missing_branches": []}, "BrowserError": {"executed_lines": [146], "summary": {"covered_lines": 1, "num_statements": 1, "percent_covered": 100.0, "percent_covered_display": "100", "missing_lines": 0, "excluded_lines": 0, "percent_statements_covered": 100.0, "percent_statements_covered_display": "100", "num_branches": 0, "num_partial_branches": 0, "covered_branches": 0, "missing_branches": 0, "percent_branches_covered": 100.0, "percent_branches_covered_display": "100"}, "missing_lines": [], "excluded_lines": [], "start_line": 135, "executed_branches": [], "missing_branches": []}, "SessionError": {"executed_lines": [160], "summary": {"covered_lines": 1, "num_statements": 1, "percent_covered": 100.0, "percent_covered_display": "100", "missing_lines": 0, "excluded_lines": 0, "percent_statements_covered": 100.0, "percent_statements_covered_display": "100", "num_branches": 0, "num_partial_branches": 0, "covered_branches": 0, "missing_branches": 0, "percent_branches_covered": 100.0, "percent_branches_covered_display": "100"}, "missing_lines": [], "excluded_lines": [], "start_line": 149, "executed_branches": [], "missing_branches": []}, "": {"executed_lines": [9, 12, 17, 27, 33, 41, 46, 56, 63, 73, 80, 88, 96, 104, 113, 122, 135, 145, 149, 159], "summary": {"covered_lines": 20, "num_statements": 20, "percent_covered": 100.0, "percent_covered_display": "100", "missing_lines": 0, "excluded_lines": 0, "percent_statements_covered": 100.0, "percent_statements_covered_display": "100", "num_branches": 0, "num_partial_branches": 0, "covered_branches": 0, "missing_branches": 0, "percent_branches_covered": 100.0, "percent_branches_covered_display": "100"}, "missing_lines": [], "excluded_lines": [], "start_line": 1, "executed_branches": [], "missing_branches": []}}}, "src/pynotebooklm/mindmaps.py": {"executed_lines": [10, 11, 12, 13, 14, 16, 18, 23, 26, 27, 28, 36, 39, 40, 44, 47, 50, 51, 52, 56, 59, 62, 63, 64, 65, 66, 67, 71, 73, 75, 76, 77, 78, 79, 80, 81, 89, 91, 92, 93, 94, 97, 115, 116, 117, 118, 121, 124, 125, 126, 127, 128, 131, 133, 135, 136, 137, 140, 143, 144, 145, 148, 166, 167, 168, 169, 172, 174, 178, 179, 180, 182, 185, 186, 188, 189, 192, 195, 196, 197, 200, 214, 215, 216, 217, 219, 220, 221, 229, 247, 254, 256, 273, 274, 277, 279, 290, 292, 293, 294, 295, 296, 299, 300, 303, 305, 308, 311, 312, 313, 315, 317, 323, 350, 351, 352, 353, 356, 359, 361, 369, 371, 372, 373, 374, 375, 380, 383, 385, 386, 387, 389, 392, 394, 403, 429, 430, 433, 440, 441, 446, 454, 457, 464, 479, 480, 482, 484, 486, 487, 493, 495, 496, 499, 501, 502, 505, 506, 508, 512, 513, 514, 517, 518, 519, 520, 523, 524, 525, 526, 527, 528, 529, 531, 542, 543, 545, 561, 562, 563, 564, 566, 567, 568, 569, 570, 572, 574, 575, 577, 578, 579], "summary": {"covered_lines": 192, "num_statements": 214, "percent_covered": 85.41666666666667, "percent_covered_display": "85", "missing_lines": 22, "excluded_lines": 2, "percent_statements_covered": 89.7196261682243, "percent_statements_covered_display": "90", "num_branches": 74, "num_partial_branches": 14, "covered_branches": 54, "missing_branches": 20, "percent_branches_covered": 72.97297297297297, "percent_branches_covered_display": "73"}, "missing_lines": [309, 376, 377, 381, 390, 434, 436, 437, 438, 488, 489, 490, 491, 503, 509, 580, 582, 583, 584, 585, 586, 587], "excluded_lines": [20, 21], "executed_branches": [[75, 76], [75, 77], [92, 93], [92, 94], [136, -133], [136, 137], [179, 180], [179, 182], [186, -174], [186, 188], [219, 220], [219, 221], [273, 274], [273, 277], [299, 300], [299, 303], [308, 311], [312, 313], [350, 351], [350, 352], [352, 353], [352, 356], [374, 375], [380, 383], [389, 392], [429, 430], [429, 433], [433, 440], [440, 441], [440, 446], [479, 480], [479, 482], [495, 496], [495, 499], [501, 502], [501, 542], [502, 505], [508, 512], [518, 519], [524, 525], [526, 527], [527, 528], [527, 531], [528, 529], [561, 562], [561, 563], [563, 564], [563, 566], [567, 568], [567, 570], [568, 567], [568, 569], [575, 577], [578, 579]], "missing_branches": [[308, 309], [312, 315], [374, 376], [380, 381], [389, 390], [433, 434], [489, 490], [489, 491], [502, 503], [508, 509], [518, 523], [524, 531], [526, 531], [528, 527], [575, 580], [578, 587], [580, 582], [580, 587], [582, 583], [582, 584]], "functions": {"MindMap.get_root_node": {"executed_lines": [75, 76, 77, 78, 79, 80, 81], "summary": {"covered_lines": 7, "num_statements": 7, "percent_covered": 100.0, "percent_covered_display": "100", "missing_lines": 0, "excluded_lines": 0, "percent_statements_covered": 100.0, "percent_statements_covered_display": "100", "num_branches": 2, "num_partial_branches": 0, "covered_branches": 2, "missing_branches": 0, "percent_branches_covered": 100.0, "percent_branches_covered_display": "100"}, "missing_lines": [], "excluded_lines": [], "start_line": 73, "executed_branches": [[75, 76], [75, 77]], "missing_branches": []}, "_parse_node": {"executed_lines": [91, 92, 93, 94], "summary": {"covered_lines": 4, "num_statements": 4, "percent_covered": 100.0, "percent_covered_display": "100", "missing_lines": 0, "excluded_lines": 0, "percent_statements_covered": 100.0, "percent_statements_covered_display": "100", "num_branches": 2, "num_partial_branches": 0, "covered_branches": 2, "missing_branches": 0, "percent_branches_covered": 100.0, "percent_branches_covered_display": "100"}, "missing_lines": [], "excluded_lines": [], "start_line": 89, "executed_branches": [[92, 93], [92, 94]], "missing_branches": []}, "export_to_opml": {"executed_lines": [115, 116, 117, 118, 121, 124, 125, 126, 127, 128, 131, 133, 140, 143, 144, 145], "summary": {"covered_lines": 16, "num_statements": 16, "percent_covered": 100.0, "percent_covered_display": "100", "missing_lines": 0, "excluded_lines": 0, "percent_statements_covered": 100.0, "percent_statements_covered_display": "100", "num_branches": 0, "num_partial_branches": 0, "covered_branches": 0, "missing_branches": 0, "percent_branches_covered": 100.0, "percent_branches_covered_display": "100"}, "missing_lines": [], "excluded_lines": [], "start_line": 97, "executed_branches": [], "missing_branches": []}, "export_to_opml.add_outline": {"executed_lines": [135, 136, 137], "summary": {"covered_lines": 3, "num_statements": 3, "percent_covered": 100.0, "percent_covered_display": "100", "missing_lines": 0, "excluded_lines": 0, "percent_statements_covered": 100.0, "percent_statements_covered_display": "100", "num_branches": 2, "num_partial_branches": 0, "covered_branches": 2, "missing_branches": 0, "percent_branches_covered": 100.0, "percent_branches_covered_display": "100"}, "missing_lines": [], "excluded_lines": [], "start_line": 133, "executed_branches": [[136, -133], [136, 137]], "missing_branches": []}, "export_to_freemind": {"executed_lines": [166, 167, 168, 169, 172, 174, 192, 195, 196, 197], "summary": {"covered_lines": 10, "nu
[...]
nt_covered": 100.0, "percent_covered_display": "100", "missing_lines": 0, "excluded_lines": 0, "percent_statements_covered": 100.0, "percent_statements_covered_display": "100", "num_branches": 0, "num_partial_branches": 0, "covered_branches": 0, "missing_branches": 0, "percent_branches_covered": 100.0, "percent_branches_covered_display": "100"}, "missing_lines": [], "excluded_lines": [], "start_line": 158, "executed_branches": [], "missing_branches": []}, "BrowserSession._cleanup": {"executed_lines": [169, 170, 171, 172, 173, 174, 176, 177, 178, 179, 180, 181, 183, 184, 185, 186, 187, 188, 190, 191, 192, 193, 194, 195, 197], "summary": {"covered_lines": 25, "num_statements": 25, "percent_covered": 100.0, "percent_covered_display": "100", "missing_lines": 0, "excluded_lines": 0, "percent_statements_covered": 100.0, "percent_statements_covered_display": "100", "num_branches": 8, "num_partial_branches": 0, "covered_branches": 8, "missing_branches": 0, "percent_branches_covered": 100.0, "percent_branches_covered_display": "100"}, "missing_lines": [], "excluded_lines": [], "start_line": 167, "executed_branches": [[169, 170], [169, 176], [176, 177], [176, 183], [183, 184], [183, 190], [190, 191], [190, 197]], "missing_branches": []}, "BrowserSession._extract_csrf_token": {"executed_lines": [206, 207, 209, 210, 222, 223, 224, 225], "summary": {"covered_lines": 8, "num_statements": 8, "percent_covered": 100.0, "percent_covered_display": "100", "missing_lines": 0, "excluded_lines": 0, "percent_statements_covered": 100.0, "percent_statements_covered_display": "100", "num_branches": 2, "num_partial_branches": 0, "covered_branches": 2, "missing_branches": 0, "percent_branches_covered": 100.0, "percent_branches_covered_display": "100"}, "missing_lines": [], "excluded_lines": [], "start_line": 199, "executed_branches": [[206, 207], [206, 209]], "missing_branches": []}, "BrowserSession.page": {"executed_lines": [230, 231], "summary": {"covered_lines": 2, "num_statements": 3, "percent_covered": 60.0, "percent_covered_display": "60", "missing_lines": 1, "excluded_lines": 0, "percent_statements_covered": 66.66666666666667, "percent_statements_covered_display": "67", "num_branches": 2, "num_partial_branches": 1, "covered_branches": 1, "missing_branches": 1, "percent_branches_covered": 50.0, "percent_branches_covered_display": "50"}, "missing_lines": [232], "excluded_lines": [], "start_line": 228, "executed_branches": [[230, 231]], "missing_branches": [[230, 232]]}, "BrowserSession.csrf_token": {"executed_lines": [237], "summary": {"covered_lines": 1, "num_statements": 1, "percent_covered": 100.0, "percent_covered_display": "100", "missing_lines": 0, "excluded_lines": 0, "percent_statements_covered": 100.0, "percent_statements_covered_display": "100", "num_branches": 0, "num_partial_branches": 0, "covered_branches": 0, "missing_branches": 0, "percent_branches_covered": 100.0, "percent_branches_covered_display": "100"}, "missing_lines": [], "excluded_lines": [], "start_line": 235, "executed_branches": [], "missing_branches": []}, "BrowserSession.call_rpc": {"executed_lines": [261, 262, 265, 267, 269, 271, 298, 300, 301, 302, 303, 304], "summary": {"covered_lines": 12, "num_statements": 12, "percent_covered": 100.0, "percent_covered_display": "100", "missing_lines": 0, "excluded_lines": 0, "percent_statements_covered": 100.0, "percent_statements_covered_display": "100", "num_branches": 4, "num_partial_branches": 0, "covered_branches": 4, "missing_branches": 0, "percent_branches_covered": 100.0, "percent_branches_covered_display": "100"}, "missing_lines": [], "excluded_lines": [], "start_line": 239, "executed_branches": [[261, 262], [261, 265], [301, 302], [301, 303]], "missing_branches": []}, "BrowserSession._encode_payload": {"executed_lines": [319, 320, 321, 324, 327, 332, 333, 335], "summary": {"covered_lines": 8, "num_statements": 8, "percent_covered": 100.0, "percent_covered_display": "100", "missing_lines": 0, "excluded_lines": 0, "percent_statements_covered": 100.0, "percent_statements_covered_display": "100", "num_branches": 2, "num_partial_branches": 0, "covered_branches": 2, "missing_branches": 0, "percent_branches_covered": 100.0, "percent_branches_covered_display": "100"}, "missing_lines": [], "excluded_lines": [], "start_line": 306, "executed_branches": [[332, 333], [332, 335]], "missing_branches": []}, "BrowserSession._parse_response": {"executed_lines": [351, 352, 355, 356, 359, 360, 367, 368, 371, 372, 373, 377, 378, 379, 381, 383, 387, 388, 389, 390, 391, 392], "summary": {"covered_lines": 22, "num_statements": 27, "percent_covered": 76.74418604651163, "percent_covered_display": "77", "missing_lines": 5, "excluded_lines": 0, "percent_statements_covered": 81.48148148148148, "percent_statements_covered_display": "81", "num_branches": 16, "num_partial_branches": 5, "covered_branches": 11, "missing_branches": 5, "percent_branches_covered": 68.75, "percent_branches_covered_display": "69"}, "missing_lines": [393, 395, 397, 398, 399], "excluded_lines": [], "start_line": 337, "executed_branches": [[355, 356], [355, 359], [359, 360], [359, 367], [367, 368], [372, 373], [372, 377], [378, 379], [387, 388], [389, 390], [391, 392]], "missing_branches": [[367, 371], [378, 381], [387, 395], [389, 395], [391, 393]]}, "BrowserSession.call_api": {"executed_lines": [424, 425, 427, 428, 460, 461, 467, 469, 470, 471, 472], "summary": {"covered_lines": 11, "num_statements": 11, "percent_covered": 100.0, "percent_covered_display": "100", "missing_lines": 0, "excluded_lines": 0, "percent_statements_covered": 100.0, "percent_statements_covered_display": "100", "num_branches": 4, "num_partial_branches": 0, "covered_branches": 4, "missing_branches": 0, "percent_branches_covered": 100.0, "percent_branches_covered_display": "100"}, "missing_lines": [], "excluded_lines": [], "start_line": 401, "executed_branches": [[424, 425], [424, 427], [460, 461], [460, 467]], "missing_branches": []}, "": {"executed_lines": [8, 9, 10, 11, 13, 21, 22, 30, 33, 34, 37, 40, 58, 83, 158, 167, 199, 227, 228, 234, 235, 239, 306, 337, 401], "summary": {"covered_lines": 25, "num_statements": 25, "percent_covered": 100.0, "percent_covered_display": "100", "missing_lines": 0, "excluded_lines": 0, "percent_statements_covered": 100.0, "percent_statements_covered_display": "100", "num_branches": 0, "num_partial_branches": 0, "covered_branches": 0, "missing_branches": 0, "percent_branches_covered": 100.0, "percent_branches_covered_display": "100"}, "missing_lines": [], "excluded_lines": [], "start_line": 1, "executed_branches": [], "missing_branches": []}}, "classes": {"BrowserSession": {"executed_lines": [72, 73, 74, 77, 78, 79, 80, 81, 96, 97, 101, 102, 103, 105, 106, 116, 117, 127, 130, 131, 133, 134, 137, 138, 143, 144, 148, 150, 151, 152, 153, 154, 155, 156, 165, 169, 170, 171, 172, 173, 174, 176, 177, 178, 179, 180, 181, 183, 184, 185, 186, 187, 188, 190, 191, 192, 193, 194, 195, 197, 206, 207, 209, 210, 222, 223, 224, 225, 230, 231, 237, 261, 262, 265, 267, 269, 271, 298, 300, 301, 302, 303, 304, 319, 320, 321, 324, 327, 332, 333, 335, 351, 352, 355, 356, 359, 360, 367, 368, 371, 372, 373, 377, 378, 379, 381, 383, 387, 388, 389, 390, 391, 392, 424, 425, 427, 428, 460, 461, 467, 469, 470, 471, 472], "summary": {"covered_lines": 124, "num_statements": 130, "percent_covered": 93.02325581395348, "percent_covered_display": "93", "missing_lines": 6, "excluded_lines": 0, "percent_statements_covered": 95.38461538461539, "percent_statements_covered_display": "95", "num_branches": 42, "num_partial_branches": 6, "covered_branches": 36, "missing_branches": 6, "percent_branches_covered": 85.71428571428571, "percent_branches_covered_display": "86"}, "missing_lines": [232, 393, 395, 397, 398, 399], "excluded_lines": [], "start_line": 40, "executed_branches": [[96, 97], [96, 101], [137, 138], [137, 143], [169, 170], [169, 176], [176, 177], [176, 183], [183, 184], [183, 190], [190, 191], [190, 197], [206, 207], [206, 209], [230, 231], [261, 262], [261, 265], [301, 302], [301, 303], [332, 333], [332, 335], [355, 356], [355, 359], [359, 360], [359, 367], [367, 368], [372, 373], [372, 377], [378, 379], [387, 388], [389, 390], [391, 392], [424, 425], [424, 427], [460, 461], [460, 467]], "missing_branches": [[230, 232], [367, 371], [378, 381], [387, 395], [389, 395], [391, 393]]}, "": {"executed_lines": [8, 9, 10, 11, 13, 21, 22, 30, 33, 34, 37, 40, 58, 83, 158, 167, 199, 227, 228, 234, 235, 239, 306, 337, 401], "summary": {"covered_lines": 25, "num_statements": 25, "percent_covered": 100.0, "percent_covered_display": "100", "missing_lines": 0, "excluded_lines": 0, "percent_statements_covered": 100.0, "percent_statements_covered_display": "100", "num_branches": 0, "num_partial_branches": 0, "covered_branches": 0, "missing_branches": 0, "percent_branches_covered": 100.0, "percent_branches_covered_display": "100"}, "missing_lines": [], "excluded_lines": [], "start_line": 1, "executed_branches": [], "missing_branches": []}}}, "src/pynotebooklm/sources.py": {"executed_lines": [8, 9, 10, 12, 13, 18, 21, 35, 42, 43, 45, 72, 73, 75, 76, 79, 80, 83, 84, 85, 87, 89, 91, 93, 94, 96, 121, 124, 127, 128, 130, 132, 134, 135, 137, 138, 140, 170, 173, 174, 176, 178, 180, 182, 183, 185, 186, 188, 213, 216, 217, 219, 221, 223, 225, 226, 228, 229, 231, 250, 251, 253, 255, 257, 258, 259, 264, 265, 267, 287, 288, 290, 291, 293, 295, 297, 298, 300, 317, 319, 321, 322, 323, 324, 331, 332, 338, 340, 341, 343, 345, 351], "summary": {"covered_lines": 92, "num_statements": 99, "percent_covered": 90.83969465648855, "percent_covered_display": "91", "missing_lines": 7, "excluded_lines": 2, "percent_statements_covered": 92.92929292929293, "percent_statements_covered_display": "93", "num_branches": 32, "num_partial_branches": 5, "covered_branches": 27, "missing_branches": 5, "percent_branches_covered": 84.375, "percent_branches_covered_display": "84"}, "missing_lines": [122, 125, 171, 214, 260, 261, 262], "excluded_lines": [15, 16], "executed_branches": [[72, 73], [72, 75], [75, 76], [75, 79], [79, 80], [79, 83], [83, 84], [83, 87], [121, 124], [124, 127], [127, 128], [127, 130], [170, 173], [173, 174], [173, 176], [213, 216], [216, 217], [216, 219], [250, 251], [250, 253], [287, 288], [287, 290], [290, 291], [290, 293], [322, 323], [322, 331], [323, 324]], "missing_branches": [[121, 122], [124, 125], [170, 171], [213, 214], [323, 322]], "functions": {"SourceManager.__init__": {"executed_lines": [42, 43], "summary": {"covered_lines": 2, "num_statements": 2, "percent_covered": 100.0, "percent_covered_display": "100", "missing_lines": 0, "excluded_lines": 0, "percent_statements_covered": 100.0, "percent_statements_covered_display": "100", "num_branches": 0, "num_partial_branches": 0, "covered_branches": 0, "missing_branches": 0, "percent_branches_covered": 100.0, "percent_branches_covered_display": "100"}, "missing_lines": [], "excluded_lines": [], "start_line": 35, "executed_branches": [], "missing_branches": []}, "SourceManager.add_url": {"executed_lines": [72, 73, 75, 76, 79, 80, 83, 84, 85, 87, 89, 91, 93, 94], "summary": {"covered_lines": 14, "num_statements": 14, "percent_covered": 100.0, "percent_covered_display": "100", "missing_lines": 0, "excluded_lines": 0, "percent_statements_covered": 100.0, "percent_statements_covered_display": "100", "num_branches": 8, "num_partial_branches": 0, "covered_branches": 8, "missing_branches": 0, "percent_branches_covered": 100.0, "percent_branches_covered_display": "100"}, "missing_lines": [], "excluded_lines": [], "start_line": 45, "executed_branches": [[72, 73], [72, 75], [75, 76], [75, 79], [79, 80], [79, 83], [83, 84], [83, 87]], "missing_branches": []}, "SourceManager.add_youtube": {"executed_lines": [121, 124, 127, 128, 130, 132, 134, 135, 137, 138], "summary": {"covered_lines": 10, "num_statements": 12, "percent_covered": 77.77777777777777, "percent_covered_display": "78", "missing_lines": 2, "excluded_lines": 0, "percent_statements_covered": 83.33333333333333, "percent_statements_covered_display": "83", "num_branches": 6, "num_partial_branches": 2, "covered_branches": 4, "missing_branches": 2, "percent_branches_covered": 66.66666666666667, "percent_branches_covered_display": "67"}, "missing_lines": [122, 125], "excluded_lines": [], "start_line": 96, "executed_branches": [[121, 124], [124, 127], [127, 128], [127, 130]], "missing_branches": [[121, 122], [124, 125]]}, "SourceManager.add_text": {"executed_lines": [170, 173, 174, 176, 178, 180, 182, 183, 185, 186], "summary": {"covered_lines": 10, "num_statements": 11, "percent_covered": 86.66666666666667, "percent_covered_display": "87", "missing_lines": 1, "excluded_lines": 0, "percent_statements_covered": 90.9090909090909, "percent_statements_covered_display": "91", "num_branches": 4, "num_partial_branches": 1, "covered_branches": 3, "missing_branches": 1, "percent_branches_covered": 75.0, "percent_branches_covered_display": "75"}, "missing_lines": [171], "excluded_lines": [], "start_line": 140, "executed_branches": [[170, 173], [173, 174], [173, 176]], "missing_branches": [[170, 171]]}, "SourceManager.add_drive": {"executed_lines": [213, 216, 217, 219, 221, 223, 225, 226, 228, 229], "summary": {"covered_lines": 10, "num_statements": 11, "percent_covered": 86.66666666666667, "percent_covered_display": "87", "missing_lines": 1, "excluded_lines": 0, "percent_statements_covered": 90.9090909090909, "percent_statements_covered_display": "91", "num_branches": 4, "num_partial_branches": 1, "covered_branches": 3, "missing_branches": 1, "percent_branches_covered": 75.0, "percent_branches_covered_display": "75"}, "missing_lines": [214], "excluded_lines": [], "start_line": 188, "executed_branches": [[213, 216], [216, 217], [216, 219]], "missing_branches": [[213, 214]]}, "SourceManager.list_sources": {"executed_lines": [250, 251, 253, 255, 257, 258, 259, 264, 265], "summary": {"covered_lines": 9, "num_statements": 12, "percent_covered": 78.57142857142857, "percent_covered_display": "79", "missing_lines": 3, "excluded_lines": 0, "percent_statements_covered": 75.0, "percent_statements_covered_display": "75", "num_branches": 2, "num_partial_branches": 0, "covered_branches": 2, "missing_branches": 0, "percent_branches_covered": 100.0, "percent_branches_covered_display": "100"}, "missing_lines": [260, 261, 262], "excluded_lines": [], "start_line": 231, "executed_branches": [[250, 251], [250, 253]], "missing_branches": []}, "SourceManager.delete": {"executed_lines": [287, 288, 290, 291, 293, 295, 297, 298], "summary": {"covered_lines": 8, "num_statements": 8, "percent_covered": 100.0, "percent_covered_display": "100", "missing_lines": 0, "excluded_lines": 0, "percent_statements_covered": 100.0, "percent_statements_covered_display": "100", "num_branches": 4, "num_partial_branches": 0, "covered_branches": 4, "missing_branches": 0, "percent_branches_covered": 100.0, "percent_branches_covered_display": "100"}, "missing_lines": [], "excluded_lines": [], "start_line": 267, "executed_branches": [[287, 288], [287, 290], [290, 291], [290, 293]], "missing_branches": []}, "SourceManager.list_drive": {"executed_lines": [317, 319, 321, 322, 323, 324, 331, 332], "summary": {"covered_lines": 8, "num_statements": 8, "percent_covered": 91.66666666666667, "percent_covered_display": "92", "missing_lines": 0, "excluded_lines": 0, "percent_statements_covered": 100.0, "percent_statements_covered_display": "100", "num_branches": 4, "num_partial_branches": 1, "covered_branches": 3, "missing_branches": 1, "percent_branches_covered": 75.0, "percent_branches_covered_display": "75"}, "missing_lines": [], "excluded_lines": [], "start_line": 300, "executed_branches": [[322, 323], [322, 331], [323, 324]], "missing_branches": [[323, 322]]}, "SourceManager._is_valid_url": {"executed_lines": [340, 341], "summary": {"covered_lines": 2, "num_statements": 2, "percent_covered": 100.0, "percent_covered_display": "100", "missing_lines": 0, "excluded_lines": 0, "percent_statements_covered": 100.0, "percent_statements_covered_display": "100", "num_branches": 0, "num_partial_branches": 0, "covered_branches": 0, "missing_branches": 0, "percent_branches_covered": 100.0, "percent_branches_covered_display": "100"}, "missing_lines": [], "excluded_lines": [], "start_line": 338, "executed_branches": [], "missing_branches": []}, "SourceManager._is_youtube_url": {"executed_lines": [345, 351], "summary": {"covered_lines": 2, "num_statements": 2, "percent_covered": 100.0, "percent_covered_display": "100", "missing_lines": 0, "excluded_lines": 0, "percent_statements_covered": 100.0, "percent_statements_covered_display": "100", "num_branches": 0, "num_partial_branches": 0, "covered_branches": 0, "missing_branches": 0, "percent_branches_covered": 100.0, "percent_branches_covered_display": "100"}, "missing_lines": [], "excluded_lines": [], "start_line": 343, "executed_branches": [], "missing_branches": []}, "": {"executed_lines": [8, 9, 10, 12, 13, 18, 21, 35, 45, 96, 140, 188, 231, 267, 300, 338, 343], "summary": {"covered_lines": 17, "num_statements": 17, "percent_covered": 100.0, "percent_covered_display": "100", "missing_lines": 0, "excluded_lines": 2, "percent_statements_covered": 100.0, "percent_statements_covered_display": "100", "num_branches": 0, "num_partial_branches": 0, "covered_branches": 0, "missing_branches": 0, "percent_branches_covered": 100.0, "percent_branches_covered_display": "100"}, "missing_lines": [], "excluded_lines": [15, 16], "start_line": 1, "executed_branches": [], "missing_branches": []}}, "classes": {"SourceManager": {"executed_lines": [42, 43, 72, 73, 75, 76, 79, 80, 83, 84, 85, 87, 89, 91, 93, 94, 121, 124, 127, 128, 130, 132, 134, 135, 137, 138, 170, 173, 174, 176, 178, 180, 182, 183, 185, 186, 213, 216, 217, 219, 221, 223, 225, 226, 228, 229, 250, 251, 253, 255, 257, 258, 259, 264, 265, 287, 288, 290, 291, 293, 295, 297, 298, 317, 319, 321, 322, 323, 324, 331, 332, 340, 341, 345, 351], "summary": {"covered_lines": 75, "num_statements": 82, "percent_covered": 89.47368421052632, "percent_covered_display": "89", "missing_lines": 7, "excluded_lines": 0, "percent_statements_covered": 91.46341463414635, "percent_statements_covered_display": "91", "num_branches": 32, "num_partial_branches": 5, "covered_branches": 27, "missing_branches": 5, "percent_branches_covered": 84.375, "percent_branches_covered_display": "84"}, "missing_lines": [122, 125, 171, 214, 260, 261, 262], "excluded_lines": [], "start_line": 21, "executed_branches": [[72, 73], [72, 75], [75, 76], [75, 79], [79, 80], [79, 83], [83, 84], [83, 87], [121, 124], [124, 127], [127, 128], [127, 130], [170, 173], [173, 174], [173, 176], [213, 216], [216, 217], [216, 219], [250, 251], [250, 253], [287, 288], [287, 290], [290, 291], [290, 293], [322, 323], [322, 331], [323, 324]], "missing_branches": [[121, 122], [124, 125], [170, 171], [213, 214], [323, 322]]}, "": {"executed_lines": [8, 9, 10, 12, 13, 18, 21, 35, 45, 96, 140, 188, 231, 267, 300, 338, 343], "summary": {"covered_lines": 17, "num_statements": 17, "percent_covered": 100.0, "percent_covered_display": "100", "missing_lines": 0, "excluded_lines": 2, "percent_statements_covered": 100.0, "percent_statements_covered_display": "100", "num_branches": 0, "num_partial_branches": 0, "covered_branches": 0, "missing_branches": 0, "percent_branches_covered": 100.0, "percent_branches_covered_display": "100"}, "missing_lines": [], "excluded_lines": [15, 16], "start_line": 1, "executed_branches": [], "missing_branches": []}}}}, "totals": {"covered_lines": 1529, "num_statements": 1626, "percent_covered": 90.9875359539789, "percent_covered_display": "91", "missing_lines": 97, "excluded_lines": 8, "percent_statements_covered": 94.03444034440345, "percent_statements_covered_display": "94", "num_branches": 460, "num_partial_branches": 67, "covered_branches": 369, "missing_branches": 91, "percent_branches_covered": 80.21739130434783, "percent_branches_covered_display": "80"}}